\BOOKMARK [1][-]{Doc-Start}{\376\377\000D\000E\000D\000I\000C\000A\000T\000O\000R\000I\000A}{}% 1
\BOOKMARK [1][-]{Doc-Start}{\376\377\000A\000G\000R\000A\000D\000E\000C\000I\000M\000I\000E\000N\000T\000O\000S}{}% 2
\BOOKMARK [1][-]{Doc-Start}{\376\377\000H\000O\000J\000A\000\040\000D\000E\000\040\000A\000P\000R\000O\000B\000A\000C\000I\000\323\000N}{}% 3
\BOOKMARK [1][-]{Doc-Start}{\376\377\000R\000E\000S\000U\000M\000E\000N}{}% 4
\BOOKMARK [1][-]{Doc-Start}{\376\377\000A\000B\000S\000T\000R\000A\000C\000T}{}% 5
\BOOKMARK [1][-]{section.1}{\376\377\000I\000N\000T\000R\000O\000D\000U\000C\000C\000I\000\323\000N}{}% 6
\BOOKMARK [2][-]{subsection.1.1}{\376\377\000A\000n\000t\000e\000c\000e\000d\000e\000n\000t\000e\000s}{section.1}% 7
\BOOKMARK [2][-]{subsection.1.2}{\376\377\000E\000l\000\040\000p\000r\000o\000b\000l\000e\000m\000a}{section.1}% 8
\BOOKMARK [2][-]{subsection.1.3}{\376\377\000O\000b\000j\000e\000t\000i\000v\000o\000s\000\040\000d\000e\000l\000\040\000e\000s\000t\000u\000d\000i\000o}{section.1}% 9
\BOOKMARK [2][-]{subsection.1.4}{\376\377\000J\000u\000s\000t\000i\000f\000i\000c\000a\000c\000i\000\363\000n\000\040\000d\000e\000l\000\040\000e\000s\000t\000u\000d\000i\000o}{section.1}% 10
\BOOKMARK [2][-]{subsection.1.5}{\376\377\000O\000r\000g\000a\000n\000i\000z\000a\000c\000i\000\363\000n\000\040\000d\000e\000l\000\040\000e\000s\000t\000u\000d\000i\000o}{section.1}% 11
\BOOKMARK [1][-]{section.2}{\376\377\000M\000A\000R\000C\000O\000\040\000T\000E\000\323\000R\000I\000C\000O}{}% 12
\BOOKMARK [2][-]{subsection.2.1}{\376\377\000D\000e\000f\000i\000n\000i\000c\000i\000\363\000n\000\040\000d\000e\000\040\000s\000e\000r\000i\000e\000\040\000d\000e\000\040\000t\000i\000e\000m\000p\000o}{section.2}% 13
\BOOKMARK [2][-]{subsection.2.2}{\376\377\000C\000o\000m\000p\000o\000n\000e\000n\000t\000e\000s\000\040\000d\000e\000\040\000u\000n\000a\000\040\000s\000e\000r\000i\000e\000\040\000c\000r\000o\000n\000o\000l\000\363\000g\000i\000c\000a}{section.2}% 14
\BOOKMARK [3][-]{subsubsection.2.2.1}{\376\377\000L\000a\000\040\000t\000e\000n\000d\000e\000n\000c\000i\000a\000-\000c\000i\000c\000l\000o}{subsection.2.2}% 15
\BOOKMARK [3][-]{subsubsection.2.2.2}{\376\377\000C\000o\000m\000p\000o\000n\000e\000n\000t\000e\000s\000\040\000e\000s\000t\000a\000c\000i\000o\000n\000a\000l\000e\000s}{subsection.2.2}% 16
\BOOKMARK [3][-]{subsubsection.2.2.3}{\376\377\000C\000o\000m\000p\000o\000n\000e\000n\000t\000e\000\040\000i\000r\000r\000e\000g\000u\000l\000a\000r}{subsection.2.2}% 17
\BOOKMARK [2][-]{subsection.2.3}{\376\377\000S\000u\000p\000u\000e\000s\000t\000o\000s\000\040\000e\000n\000\040\000e\000l\000\040\000a\000n\000\341\000l\000i\000s\000i\000s\000\040\000d\000e\000\040\000s\000e\000r\000i\000e\000s\000\040\000c\000r\000o\000n\000o\000l\000\363\000g\000i\000c\000a\000s}{section.2}% 18
\BOOKMARK [2][-]{subsection.2.4}{\376\377\000I\000d\000e\000n\000t\000i\000f\000i\000c\000a\000c\000i\000\363\000n\000\040\000d\000e\000l\000\040\000m\000o\000d\000e\000l\000o}{section.2}% 19
\BOOKMARK [2][-]{subsection.2.5}{\376\377\000M\000o\000d\000e\000l\000o\000s\000\040\000A\000u\000t\000o\000r\000r\000e\000g\000r\000e\000s\000i\000v\000o\000s\000\040\000I\000n\000t\000e\000g\000r\000a\000d\000o\000s\000\040\000d\000e\000\040\000M\000e\000d\000i\000a\000s\000\040\000M\000\363\000v\000i\000l\000e\000s\000\040\000\050\000A\000R\000I\000M\000A\000\051}{section.2}% 20
\BOOKMARK [3][-]{subsubsection.2.5.1}{\376\377\000E\000c\000u\000a\000c\000i\000\363\000n\000\040\000d\000e\000\040\000W\000o\000l\000d}{subsection.2.5}% 21
\BOOKMARK [3][-]{subsubsection.2.5.2}{\376\377\000M\000e\000t\000o\000d\000o\000l\000o\000g\000\355\000a\000\040\000B\000o\000x\000-\000J\000e\000n\000k\000i\000n\000s}{subsection.2.5}% 22
\BOOKMARK [3][-]{subsubsection.2.5.3}{\376\377\000M\000o\000d\000e\000l\000o\000s\000\040\000A\000u\000t\000o\000r\000r\000e\000g\000r\000e\000s\000i\000v\000o\000s}{subsection.2.5}% 23
\BOOKMARK [3][-]{subsubsection.2.5.4}{\376\377\000M\000o\000d\000e\000l\000o\000s\000\040\000d\000e\000\040\000M\000e\000d\000i\000a\000s\000\040\000M\000\363\000v\000i\000l\000e\000s}{subsection.2.5}% 24
\BOOKMARK [3][-]{subsubsection.2.5.5}{\376\377\000M\000o\000d\000e\000l\000o\000s\000\040\000A\000R\000I\000M\000A}{subsection.2.5}% 25
\BOOKMARK [2][-]{subsection.2.6}{\376\377\000L\000o\000s\000\040\000a\000u\000t\000o\000c\000o\000r\000r\000e\000l\000o\000g\000r\000a\000m\000a\000s}{section.2}% 26
\BOOKMARK [2][-]{subsection.2.7}{\376\377\000L\000a\000\040\000s\000o\000b\000r\000e\000p\000a\000r\000a\000m\000e\000t\000r\000i\000z\000a\000c\000i\000\363\000n\000\040\000y\000\040\000e\000l\000\040\000a\000n\000\341\000l\000i\000s\000i\000s\000\040\000c\000o\000m\000b\000i\000n\000a\000t\000o\000r\000i\000o}{section.2}% 27
\BOOKMARK [1][-]{section.3}{\376\377\000M\000E\000T\000O\000D\000O\000L\000O\000G\000\315\000A}{}% 28
\BOOKMARK [2][-]{subsection.3.1}{\376\377\000M\000a\000t\000e\000r\000i\000a\000l\000e\000s}{section.3}% 29
\BOOKMARK [3][-]{subsubsection.3.1.1}{\376\377\000T\000a\000s\000a\000\040\000d\000e\000\040\000m\000o\000r\000t\000a\000l\000i\000d\000a\000d\000\040\000i\000n\000f\000a\000n\000t\000i\000l\000\040\000i\000n\000t\000e\000r\000a\000n\000u\000a\000l}{subsection.3.1}% 30
\BOOKMARK [3][-]{subsubsection.3.1.2}{\376\377\000M\000o\000r\000t\000a\000l\000i\000d\000a\000d\000\040\000p\000o\000r\000\040\000c\000a\000u\000s\000a\000\040\000e\000x\000t\000e\000r\000n\000a}{subsection.3.1}% 31
\BOOKMARK [3][-]{subsubsection.3.1.3}{\376\377\000I\000n\000c\000e\000n\000t\000i\000v\000o\000s\000\040\000s\000a\000l\000a\000r\000i\000a\000l\000e\000s\000\040\000d\000e\000l\000\040\000s\000e\000c\000t\000o\000r\000\040\000p\000\372\000b\000l\000i\000c\000o}{subsection.3.1}% 32
\BOOKMARK [3][-]{subsubsection.3.1.4}{\376\377\000I\000n\000t\000e\000r\000e\000s\000e\000s\000\040\000y\000\040\000c\000o\000m\000i\000s\000i\000o\000n\000e\000s\000\040\000d\000e\000l\000\040\000s\000e\000c\000t\000o\000r\000\040\000p\000\372\000b\000l\000i\000c\000o}{subsection.3.1}% 33
\BOOKMARK [3][-]{subsubsection.3.1.5}{\376\377\000H\000e\000r\000r\000a\000m\000i\000e\000n\000t\000a\000s\000\040\000a\000n\000a\000l\000\355\000t\000i\000c\000a\000s}{subsection.3.1}% 34
\BOOKMARK [3][-]{subsubsection.3.1.6}{\376\377\000P\000r\000o\000c\000e\000d\000i\000m\000i\000e\000n\000t\000o\000\040\000d\000e\000\040\000s\000i\000m\000u\000l\000a\000c\000i\000\363\000n}{subsection.3.1}% 35
\BOOKMARK [2][-]{subsection.3.2}{\376\377\000M\000\351\000t\000o\000d\000o\000s}{section.3}% 36
\BOOKMARK [3][-]{subsubsection.3.2.1}{\376\377\000A\000n\000\341\000l\000i\000s\000i\000s\000\040\000e\000x\000p\000l\000o\000r\000a\000t\000o\000r\000i\000o}{subsection.3.2}% 37
\BOOKMARK [3][-]{subsubsection.3.2.2}{\376\377\000P\000a\000r\000t\000i\000c\000i\000\363\000n\000\040\000d\000e\000\040\000l\000o\000s\000\040\000d\000a\000t\000o\000s}{subsection.3.2}% 38
\BOOKMARK [3][-]{subsubsection.3.2.3}{\376\377\000I\000d\000e\000n\000t\000i\000f\000i\000c\000a\000c\000i\000\363\000n\000\040\000y\000\040\000e\000s\000t\000i\000m\000a\000c\000i\000\363\000n\000\040\000d\000e\000l\000\040\000m\000e\000j\000o\000r\000\040\000m\000o\000d\000e\000l\000o\000\040\000s\000e\000g\000\372\000n\000\040\000l\000a\000\040\000f\000u\000n\000c\000i\000\363\000n\000\040\000a\000u\000t\000o\000.\000a\000r\000i\000m\000a\000\050\000\051}{subsection.3.2}% 39
\BOOKMARK [3][-]{subsubsection.3.2.4}{\376\377\000I\000d\000e\000n\000t\000i\000f\000i\000c\000a\000c\000i\000\363\000n\000\040\000y\000\040\000e\000s\000t\000i\000m\000a\000c\000i\000\363\000n\000\040\000d\000e\000l\000\040\000m\000e\000j\000o\000r\000\040\000m\000o\000d\000e\000l\000o\000\040\000c\000o\000n\000\040\000s\000o\000b\000r\000e\000p\000a\000r\000a\000m\000e\000t\000r\000i\000z\000a\000c\000i\000\363\000n}{subsection.3.2}% 40
\BOOKMARK [3][-]{subsubsection.3.2.5}{\376\377\000E\000s\000t\000i\000m\000a\000c\000i\000\363\000n\000\040\000d\000e\000\040\000u\000n\000\040\000m\000o\000d\000e\000l\000o\000\040\000A\000R\000I\000M\000A\000\040\000e\000s\000t\000\341\000n\000d\000a\000r}{subsection.3.2}% 41
\BOOKMARK [3][-]{subsubsection.3.2.6}{\376\377\000A\000n\000\341\000l\000i\000s\000i\000s\000\040\000v\000i\000s\000u\000a\000l\000\040\000d\000e\000\040\000l\000o\000s\000\040\000e\000r\000r\000o\000r\000e\000s}{subsection.3.2}% 42
\BOOKMARK [3][-]{subsubsection.3.2.7}{\376\377\000M\000e\000d\000i\000d\000a\000s\000\040\000d\000e\000\040\000b\000o\000n\000d\000a\000d\000\040\000d\000e\000\040\000a\000j\000u\000s\000t\000e\000\040\000y\000\040\000d\000e\000\040\000r\000e\000n\000d\000i\000m\000i\000e\000n\000t\000o}{subsection.3.2}% 43
\BOOKMARK [4][-]{paragraph.3.2.7.1}{\376\377\000A\000I\000C}{subsubsection.3.2.7}% 44
\BOOKMARK [4][-]{paragraph.3.2.7.2}{\376\377\000A\000I\000C\000c}{subsubsection.3.2.7}% 45
\BOOKMARK [4][-]{paragraph.3.2.7.3}{\376\377\000B\000I\000C}{subsubsection.3.2.7}% 46
\BOOKMARK [4][-]{paragraph.3.2.7.4}{\376\377\000M\000A\000E}{subsubsection.3.2.7}% 47
\BOOKMARK [4][-]{paragraph.3.2.7.5}{\376\377\000M\000A\000S\000E}{subsubsection.3.2.7}% 48
\BOOKMARK [4][-]{paragraph.3.2.7.6}{\376\377\000R\000M\000S\000E}{subsubsection.3.2.7}% 49
\BOOKMARK [3][-]{subsubsection.3.2.8}{\376\377\000P\000r\000o\000n\000\363\000s\000t\000i\000c\000o\000s}{subsection.3.2}% 50
\BOOKMARK [3][-]{subsubsection.3.2.9}{\376\377\000T\000i\000e\000m\000p\000o\000\040\000d\000e\000\040\000p\000r\000o\000c\000e\000s\000a\000m\000i\000e\000n\000t\000o}{subsection.3.2}% 51
\BOOKMARK [3][-]{subsubsection.3.2.10}{\376\377\000R\000e\000s\000u\000m\000e\000n\000\040\000d\000e\000\040\000l\000a\000\040\000f\000o\000r\000m\000a\000\040\000d\000e\000\040\000a\000n\000\341\000l\000i\000s\000i\000s}{subsection.3.2}% 52
\BOOKMARK [1][-]{section.4}{\376\377\000R\000E\000S\000U\000L\000T\000A\000D\000O\000S}{}% 53
\BOOKMARK [2][-]{subsection.4.1}{\376\377\000C\000o\000n\000t\000r\000a\000s\000t\000e\000\040\000d\000e\000\040\000m\000\351\000t\000o\000d\000o\000s\000\040\000d\000e\000\040\000e\000s\000t\000i\000m\000a\000c\000i\000\363\000n\000\040\000d\000e\000\040\000l\000o\000s\000\040\000A\000R\000I\000M\000A\000\040\000p\000a\000r\000a\000\040\000l\000a\000s\000\040\000s\000e\000r\000i\000e\000s\000\040\000s\000i\000m\000u\000l\000a\000d\000a\000s}{section.4}% 54
\BOOKMARK [3][-]{subsubsection.4.1.1}{\376\377\000A\000n\000\341\000l\000i\000s\000i\000s\000\040\000e\000x\000p\000l\000o\000r\000a\000t\000o\000r\000i\000o}{subsection.4.1}% 55
\BOOKMARK [3][-]{subsubsection.4.1.2}{\376\377\000P\000a\000r\000t\000i\000c\000i\000\363\000n\000\040\000d\000e\000\040\000l\000o\000s\000\040\000d\000a\000t\000o\000s}{subsection.4.1}% 56
\BOOKMARK [3][-]{subsubsection.4.1.3}{\376\377\000I\000d\000e\000n\000t\000i\000f\000i\000c\000a\000c\000i\000\363\000n\000\040\000y\000\040\000e\000s\000t\000i\000m\000a\000c\000i\000\363\000n}{subsection.4.1}% 57
\BOOKMARK [3][-]{subsubsection.4.1.4}{\376\377\000A\000n\000\341\000l\000i\000s\000i\000s\000\040\000d\000e\000\040\000l\000o\000s\000\040\000e\000r\000r\000o\000r\000e\000s}{subsection.4.1}% 58
\BOOKMARK [3][-]{subsubsection.4.1.5}{\376\377\000M\000e\000d\000i\000d\000a\000s\000\040\000d\000e\000\040\000b\000o\000n\000d\000a\000d\000\040\000d\000e\000\040\000a\000j\000u\000s\000t\000e\000\040\000y\000\040\000d\000e\000\040\000r\000e\000n\000d\000i\000m\000i\000e\000n\000t\000o}{subsection.4.1}% 59
\BOOKMARK [3][-]{subsubsection.4.1.6}{\376\377\000E\000s\000t\000i\000m\000a\000c\000i\000\363\000n\000\040\000e\000n\000\040\000e\000l\000\040\000p\000e\000r\000i\000o\000d\000o\000\040\000d\000e\000\040\000v\000a\000l\000i\000d\000a\000c\000i\000\363\000n}{subsection.4.1}% 60
\BOOKMARK [2][-]{subsection.4.2}{\376\377\000C\000o\000n\000t\000r\000a\000s\000t\000e\000\040\000d\000e\000\040\000m\000\351\000t\000o\000d\000o\000s\000\040\000d\000e\000\040\000e\000s\000t\000i\000m\000a\000c\000i\000\363\000n\000\040\000d\000e\000\040\000l\000o\000s\000\040\000A\000R\000I\000M\000A\000\040\000p\000a\000r\000a\000\040\000l\000a\000s\000\040\000s\000e\000r\000i\000e\000s\000\040\000e\000m\000p\000\355\000r\000i\000c\000a\000s}{section.4}% 61
\BOOKMARK [3][-]{subsubsection.4.2.1}{\376\377\000A\000n\000\341\000l\000i\000s\000i\000s\000\040\000e\000x\000p\000l\000o\000r\000a\000t\000o\000r\000i\000o}{subsection.4.2}% 62
\BOOKMARK [4][-]{paragraph.4.2.1.1}{\376\377\000T\000a\000s\000a\000\040\000d\000e\000\040\000m\000o\000r\000t\000a\000l\000i\000d\000a\000d\000\040\000i\000n\000f\000a\000n\000t\000i\000l\000\040\000i\000n\000t\000e\000r\000a\000n\000u\000a\000l}{subsubsection.4.2.1}% 63
\BOOKMARK [4][-]{paragraph.4.2.1.2}{\376\377\000I\000n\000c\000e\000n\000t\000i\000v\000o\000s\000\040\000s\000a\000l\000a\000r\000i\000a\000l\000e\000s\000\040\000d\000e\000l\000\040\000s\000e\000c\000t\000o\000r\000\040\000p\000\372\000b\000l\000i\000c\000o}{subsubsection.4.2.1}% 64
\BOOKMARK [4][-]{paragraph.4.2.1.3}{\376\377\000M\000o\000r\000t\000a\000l\000i\000d\000a\000d\000\040\000p\000o\000r\000\040\000c\000a\000u\000s\000a\000\040\000e\000x\000t\000e\000r\000n\000a}{subsubsection.4.2.1}% 65
\BOOKMARK [4][-]{paragraph.4.2.1.4}{\376\377\000I\000n\000t\000e\000r\000e\000s\000e\000s\000\040\000y\000\040\000c\000o\000m\000i\000s\000i\000o\000n\000e\000s\000\040\000d\000e\000l\000\040\000s\000e\000c\000t\000o\000r\000\040\000p\000\372\000b\000l\000i\000c\000o}{subsubsection.4.2.1}% 66
\BOOKMARK [3][-]{subsubsection.4.2.2}{\376\377\000P\000a\000r\000t\000i\000c\000i\000\363\000n\000\040\000d\000e\000\040\000l\000o\000s\000\040\000d\000a\000t\000o\000s}{subsection.4.2}% 67
\BOOKMARK [3][-]{subsubsection.4.2.3}{\376\377\000I\000d\000e\000n\000t\000i\000f\000i\000c\000a\000c\000i\000\363\000n\000\040\000y\000\040\000e\000s\000t\000i\000m\000a\000c\000i\000\363\000n}{subsection.4.2}% 68
\BOOKMARK [3][-]{subsubsection.4.2.4}{\376\377\000A\000n\000\341\000l\000i\000s\000i\000s\000\040\000d\000e\000\040\000l\000o\000s\000\040\000e\000r\000r\000o\000r\000e\000s}{subsection.4.2}% 69
\BOOKMARK [3][-]{subsubsection.4.2.5}{\376\377\000M\000e\000d\000i\000d\000a\000s\000\040\000d\000e\000\040\000b\000o\000n\000d\000a\000d\000\040\000d\000e\000\040\000a\000j\000u\000s\000t\000e\000\040\000y\000\040\000d\000e\000\040\000p\000r\000e\000c\000i\000s\000i\000\363\000n}{subsection.4.2}% 70
\BOOKMARK [3][-]{subsubsection.4.2.6}{\376\377\000E\000s\000t\000i\000m\000a\000c\000i\000\363\000n\000\040\000e\000n\000\040\000e\000l\000\040\000p\000e\000r\000i\000o\000d\000o\000\040\000d\000e\000\040\000v\000a\000l\000i\000d\000a\000c\000i\000\363\000n}{subsection.4.2}% 71
\BOOKMARK [2][-]{subsection.4.3}{\376\377\000R\000e\000s\000u\000m\000e\000n\000\040\000d\000e\000\040\000r\000e\000s\000u\000l\000t\000a\000d\000o\000s}{section.4}% 72
\BOOKMARK [1][-]{section.5}{\376\377\000C\000O\000N\000C\000L\000U\000S\000I\000\323\000N\000\040\000Y\000\040\000D\000I\000S\000C\000U\000S\000I\000O\000N\000E\000S}{}% 73
\BOOKMARK [2][-]{subsection.5.1}{\376\377\000C\000o\000n\000c\000l\000u\000s\000i\000o\000n\000e\000s}{section.5}% 74
\BOOKMARK [2][-]{subsection.5.2}{\376\377\000D\000i\000s\000c\000u\000s\000i\000o\000n\000e\000s}{section.5}% 75
\BOOKMARK [1][-]{section.6}{\376\377\000A\000N\000E\000X\000O\000S}{}% 76
\BOOKMARK [2][-]{subsection.6.1}{\376\377\000A\000n\000e\000x\000o\000\040\0001}{section.6}% 77
\BOOKMARK [2][-]{subsection.6.2}{\376\377\000A\000n\000e\000x\000o\000\040\0002}{section.6}% 78
\BOOKMARK [2][-]{subsection.6.3}{\376\377\000A\000n\000e\000x\000o\000\040\0003}{section.6}% 79
\BOOKMARK [2][-]{subsection.6.4}{\376\377\000A\000n\000e\000x\000o\000\040\0004}{section.6}% 80
\BOOKMARK [2][-]{subsection.6.5}{\376\377\000A\000n\000e\000x\000o\000\040\0005}{section.6}% 81
\BOOKMARK [2][-]{subsection.6.6}{\376\377\000A\000n\000e\000x\000o\000\040\0006}{section.6}% 82
\BOOKMARK [2][-]{subsection.6.7}{\376\377\000A\000n\000e\000x\000o\000\040\0007}{section.6}% 83
\BOOKMARK [2][-]{subsection.6.8}{\376\377\000A\000n\000e\000x\000o\000\040\0008}{section.6}% 84
\BOOKMARK [2][-]{subsection.6.9}{\376\377\000A\000n\000e\000x\000o\000\040\0009}{section.6}% 85
\BOOKMARK [2][-]{subsection.6.10}{\376\377\000A\000n\000e\000x\000o\000\040\0001\0000}{section.6}% 86
\BOOKMARK [2][-]{subsection.6.11}{\376\377\000A\000n\000e\000x\000o\000\040\0001\0001}{section.6}% 87
\BOOKMARK [2][-]{subsection.6.12}{\376\377\000A\000n\000e\000x\000o\000\040\0001\0002}{section.6}% 88
\BOOKMARK [2][-]{subsection.6.13}{\376\377\000A\000n\000e\000x\000o\000\040\0001\0003}{section.6}% 89
\BOOKMARK [2][-]{subsection.6.14}{\376\377\000A\000n\000e\000x\000o\000\040\0001\0004}{section.6}% 90
\BOOKMARK [2][-]{subsection.6.15}{\376\377\000A\000n\000e\000x\000o\000\040\0001\0005}{section.6}% 91
\BOOKMARK [2][-]{subsection.6.16}{\376\377\000A\000n\000e\000x\000o\000\040\0001\0006}{section.6}% 92
\BOOKMARK [2][-]{subsection.6.17}{\376\377\000A\000n\000e\000x\000o\000\040\0001\0007}{section.6}% 93
\BOOKMARK [2][-]{subsection.6.18}{\376\377\000A\000n\000e\000x\000o\000\040\0001\0008}{section.6}% 94
\BOOKMARK [2][-]{subsection.6.19}{\376\377\000A\000n\000e\000x\000o\000\040\0001\0009}{section.6}% 95
\BOOKMARK [2][-]{subsection.6.20}{\376\377\000A\000n\000e\000x\000o\000\040\0002\0000}{section.6}% 96
\BOOKMARK [2][-]{subsection.6.21}{\376\377\000A\000n\000e\000x\000o\000\040\0002\0001}{section.6}% 97
\BOOKMARK [2][-]{subsection.6.22}{\376\377\000A\000n\000e\000x\000o\000\040\0002\0002}{section.6}% 98
\BOOKMARK [2][-]{subsection.6.23}{\376\377\000A\000n\000e\000x\000o\000\040\0002\0003}{section.6}% 99
\BOOKMARK [2][-]{subsection.6.24}{\376\377\000A\000n\000e\000x\000o\000\040\0002\0004}{section.6}% 100
\BOOKMARK [2][-]{subsection.6.25}{\376\377\000A\000n\000e\000x\000o\000\040\0002\0005}{section.6}% 101
\BOOKMARK [2][-]{subsection.6.26}{\376\377\000A\000n\000e\000x\000o\000\040\0002\0006}{section.6}% 102
\BOOKMARK [2][-]{subsection.6.27}{\376\377\000A\000n\000e\000x\000o\000\040\0002\0007}{section.6}% 103
\BOOKMARK [2][-]{subsection.6.28}{\376\377\000A\000n\000e\000x\000o\000\040\0002\0008}{section.6}% 104
\BOOKMARK [2][-]{subsection.6.29}{\376\377\000A\000n\000e\000x\000o\000\040\0002\0009}{section.6}% 105
\BOOKMARK [2][-]{subsection.6.30}{\376\377\000A\000n\000e\000x\000o\000\040\0003\0000}{section.6}% 106
\BOOKMARK [2][-]{subsection.6.31}{\376\377\000A\000n\000e\000x\000o\000\040\0003\0001}{section.6}% 107
\BOOKMARK [2][-]{subsection.6.32}{\376\377\000A\000n\000e\000x\000o\000\040\0003\0002}{section.6}% 108
\BOOKMARK [2][-]{subsection.6.33}{\376\377\000A\000n\000e\000x\000o\000\040\0003\0003}{section.6}% 109
\BOOKMARK [2][-]{subsection.6.34}{\376\377\000A\000n\000e\000x\000o\000\040\0003\0004}{section.6}% 110
\BOOKMARK [2][-]{subsection.6.35}{\376\377\000A\000n\000e\000x\000o\000\040\0003\0005}{section.6}% 111
\BOOKMARK [2][-]{subsection.6.36}{\376\377\000A\000n\000e\000x\000o\000\040\0003\0006}{section.6}% 112
\BOOKMARK [2][-]{subsection.6.37}{\376\377\000A\000n\000e\000x\000o\000\040\0003\0007}{section.6}% 113
\BOOKMARK [2][-]{subsection.6.38}{\376\377\000A\000n\000e\000x\000o\000\040\0003\0008}{section.6}% 114
\BOOKMARK [2][-]{subsection.6.39}{\376\377\000A\000n\000e\000x\000o\000\040\0003\0009}{section.6}% 115
\BOOKMARK [2][-]{subsection.6.40}{\376\377\000A\000n\000e\000x\000o\000\040\0004\0000}{section.6}% 116
\BOOKMARK [2][-]{subsection.6.41}{\376\377\000A\000n\000e\000x\000o\000\040\0004\0001}{section.6}% 117
\BOOKMARK [2][-]{subsection.6.42}{\376\377\000A\000n\000e\000x\000o\000\040\0004\0002}{section.6}% 118
\BOOKMARK [2][-]{subsection.6.43}{\376\377\000A\000n\000e\000x\000o\000\040\0004\0003}{section.6}% 119
\BOOKMARK [1][-]{section.7}{\376\377\000R\000E\000F\000E\000R\000E\000N\000C\000I\000A\000S}{}% 120
