This is pdfTeX, Version 3.141592653-2.6-1.40.23 (TeX Live 2021/W32TeX) (preloaded format=pdflatex 2022.2.10)  23 FEB 2022 14:35
entering extended mode
 restricted \write18 enabled.
 %&-line parsing enabled.
**Examen_de_candidatura.tex
(./Examen_de_candidatura.tex
LaTeX2e <2021-11-15> patch level 1
L3 programming layer <2022-02-05> (c:/Users/Dell/AppData/Roaming/TinyTeX/texmf-
dist/tex/latex/base/article.cls
Document Class: article 2021/10/04 v1.4n Standard LaTeX document class
(c:/Users/Dell/AppData/Roaming/TinyTeX/texmf-dist/tex/latex/base/size10.clo
File: size10.clo 2021/10/04 v1.4n Standard LaTeX file (size option)
)
\c@part=\count185
\c@section=\count186
\c@subsection=\count187
\c@subsubsection=\count188
\c@paragraph=\count189
\c@subparagraph=\count190
\c@figure=\count191
\c@table=\count192
\abovecaptionskip=\skip47
\belowcaptionskip=\skip48
\bibindent=\dimen138
)
(c:/Users/Dell/AppData/Roaming/TinyTeX/texmf-dist/tex/latex/etoolbox/etoolbox.s
ty
Package: etoolbox 2020/10/05 v2.5k e-TeX tools for LaTeX (JAW)
\etb@tempcnta=\count193
)
(c:/Users/Dell/AppData/Roaming/TinyTeX/texmf-dist/tex/latex/amsmath/amsmath.sty
Package: amsmath 2021/10/15 v2.17l AMS math features
\@mathmargin=\skip49
For additional information on amsmath, use the `?' option.

(c:/Users/Dell/AppData/Roaming/TinyTeX/texmf-dist/tex/latex/amsmath/amstext.sty
Package: amstext 2021/08/26 v2.01 AMS text
(c:/Users/Dell/AppData/Roaming/TinyTeX/texmf-dist/tex/latex/amsmath/amsgen.sty
File: amsgen.sty 1999/11/30 v2.0 generic functions
\@emptytoks=\toks16
\ex@=\dimen139
)) (c:/Users/Dell/AppData/Roaming/TinyTeX/texmf-dist/tex/latex/amsmath/amsbsy.s
ty
Package: amsbsy 1999/11/29 v1.2d Bold Symbols
\pmbraise@=\dimen140
) (c:/Users/Dell/AppData/Roaming/TinyTeX/texmf-dist/tex/latex/amsmath/amsopn.st
y
Package: amsopn 2021/08/26 v2.02 operator names
)
\inf@bad=\count194
LaTeX Info: Redefining \frac on input line 234.
\uproot@=\count195
\leftroot@=\count196
LaTeX Info: Redefining \overline on input line 399.
\classnum@=\count197
\DOTSCASE@=\count198
LaTeX Info: Redefining \ldots on input line 496.
LaTeX Info: Redefining \dots on input line 499.
LaTeX Info: Redefining \cdots on input line 620.
\Mathstrutbox@=\box50
\strutbox@=\box51
\big@size=\dimen141
LaTeX Font Info:    Redeclaring font encoding OML on input line 743.
LaTeX Font Info:    Redeclaring font encoding OMS on input line 744.
\macc@depth=\count199
\c@MaxMatrixCols=\count266
\dotsspace@=\muskip16
\c@parentequation=\count267
\dspbrk@lvl=\count268
\tag@help=\toks17
\row@=\count269
\column@=\count270
\maxfields@=\count271
\andhelp@=\toks18
\eqnshift@=\dimen142
\alignsep@=\dimen143
\tagshift@=\dimen144
\tagwidth@=\dimen145
\totwidth@=\dimen146
\lineht@=\dimen147
\@envbody=\toks19
\multlinegap=\skip50
\multlinetaggap=\skip51
\mathdisplay@stack=\toks20
LaTeX Info: Redefining \[ on input line 2938.
LaTeX Info: Redefining \] on input line 2939.
)
(c:/Users/Dell/AppData/Roaming/TinyTeX/texmf-dist/tex/latex/amsfonts/amssymb.st
y
Package: amssymb 2013/01/14 v3.01 AMS font symbols

(c:/Users/Dell/AppData/Roaming/TinyTeX/texmf-dist/tex/latex/amsfonts/amsfonts.s
ty
Package: amsfonts 2013/01/14 v3.01 Basic AMSFonts support
\symAMSa=\mathgroup4
\symAMSb=\mathgroup5
LaTeX Font Info:    Redeclaring math symbol \hbar on input line 98.
LaTeX Font Info:    Overwriting math alphabet `\mathfrak' in version `bold'
(Font)                  U/euf/m/n --> U/euf/b/n on input line 106.
)) (c:/Users/Dell/AppData/Roaming/TinyTeX/texmf-dist/tex/latex/lm/lmodern.sty
Package: lmodern 2015/05/01 v1.6.1 Latin Modern Fonts
LaTeX Font Info:    Overwriting symbol font `operators' in version `normal'
(Font)                  OT1/cmr/m/n --> OT1/lmr/m/n on input line 22.
LaTeX Font Info:    Overwriting symbol font `letters' in version `normal'
(Font)                  OML/cmm/m/it --> OML/lmm/m/it on input line 23.
LaTeX Font Info:    Overwriting symbol font `symbols' in version `normal'
(Font)                  OMS/cmsy/m/n --> OMS/lmsy/m/n on input line 24.
LaTeX Font Info:    Overwriting symbol font `largesymbols' in version `normal'
(Font)                  OMX/cmex/m/n --> OMX/lmex/m/n on input line 25.
LaTeX Font Info:    Overwriting symbol font `operators' in version `bold'
(Font)                  OT1/cmr/bx/n --> OT1/lmr/bx/n on input line 26.
LaTeX Font Info:    Overwriting symbol font `letters' in version `bold'
(Font)                  OML/cmm/b/it --> OML/lmm/b/it on input line 27.
LaTeX Font Info:    Overwriting symbol font `symbols' in version `bold'
(Font)                  OMS/cmsy/b/n --> OMS/lmsy/b/n on input line 28.
LaTeX Font Info:    Overwriting symbol font `largesymbols' in version `bold'
(Font)                  OMX/cmex/m/n --> OMX/lmex/m/n on input line 29.
LaTeX Font Info:    Overwriting math alphabet `\mathbf' in version `normal'
(Font)                  OT1/cmr/bx/n --> OT1/lmr/bx/n on input line 31.
LaTeX Font Info:    Overwriting math alphabet `\mathsf' in version `normal'
(Font)                  OT1/cmss/m/n --> OT1/lmss/m/n on input line 32.
LaTeX Font Info:    Overwriting math alphabet `\mathit' in version `normal'
(Font)                  OT1/cmr/m/it --> OT1/lmr/m/it on input line 33.
LaTeX Font Info:    Overwriting math alphabet `\mathtt' in version `normal'
(Font)                  OT1/cmtt/m/n --> OT1/lmtt/m/n on input line 34.
LaTeX Font Info:    Overwriting math alphabet `\mathbf' in version `bold'
(Font)                  OT1/cmr/bx/n --> OT1/lmr/bx/n on input line 35.
LaTeX Font Info:    Overwriting math alphabet `\mathsf' in version `bold'
(Font)                  OT1/cmss/bx/n --> OT1/lmss/bx/n on input line 36.
LaTeX Font Info:    Overwriting math alphabet `\mathit' in version `bold'
(Font)                  OT1/cmr/bx/it --> OT1/lmr/bx/it on input line 37.
LaTeX Font Info:    Overwriting math alphabet `\mathtt' in version `bold'
(Font)                  OT1/cmtt/m/n --> OT1/lmtt/m/n on input line 38.
) (c:/Users/Dell/AppData/Roaming/TinyTeX/texmf-dist/tex/generic/iftex/iftex.sty
Package: iftex 2022/02/03 v1.0f TeX engine tests
) (c:/Users/Dell/AppData/Roaming/TinyTeX/texmf-dist/tex/latex/base/fontenc.sty
Package: fontenc 2021/04/29 v2.0v Standard LaTeX package
LaTeX Font Info:    Trying to load font information for T1+lmr on input line 11
2.
(c:/Users/Dell/AppData/Roaming/TinyTeX/texmf-dist/tex/latex/lm/t1lmr.fd
File: t1lmr.fd 2015/05/01 v1.6.1 Font defs for Latin Modern
)) (c:/Users/Dell/AppData/Roaming/TinyTeX/texmf-dist/tex/latex/base/inputenc.st
y
Package: inputenc 2021/02/14 v1.3d Input encoding file
\inpenc@prehook=\toks21
\inpenc@posthook=\toks22
) (c:/Users/Dell/AppData/Roaming/TinyTeX/texmf-dist/tex/latex/base/textcomp.sty
Package: textcomp 2020/02/02 v2.0n Standard LaTeX package
)
(c:/Users/Dell/AppData/Roaming/TinyTeX/texmf-dist/tex/latex/upquote/upquote.sty
Package: upquote 2012/04/19 v1.3 upright-quote and grave-accent glyphs in verba
tim
)
(c:/Users/Dell/AppData/Roaming/TinyTeX/texmf-dist/tex/latex/parskip/parskip.sty
Package: parskip 2021-03-14 v2.0h non-zero parskip adjustments

(c:/Users/Dell/AppData/Roaming/TinyTeX/texmf-dist/tex/latex/kvoptions/kvoptions
.sty
Package: kvoptions 2020-10-07 v3.14 Key value format for package options (HO)

(c:/Users/Dell/AppData/Roaming/TinyTeX/texmf-dist/tex/latex/graphics/keyval.sty
Package: keyval 2014/10/28 v1.15 key=value parser (DPC)
\KV@toks@=\toks23
)
(c:/Users/Dell/AppData/Roaming/TinyTeX/texmf-dist/tex/generic/ltxcmds/ltxcmds.s
ty
Package: ltxcmds 2020-05-10 v1.25 LaTeX kernel commands for general use (HO)
)
(c:/Users/Dell/AppData/Roaming/TinyTeX/texmf-dist/tex/generic/kvsetkeys/kvsetke
ys.sty
Package: kvsetkeys 2019/12/15 v1.18 Key value parser (HO)
))) (c:/Users/Dell/AppData/Roaming/TinyTeX/texmf-dist/tex/latex/xcolor/xcolor.s
ty
Package: xcolor 2021/10/31 v2.13 LaTeX color extensions (UK)

(c:/Users/Dell/AppData/Roaming/TinyTeX/texmf-dist/tex/latex/graphics-cfg/color.
cfg
File: color.cfg 2016/01/02 v1.6 sample color configuration
)
Package xcolor Info: Driver file: pdftex.def on input line 227.

(c:/Users/Dell/AppData/Roaming/TinyTeX/texmf-dist/tex/latex/graphics-def/pdftex
.def
File: pdftex.def 2020/10/05 v1.2a Graphics/color driver for pdftex
)
Package xcolor Info: Model `cmy' substituted by `cmy0' on input line 1352.
Package xcolor Info: Model `hsb' substituted by `rgb' on input line 1356.
Package xcolor Info: Model `RGB' extended on input line 1368.
Package xcolor Info: Model `HTML' substituted by `rgb' on input line 1370.
Package xcolor Info: Model `Hsb' substituted by `hsb' on input line 1371.
Package xcolor Info: Model `tHsb' substituted by `hsb' on input line 1372.
Package xcolor Info: Model `HSB' substituted by `hsb' on input line 1373.
Package xcolor Info: Model `Gray' substituted by `gray' on input line 1374.
Package xcolor Info: Model `wave' substituted by `hsb' on input line 1375.

(c:/Users/Dell/AppData/Roaming/TinyTeX/texmf-dist/tex/latex/graphics/dvipsnam.d
ef
File: dvipsnam.def 2016/06/17 v3.0m Driver-dependent file (DPC,SPQR)
) (c:/Users/Dell/AppData/Roaming/TinyTeX/texmf-dist/tex/latex/xcolor/svgnam.def
File: svgnam.def 2021/10/31 v2.13 Predefined colors according to SVG 1.1 (UK)
) (c:/Users/Dell/AppData/Roaming/TinyTeX/texmf-dist/tex/latex/xcolor/x11nam.def
File: x11nam.def 2021/10/31 v2.13 Predefined colors according to Unix/X11 (UK)
))
(c:/Users/Dell/AppData/Roaming/TinyTeX/texmf-dist/tex/latex/hyperref/hyperref.s
ty
Package: hyperref 2021-06-07 v7.00m Hypertext links for LaTeX

(c:/Users/Dell/AppData/Roaming/TinyTeX/texmf-dist/tex/generic/pdftexcmds/pdftex
cmds.sty
Package: pdftexcmds 2020-06-27 v0.33 Utility functions of pdfTeX for LuaTeX (HO
)

(c:/Users/Dell/AppData/Roaming/TinyTeX/texmf-dist/tex/generic/infwarerr/infware
rr.sty
Package: infwarerr 2019/12/03 v1.5 Providing info/warning/error messages (HO)
)
Package pdftexcmds Info: \pdf@primitive is available.
Package pdftexcmds Info: \pdf@ifprimitive is available.
Package pdftexcmds Info: \pdfdraftmode found.
)
(c:/Users/Dell/AppData/Roaming/TinyTeX/texmf-dist/tex/generic/kvdefinekeys/kvde
finekeys.sty
Package: kvdefinekeys 2019-12-19 v1.6 Define keys (HO)
)
(c:/Users/Dell/AppData/Roaming/TinyTeX/texmf-dist/tex/generic/pdfescape/pdfesca
pe.sty
Package: pdfescape 2019/12/09 v1.15 Implements pdfTeX's escape features (HO)
)
(c:/Users/Dell/AppData/Roaming/TinyTeX/texmf-dist/tex/latex/hycolor/hycolor.sty
Package: hycolor 2020-01-27 v1.10 Color options for hyperref/bookmark (HO)
)
(c:/Users/Dell/AppData/Roaming/TinyTeX/texmf-dist/tex/latex/letltxmacro/letltxm
acro.sty
Package: letltxmacro 2019/12/03 v1.6 Let assignment for LaTeX macros (HO)
)
(c:/Users/Dell/AppData/Roaming/TinyTeX/texmf-dist/tex/latex/auxhook/auxhook.sty
Package: auxhook 2019-12-17 v1.6 Hooks for auxiliary files (HO)
)
\@linkdim=\dimen148
\Hy@linkcounter=\count272
\Hy@pagecounter=\count273

(c:/Users/Dell/AppData/Roaming/TinyTeX/texmf-dist/tex/latex/hyperref/pd1enc.def
File: pd1enc.def 2021-06-07 v7.00m Hyperref: PDFDocEncoding definition (HO)
Now handling font encoding PD1 ...
... no UTF-8 mapping file for font encoding PD1
)
(c:/Users/Dell/AppData/Roaming/TinyTeX/texmf-dist/tex/latex/hyperref/hyperref-l
angpatches.def
File: hyperref-langpatches.def 2021-06-07 v7.00m Hyperref: patches for babel la
nguages
)
(c:/Users/Dell/AppData/Roaming/TinyTeX/texmf-dist/tex/generic/intcalc/intcalc.s
ty
Package: intcalc 2019/12/15 v1.3 Expandable calculations with integers (HO)
)
(c:/Users/Dell/AppData/Roaming/TinyTeX/texmf-dist/tex/generic/etexcmds/etexcmds
.sty
Package: etexcmds 2019/12/15 v1.7 Avoid name clashes with e-TeX commands (HO)
)
\Hy@SavedSpaceFactor=\count274
(c:/Users/Dell/AppData/Roaming/TinyTeX/texmf-dist/tex/latex/hyperref/puenc.def
File: puenc.def 2021-06-07 v7.00m Hyperref: PDF Unicode definition (HO)
Now handling font encoding PU ...
... no UTF-8 mapping file for font encoding PU
)
Package hyperref Info: Option `unicode' set `true' on input line 4073.
Package hyperref Info: Hyper figures OFF on input line 4192.
Package hyperref Info: Link nesting OFF on input line 4197.
Package hyperref Info: Hyper index ON on input line 4200.
Package hyperref Info: Plain pages OFF on input line 4207.
Package hyperref Info: Backreferencing OFF on input line 4212.
Package hyperref Info: Implicit mode ON; LaTeX internals redefined.
Package hyperref Info: Bookmarks ON on input line 4445.
\c@Hy@tempcnt=\count275
(c:/Users/Dell/AppData/Roaming/TinyTeX/texmf-dist/tex/latex/url/url.sty
\Urlmuskip=\muskip17
Package: url 2013/09/16  ver 3.4  Verb mode for urls, etc.
)
LaTeX Info: Redefining \url on input line 4804.
\XeTeXLinkMargin=\dimen149

(c:/Users/Dell/AppData/Roaming/TinyTeX/texmf-dist/tex/generic/bitset/bitset.sty
Package: bitset 2019/12/09 v1.3 Handle bit-vector datatype (HO)

(c:/Users/Dell/AppData/Roaming/TinyTeX/texmf-dist/tex/generic/bigintcalc/bigint
calc.sty
Package: bigintcalc 2019/12/15 v1.5 Expandable calculations on big integers (HO
)
))
\Fld@menulength=\count276
\Field@Width=\dimen150
\Fld@charsize=\dimen151
Package hyperref Info: Hyper figures OFF on input line 6076.
Package hyperref Info: Link nesting OFF on input line 6081.
Package hyperref Info: Hyper index ON on input line 6084.
Package hyperref Info: backreferencing OFF on input line 6091.
Package hyperref Info: Link coloring OFF on input line 6096.
Package hyperref Info: Link coloring with OCG OFF on input line 6101.
Package hyperref Info: PDF/A mode OFF on input line 6106.
LaTeX Info: Redefining \ref on input line 6146.
LaTeX Info: Redefining \pageref on input line 6150.

(c:/Users/Dell/AppData/Roaming/TinyTeX/texmf-dist/tex/latex/base/atbegshi-ltx.s
ty
Package: atbegshi-ltx 2021/01/10 v1.0c Emulation of the original atbegshi
package with kernel methods
)
\Hy@abspage=\count277
\c@Item=\count278
\c@Hfootnote=\count279
)
Package hyperref Info: Driver (autodetected): hpdftex.

(c:/Users/Dell/AppData/Roaming/TinyTeX/texmf-dist/tex/latex/hyperref/hpdftex.de
f
File: hpdftex.def 2021-06-07 v7.00m Hyperref driver for pdfTeX

(c:/Users/Dell/AppData/Roaming/TinyTeX/texmf-dist/tex/latex/base/atveryend-ltx.
sty
Package: atveryend-ltx 2020/08/19 v1.0a Emulation of the original atveryend pac
kage
with kernel methods
)
\Fld@listcount=\count280
\c@bookmark@seq@number=\count281

(c:/Users/Dell/AppData/Roaming/TinyTeX/texmf-dist/tex/latex/rerunfilecheck/reru
nfilecheck.sty
Package: rerunfilecheck 2019/12/05 v1.9 Rerun checks for auxiliary files (HO)

(c:/Users/Dell/AppData/Roaming/TinyTeX/texmf-dist/tex/generic/uniquecounter/uni
quecounter.sty
Package: uniquecounter 2019/12/15 v1.4 Provide unlimited unique counter (HO)
)
Package uniquecounter Info: New unique counter `rerunfilecheck' on input line 2
86.
)
\Hy@SectionHShift=\skip52
)
Package hyperref Info: Option `colorlinks' set `true' on input line 81.

(c:/Users/Dell/AppData/Roaming/TinyTeX/texmf-dist/tex/latex/geometry/geometry.s
ty
Package: geometry 2020/01/02 v5.9 Page Geometry
(c:/Users/Dell/AppData/Roaming/TinyTeX/texmf-dist/tex/generic/iftex/ifvtex.sty
Package: ifvtex 2019/10/25 v1.7 ifvtex legacy package. Use iftex instead.
)
\Gm@cnth=\count282
\Gm@cntv=\count283
\c@Gm@tempcnt=\count284
\Gm@bindingoffset=\dimen152
\Gm@wd@mp=\dimen153
\Gm@odd@mp=\dimen154
\Gm@even@mp=\dimen155
\Gm@layoutwidth=\dimen156
\Gm@layoutheight=\dimen157
\Gm@layouthoffset=\dimen158
\Gm@layoutvoffset=\dimen159
\Gm@dimlist=\toks24
)
(c:/Users/Dell/AppData/Roaming/TinyTeX/texmf-dist/tex/latex/graphics/graphicx.s
ty
Package: graphicx 2021/09/16 v1.2d Enhanced LaTeX Graphics (DPC,SPQR)

(c:/Users/Dell/AppData/Roaming/TinyTeX/texmf-dist/tex/latex/graphics/graphics.s
ty
Package: graphics 2021/03/04 v1.4d Standard LaTeX Graphics (DPC,SPQR)
(c:/Users/Dell/AppData/Roaming/TinyTeX/texmf-dist/tex/latex/graphics/trig.sty
Package: trig 2021/08/11 v1.11 sin cos tan (DPC)
)
(c:/Users/Dell/AppData/Roaming/TinyTeX/texmf-dist/tex/latex/graphics-cfg/graphi
cs.cfg
File: graphics.cfg 2016/06/04 v1.11 sample graphics configuration
)
Package graphics Info: Driver file: pdftex.def on input line 107.
)
\Gin@req@height=\dimen160
\Gin@req@width=\dimen161
)
\cslhangindent=\skip53
\csllabelwidth=\skip54
\cslentryspacingunit=\skip55
(c:/Users/Dell/AppData/Roaming/TinyTeX/texmf-dist/tex/latex/tools/calc.sty
Package: calc 2017/05/25 v4.3 Infix arithmetic (KKT,FJ)
\calc@Acount=\count285
\calc@Bcount=\count286
\calc@Adimen=\dimen162
\calc@Bdimen=\dimen163
\calc@Askip=\skip56
\calc@Bskip=\skip57
LaTeX Info: Redefining \setlength on input line 80.
LaTeX Info: Redefining \addtolength on input line 81.
\calc@Ccount=\count287
\calc@Cskip=\skip58
)
(c:/Users/Dell/AppData/Roaming/TinyTeX/texmf-dist/tex/latex/setspace/setspace.s
ty
Package: setspace 2011/12/19 v6.7a set line spacing
) (c:/Users/Dell/AppData/Roaming/TinyTeX/texmf-dist/tex/generic/babel/babel.sty
Package: babel 2022/01/26 3.70 The Babel package
\babel@savecnt=\count288
\U@D=\dimen164
\l@unhyphenated=\language6

(c:/Users/Dell/AppData/Roaming/TinyTeX/texmf-dist/tex/generic/babel/txtbabel.de
f)
\bbl@readstream=\read2
\bbl@dirlevel=\count289

(c:/Users/Dell/AppData/Roaming/TinyTeX/texmf-dist/tex/generic/babel-spanish/spa
nish.ldf
Language: spanish.ldf 2021/05/27 v5.0q Spanish support from the babel system
\es@quottoks=\toks25
\es@quotdepth=\count290
Package babel Info: Making " an active character on input line 570.
Package babel Info: Making . an active character on input line 675.
Package babel Info: Making < an active character on input line 722.
Package babel Info: Making > an active character on input line 722.
)) (c:/Users/Dell/AppData/Roaming/TinyTeX/texmf-dist/tex/latex/framed/framed.st
y
Package: framed 2011/10/22 v 0.96: framed or shaded text with page breaks
\OuterFrameSep=\skip59
\fb@frw=\dimen165
\fb@frh=\dimen166
\FrameRule=\dimen167
\FrameSep=\dimen168
)
(c:/Users/Dell/AppData/Roaming/TinyTeX/texmf-dist/tex/latex/sectsty/sectsty.sty
Package: sectsty 2002/02/25 v2.0.2 Commands to change all sectional heading sty
les

LaTeX Warning: Command \underbar  has changed.
               Check if current package is valid.


LaTeX Warning: Command \underline  has changed.
               Check if current package is valid.

)
(c:/Users/Dell/AppData/Roaming/TinyTeX/texmf-dist/tex/latex/tocloft/tocloft.sty
Package: tocloft 2017/08/31 v2.3i parameterised ToC, etc., typesetting
Package tocloft Info: The document has section divisions on input line 51.
\cftparskip=\skip60
\cftbeforetoctitleskip=\skip61
\cftaftertoctitleskip=\skip62
\cftbeforepartskip=\skip63
\cftpartnumwidth=\skip64
\cftpartindent=\skip65
\cftbeforesecskip=\skip66
\cftsecindent=\skip67
\cftsecnumwidth=\skip68
\cftbeforesubsecskip=\skip69
\cftsubsecindent=\skip70
\cftsubsecnumwidth=\skip71
\cftbeforesubsubsecskip=\skip72
\cftsubsubsecindent=\skip73
\cftsubsubsecnumwidth=\skip74
\cftbeforeparaskip=\skip75
\cftparaindent=\skip76
\cftparanumwidth=\skip77
\cftbeforesubparaskip=\skip78
\cftsubparaindent=\skip79
\cftsubparanumwidth=\skip80
\cftbeforeloftitleskip=\skip81
\cftafterloftitleskip=\skip82
\cftbeforefigskip=\skip83
\cftfigindent=\skip84
\cftfignumwidth=\skip85
\c@lofdepth=\count291
\c@lotdepth=\count292
\cftbeforelottitleskip=\skip86
\cftafterlottitleskip=\skip87
\cftbeforetabskip=\skip88
\cfttabindent=\skip89
\cfttabnumwidth=\skip90

Package tocloft Warning: \@starttoc has already been redefined; tocloft bailing
 out. on input line 1156.

)
(c:/Users/Dell/AppData/Roaming/TinyTeX/texmf-dist/tex/latex/titlesec/titlesec.s
ty
Package: titlesec 2021/07/05 v2.14 Sectioning titles
\ttl@box=\box52
\beforetitleunit=\skip91
\aftertitleunit=\skip92
\ttl@plus=\dimen169
\ttl@minus=\dimen170
\ttl@toksa=\toks26
\titlewidth=\dimen171
\titlewidthlast=\dimen172
\titlewidthfirst=\dimen173
)
(c:/Users/Dell/AppData/Roaming/TinyTeX/texmf-dist/tex/latex/caption/caption.sty
Package: caption 2020/10/26 v3.5g Customizing captions (AR)

(c:/Users/Dell/AppData/Roaming/TinyTeX/texmf-dist/tex/latex/caption/caption3.st
y
Package: caption3 2020/10/21 v2.2e caption3 kernel (AR)
\captionmargin=\dimen174
\captionmargin@=\dimen175
\captionwidth=\dimen176
\caption@tempdima=\dimen177
\caption@indent=\dimen178
\caption@parindent=\dimen179
\caption@hangindent=\dimen180
Package caption Info: Standard document class detected.
)
\c@caption@flags=\count293
\c@continuedfloat=\count294
Package caption Info: hyperref package is loaded.
)
(c:/Users/Dell/AppData/Roaming/TinyTeX/texmf-dist/tex/latex/fancyhdr/fancyhdr.s
ty
Package: fancyhdr 2021/01/28 v4.0.1 Extensive control of page headers and foote
rs
\f@nch@headwidth=\skip93
\f@nch@O@elh=\skip94
\f@nch@O@erh=\skip95
\f@nch@O@olh=\skip96
\f@nch@O@orh=\skip97
\f@nch@O@elf=\skip98
\f@nch@O@erf=\skip99
\f@nch@O@olf=\skip100
\f@nch@O@orf=\skip101
)
(c:/Users/Dell/AppData/Roaming/TinyTeX/texmf-dist/tex/latex/booktabs/booktabs.s
ty
Package: booktabs 2020/01/12 v1.61803398 Publication quality tables
\heavyrulewidth=\dimen181
\lightrulewidth=\dimen182
\cmidrulewidth=\dimen183
\belowrulesep=\dimen184
\belowbottomsep=\dimen185
\aboverulesep=\dimen186
\abovetopsep=\dimen187
\cmidrulesep=\dimen188
\cmidrulekern=\dimen189
\defaultaddspace=\dimen190
\@cmidla=\count295
\@cmidlb=\count296
\@aboverulesep=\dimen191
\@belowrulesep=\dimen192
\@thisruleclass=\count297
\@lastruleclass=\count298
\@thisrulewidth=\dimen193
)
(c:/Users/Dell/AppData/Roaming/TinyTeX/texmf-dist/tex/latex/tools/longtable.sty
Package: longtable 2021-09-01 v4.17 Multi-page Table package (DPC)
\LTleft=\skip102
\LTright=\skip103
\LTpre=\skip104
\LTpost=\skip105
\LTchunksize=\count299
\LTcapwidth=\dimen194
\LT@head=\box53
\LT@firsthead=\box54
\LT@foot=\box55
\LT@lastfoot=\box56
\LT@gbox=\box57
\LT@cols=\count300
\LT@rows=\count301
\c@LT@tables=\count302
\c@LT@chunks=\count303
\LT@p@ftn=\toks27
) (c:/Users/Dell/AppData/Roaming/TinyTeX/texmf-dist/tex/latex/tools/array.sty
Package: array 2021/10/04 v2.5f Tabular extension package (FMi)
\col@sep=\dimen195
\ar@mcellbox=\box58
\extrarowheight=\dimen196
\NC@list=\toks28
\extratabsurround=\skip106
\backup@length=\skip107
\ar@cellbox=\box59
)
(c:/Users/Dell/AppData/Roaming/TinyTeX/texmf-dist/tex/latex/multirow/multirow.s
ty
Package: multirow 2021/03/15 v2.8 Span multiple rows of a table
\multirow@colwidth=\skip108
\multirow@cntb=\count304
\multirow@dima=\skip109
\bigstrutjot=\dimen197
)
(c:/Users/Dell/AppData/Roaming/TinyTeX/texmf-dist/tex/latex/wrapfig/wrapfig.sty
\wrapoverhang=\dimen198
\WF@size=\dimen199
\c@WF@wrappedlines=\count305
\WF@box=\box60
\WF@everypar=\toks29
Package: wrapfig 2003/01/31  v 3.6
)
(c:/Users/Dell/AppData/Roaming/TinyTeX/texmf-dist/tex/latex/colortbl/colortbl.s
ty
Package: colortbl 2020/01/04 v1.0e Color table columns (DPC)
\everycr=\toks30
\minrowclearance=\skip110
)
(c:/Users/Dell/AppData/Roaming/TinyTeX/texmf-dist/tex/latex/pdflscape/pdflscape
.sty
Package: pdflscape 2019/12/05 v0.12 Display of landscape pages in PDF (HO)

(c:/Users/Dell/AppData/Roaming/TinyTeX/texmf-dist/tex/latex/graphics/lscape.sty
Package: lscape 2020/05/28 v3.02 Landscape Pages (DPC)
)
Package pdflscape Info: Auto-detected driver: pdftex on input line 81.
) (c:/Users/Dell/AppData/Roaming/TinyTeX/texmf-dist/tex/latex/tabu/tabu.sty
Package: tabu 2019/01/11 v2.9 - flexible LaTeX tabulars (FC+tabu-fixed)

(c:/Users/Dell/AppData/Roaming/TinyTeX/texmf-dist/tex/latex/varwidth/varwidth.s
ty
Package: varwidth 2009/03/30 ver 0.92;  Variable-width minipages
\@vwid@box=\box61
\sift@deathcycles=\count306
\@vwid@loff=\dimen256
\@vwid@roff=\dimen257
)
\c@taburow=\count307
\tabu@nbcols=\count308
\tabu@cnt=\count309
\tabu@Xcol=\count310
\tabu@alloc=\count311
\tabu@nested=\count312
\tabu@target=\dimen258
\tabu@spreadtarget=\dimen259
\tabu@naturalX=\dimen260
\tabucolX=\dimen261
\tabu@Xsum=\dimen262
\extrarowdepth=\dimen263
\abovetabulinesep=\dimen264
\belowtabulinesep=\dimen265
\tabustrutrule=\dimen266
\tabu@thebody=\toks31
\tabu@footnotes=\toks32
\tabu@box=\box62
\tabu@arstrutbox=\box63
\tabu@hleads=\box64
\tabu@vleads=\box65
\tabu@cellskip=\skip111
)
(c:/Users/Dell/AppData/Roaming/TinyTeX/texmf-dist/tex/latex/threeparttable/thre
eparttable.sty
Package: threeparttable 2003/06/13  v 3.0
\@tempboxb=\box66
)
(c:/Users/Dell/AppData/Roaming/TinyTeX/texmf-dist/tex/latex/threeparttablex/thr
eeparttablex.sty
Package: threeparttablex 2013/07/23 v0.3 by daleif

(c:/Users/Dell/AppData/Roaming/TinyTeX/texmf-dist/tex/latex/environ/environ.sty
Package: environ 2014/05/04 v0.3 A new way to define environments

(c:/Users/Dell/AppData/Roaming/TinyTeX/texmf-dist/tex/latex/trimspaces/trimspac
es.sty
Package: trimspaces 2009/09/17 v1.1 Trim spaces around a token list
))
\TPTL@width=\skip112
) (c:/Users/Dell/AppData/Roaming/TinyTeX/texmf-dist/tex/generic/ulem/ulem.sty
\UL@box=\box67
\UL@hyphenbox=\box68
\UL@skip=\skip113
\UL@hook=\toks33
\UL@height=\dimen267
\UL@pe=\count313
\UL@pixel=\dimen268
\ULC@box=\box69
Package: ulem 2019/11/18
\ULdepth=\dimen269
)
(c:/Users/Dell/AppData/Roaming/TinyTeX/texmf-dist/tex/latex/makecell/makecell.s
ty
Package: makecell 2009/08/03 V0.1e Managing of Tab Column Heads and Cells
\rotheadsize=\dimen270
\c@nlinenum=\count314
\TeXr@lab=\toks34
)
(c:/Users/Dell/AppData/Roaming/TinyTeX/texmf-dist/tex/latex/floatrow/floatrow.s
ty
Package: floatrow 2008/08/02 v0.3b floatrow: float package extension
\c@float@type=\count315
\float@exts=\toks35
\float@box=\box70
\@floatcapt=\box71
Package floatrow Info: Modified float package code loaded on input line 455.
Package floatrow Info: Modified rotfloat package code loaded on input line 473.

\FR@everyfloat=\toks36
\flrow@foot=\insert252
\FB@wd=\dimen271
\FBo@wd=\dimen272
\FBc@wd=\dimen273
\FBo@ht=\skip114
\FBc@ht=\skip115
\FBf@ht=\skip116
\FBo@max=\skip117
\FBc@max=\skip118
\FBf@max=\skip119
\c@FBl@b=\count316
\floatbox@depth=\count317
\c@FRobj=\count318
\c@FRsobj=\count319
\Xhsize=\skip120
\sXhsize=\skip121
\Zhsize=\skip122
\sZhsize=\skip123
\flrow@rowbox=\box72
\FR@Zunitlength=\dimen274
\c@FBcnt=\count320
\FPOScnt=\count321
\LTleft=\skip124
\LTright=\skip125
\LTleft=\skip126
\LTright=\skip127
\flrow@types=\toks37
)
\c@chunk=\count322

(c:/Users/Dell/AppData/Roaming/TinyTeX/texmf-dist/tex/latex/pgf/frontendlayer/t
ikz.sty
(c:/Users/Dell/AppData/Roaming/TinyTeX/texmf-dist/tex/latex/pgf/basiclayer/pgf.
sty
(c:/Users/Dell/AppData/Roaming/TinyTeX/texmf-dist/tex/latex/pgf/utilities/pgfrc
s.sty
(c:/Users/Dell/AppData/Roaming/TinyTeX/texmf-dist/tex/generic/pgf/utilities/pgf
util-common.tex
\pgfutil@everybye=\toks38
\pgfutil@tempdima=\dimen275
\pgfutil@tempdimb=\dimen276

(c:/Users/Dell/AppData/Roaming/TinyTeX/texmf-dist/tex/generic/pgf/utilities/pgf
util-common-lists.tex))
(c:/Users/Dell/AppData/Roaming/TinyTeX/texmf-dist/tex/generic/pgf/utilities/pgf
util-latex.def
\pgfutil@abb=\box73
)
(c:/Users/Dell/AppData/Roaming/TinyTeX/texmf-dist/tex/generic/pgf/utilities/pgf
rcs.code.tex
(c:/Users/Dell/AppData/Roaming/TinyTeX/texmf-dist/tex/generic/pgf/pgf.revision.
tex)
Package: pgfrcs 2021/05/15 v3.1.9a (3.1.9a)
))
Package: pgf 2021/05/15 v3.1.9a (3.1.9a)

(c:/Users/Dell/AppData/Roaming/TinyTeX/texmf-dist/tex/latex/pgf/basiclayer/pgfc
ore.sty
(c:/Users/Dell/AppData/Roaming/TinyTeX/texmf-dist/tex/latex/pgf/systemlayer/pgf
sys.sty
(c:/Users/Dell/AppData/Roaming/TinyTeX/texmf-dist/tex/generic/pgf/systemlayer/p
gfsys.code.tex
Package: pgfsys 2021/05/15 v3.1.9a (3.1.9a)

(c:/Users/Dell/AppData/Roaming/TinyTeX/texmf-dist/tex/generic/pgf/utilities/pgf
keys.code.tex
\pgfkeys@pathtoks=\toks39
\pgfkeys@temptoks=\toks40

(c:/Users/Dell/AppData/Roaming/TinyTeX/texmf-dist/tex/generic/pgf/utilities/pgf
keysfiltered.code.tex
\pgfkeys@tmptoks=\toks41
))
\pgf@x=\dimen277
\pgf@y=\dimen278
\pgf@xa=\dimen279
\pgf@ya=\dimen280
\pgf@xb=\dimen281
\pgf@yb=\dimen282
\pgf@xc=\dimen283
\pgf@yc=\dimen284
\pgf@xd=\dimen285
\pgf@yd=\dimen286
\w@pgf@writea=\write3
\r@pgf@reada=\read3
\c@pgf@counta=\count323
\c@pgf@countb=\count324
\c@pgf@countc=\count325
\c@pgf@countd=\count326
\t@pgf@toka=\toks42
\t@pgf@tokb=\toks43
\t@pgf@tokc=\toks44
\pgf@sys@id@count=\count327

(c:/Users/Dell/AppData/Roaming/TinyTeX/texmf-dist/tex/generic/pgf/systemlayer/p
gf.cfg
File: pgf.cfg 2021/05/15 v3.1.9a (3.1.9a)
)
Driver file for pgf: pgfsys-pdftex.def

(c:/Users/Dell/AppData/Roaming/TinyTeX/texmf-dist/tex/generic/pgf/systemlayer/p
gfsys-pdftex.def
File: pgfsys-pdftex.def 2021/05/15 v3.1.9a (3.1.9a)

(c:/Users/Dell/AppData/Roaming/TinyTeX/texmf-dist/tex/generic/pgf/systemlayer/p
gfsys-common-pdf.def
File: pgfsys-common-pdf.def 2021/05/15 v3.1.9a (3.1.9a)
)))
(c:/Users/Dell/AppData/Roaming/TinyTeX/texmf-dist/tex/generic/pgf/systemlayer/p
gfsyssoftpath.code.tex
File: pgfsyssoftpath.code.tex 2021/05/15 v3.1.9a (3.1.9a)
\pgfsyssoftpath@smallbuffer@items=\count328
\pgfsyssoftpath@bigbuffer@items=\count329
)
(c:/Users/Dell/AppData/Roaming/TinyTeX/texmf-dist/tex/generic/pgf/systemlayer/p
gfsysprotocol.code.tex
File: pgfsysprotocol.code.tex 2021/05/15 v3.1.9a (3.1.9a)
))
(c:/Users/Dell/AppData/Roaming/TinyTeX/texmf-dist/tex/generic/pgf/basiclayer/pg
fcore.code.tex
Package: pgfcore 2021/05/15 v3.1.9a (3.1.9a)

(c:/Users/Dell/AppData/Roaming/TinyTeX/texmf-dist/tex/generic/pgf/math/pgfmath.
code.tex
(c:/Users/Dell/AppData/Roaming/TinyTeX/texmf-dist/tex/generic/pgf/math/pgfmathc
alc.code.tex
(c:/Users/Dell/AppData/Roaming/TinyTeX/texmf-dist/tex/generic/pgf/math/pgfmathu
til.code.tex)
(c:/Users/Dell/AppData/Roaming/TinyTeX/texmf-dist/tex/generic/pgf/math/pgfmathp
arser.code.tex
\pgfmath@dimen=\dimen287
\pgfmath@count=\count330
\pgfmath@box=\box74
\pgfmath@toks=\toks45
\pgfmath@stack@operand=\toks46
\pgfmath@stack@operation=\toks47
)
(c:/Users/Dell/AppData/Roaming/TinyTeX/texmf-dist/tex/generic/pgf/math/pgfmathf
unctions.code.tex
(c:/Users/Dell/AppData/Roaming/TinyTeX/texmf-dist/tex/generic/pgf/math/pgfmathf
unctions.basic.code.tex)
(c:/Users/Dell/AppData/Roaming/TinyTeX/texmf-dist/tex/generic/pgf/math/pgfmathf
unctions.trigonometric.code.tex)
(c:/Users/Dell/AppData/Roaming/TinyTeX/texmf-dist/tex/generic/pgf/math/pgfmathf
unctions.random.code.tex)
(c:/Users/Dell/AppData/Roaming/TinyTeX/texmf-dist/tex/generic/pgf/math/pgfmathf
unctions.comparison.code.tex)
(c:/Users/Dell/AppData/Roaming/TinyTeX/texmf-dist/tex/generic/pgf/math/pgfmathf
unctions.base.code.tex)
(c:/Users/Dell/AppData/Roaming/TinyTeX/texmf-dist/tex/generic/pgf/math/pgfmathf
unctions.round.code.tex)
(c:/Users/Dell/AppData/Roaming/TinyTeX/texmf-dist/tex/generic/pgf/math/pgfmathf
unctions.misc.code.tex)
(c:/Users/Dell/AppData/Roaming/TinyTeX/texmf-dist/tex/generic/pgf/math/pgfmathf
unctions.integerarithmetics.code.tex)))
(c:/Users/Dell/AppData/Roaming/TinyTeX/texmf-dist/tex/generic/pgf/math/pgfmathf
loat.code.tex
\c@pgfmathroundto@lastzeros=\count331
))
(c:/Users/Dell/AppData/Roaming/TinyTeX/texmf-dist/tex/generic/pgf/math/pgfint.c
ode.tex)
(c:/Users/Dell/AppData/Roaming/TinyTeX/texmf-dist/tex/generic/pgf/basiclayer/pg
fcorepoints.code.tex
File: pgfcorepoints.code.tex 2021/05/15 v3.1.9a (3.1.9a)
\pgf@picminx=\dimen288
\pgf@picmaxx=\dimen289
\pgf@picminy=\dimen290
\pgf@picmaxy=\dimen291
\pgf@pathminx=\dimen292
\pgf@pathmaxx=\dimen293
\pgf@pathminy=\dimen294
\pgf@pathmaxy=\dimen295
\pgf@xx=\dimen296
\pgf@xy=\dimen297
\pgf@yx=\dimen298
\pgf@yy=\dimen299
\pgf@zx=\dimen300
\pgf@zy=\dimen301
)
(c:/Users/Dell/AppData/Roaming/TinyTeX/texmf-dist/tex/generic/pgf/basiclayer/pg
fcorepathconstruct.code.tex
File: pgfcorepathconstruct.code.tex 2021/05/15 v3.1.9a (3.1.9a)
\pgf@path@lastx=\dimen302
\pgf@path@lasty=\dimen303
)
(c:/Users/Dell/AppData/Roaming/TinyTeX/texmf-dist/tex/generic/pgf/basiclayer/pg
fcorepathusage.code.tex
File: pgfcorepathusage.code.tex 2021/05/15 v3.1.9a (3.1.9a)
\pgf@shorten@end@additional=\dimen304
\pgf@shorten@start@additional=\dimen305
)
(c:/Users/Dell/AppData/Roaming/TinyTeX/texmf-dist/tex/generic/pgf/basiclayer/pg
fcorescopes.code.tex
File: pgfcorescopes.code.tex 2021/05/15 v3.1.9a (3.1.9a)
\pgfpic=\box75
\pgf@hbox=\box76
\pgf@layerbox@main=\box77
\pgf@picture@serial@count=\count332
)
(c:/Users/Dell/AppData/Roaming/TinyTeX/texmf-dist/tex/generic/pgf/basiclayer/pg
fcoregraphicstate.code.tex
File: pgfcoregraphicstate.code.tex 2021/05/15 v3.1.9a (3.1.9a)
\pgflinewidth=\dimen306
)
(c:/Users/Dell/AppData/Roaming/TinyTeX/texmf-dist/tex/generic/pgf/basiclayer/pg
fcoretransformations.code.tex
File: pgfcoretransformations.code.tex 2021/05/15 v3.1.9a (3.1.9a)
\pgf@pt@x=\dimen307
\pgf@pt@y=\dimen308
\pgf@pt@temp=\dimen309
)
(c:/Users/Dell/AppData/Roaming/TinyTeX/texmf-dist/tex/generic/pgf/basiclayer/pg
fcorequick.code.tex
File: pgfcorequick.code.tex 2021/05/15 v3.1.9a (3.1.9a)
)
(c:/Users/Dell/AppData/Roaming/TinyTeX/texmf-dist/tex/generic/pgf/basiclayer/pg
fcoreobjects.code.tex
File: pgfcoreobjects.code.tex 2021/05/15 v3.1.9a (3.1.9a)
)
(c:/Users/Dell/AppData/Roaming/TinyTeX/texmf-dist/tex/generic/pgf/basiclayer/pg
fcorepathprocessing.code.tex
File: pgfcorepathprocessing.code.tex 2021/05/15 v3.1.9a (3.1.9a)
)
(c:/Users/Dell/AppData/Roaming/TinyTeX/texmf-dist/tex/generic/pgf/basiclayer/pg
fcorearrows.code.tex
File: pgfcorearrows.code.tex 2021/05/15 v3.1.9a (3.1.9a)
\pgfarrowsep=\dimen310
)
(c:/Users/Dell/AppData/Roaming/TinyTeX/texmf-dist/tex/generic/pgf/basiclayer/pg
fcoreshade.code.tex
File: pgfcoreshade.code.tex 2021/05/15 v3.1.9a (3.1.9a)
\pgf@max=\dimen311
\pgf@sys@shading@range@num=\count333
\pgf@shadingcount=\count334
)
(c:/Users/Dell/AppData/Roaming/TinyTeX/texmf-dist/tex/generic/pgf/basiclayer/pg
fcoreimage.code.tex
File: pgfcoreimage.code.tex 2021/05/15 v3.1.9a (3.1.9a)

(c:/Users/Dell/AppData/Roaming/TinyTeX/texmf-dist/tex/generic/pgf/basiclayer/pg
fcoreexternal.code.tex
File: pgfcoreexternal.code.tex 2021/05/15 v3.1.9a (3.1.9a)
\pgfexternal@startupbox=\box78
))
(c:/Users/Dell/AppData/Roaming/TinyTeX/texmf-dist/tex/generic/pgf/basiclayer/pg
fcorelayers.code.tex
File: pgfcorelayers.code.tex 2021/05/15 v3.1.9a (3.1.9a)
)
(c:/Users/Dell/AppData/Roaming/TinyTeX/texmf-dist/tex/generic/pgf/basiclayer/pg
fcoretransparency.code.tex
File: pgfcoretransparency.code.tex 2021/05/15 v3.1.9a (3.1.9a)
)
(c:/Users/Dell/AppData/Roaming/TinyTeX/texmf-dist/tex/generic/pgf/basiclayer/pg
fcorepatterns.code.tex
File: pgfcorepatterns.code.tex 2021/05/15 v3.1.9a (3.1.9a)
)
(c:/Users/Dell/AppData/Roaming/TinyTeX/texmf-dist/tex/generic/pgf/basiclayer/pg
fcorerdf.code.tex
File: pgfcorerdf.code.tex 2021/05/15 v3.1.9a (3.1.9a)
)))
(c:/Users/Dell/AppData/Roaming/TinyTeX/texmf-dist/tex/generic/pgf/modules/pgfmo
duleshapes.code.tex
File: pgfmoduleshapes.code.tex 2021/05/15 v3.1.9a (3.1.9a)
\pgfnodeparttextbox=\box79
)
(c:/Users/Dell/AppData/Roaming/TinyTeX/texmf-dist/tex/generic/pgf/modules/pgfmo
duleplot.code.tex
File: pgfmoduleplot.code.tex 2021/05/15 v3.1.9a (3.1.9a)
)
(c:/Users/Dell/AppData/Roaming/TinyTeX/texmf-dist/tex/latex/pgf/compatibility/p
gfcomp-version-0-65.sty
Package: pgfcomp-version-0-65 2021/05/15 v3.1.9a (3.1.9a)
\pgf@nodesepstart=\dimen312
\pgf@nodesepend=\dimen313
)
(c:/Users/Dell/AppData/Roaming/TinyTeX/texmf-dist/tex/latex/pgf/compatibility/p
gfcomp-version-1-18.sty
Package: pgfcomp-version-1-18 2021/05/15 v3.1.9a (3.1.9a)
))
(c:/Users/Dell/AppData/Roaming/TinyTeX/texmf-dist/tex/latex/pgf/utilities/pgffo
r.sty
(c:/Users/Dell/AppData/Roaming/TinyTeX/texmf-dist/tex/latex/pgf/utilities/pgfke
ys.sty
(c:/Users/Dell/AppData/Roaming/TinyTeX/texmf-dist/tex/generic/pgf/utilities/pgf
keys.code.tex))
(c:/Users/Dell/AppData/Roaming/TinyTeX/texmf-dist/tex/latex/pgf/math/pgfmath.st
y
(c:/Users/Dell/AppData/Roaming/TinyTeX/texmf-dist/tex/generic/pgf/math/pgfmath.
code.tex))
(c:/Users/Dell/AppData/Roaming/TinyTeX/texmf-dist/tex/generic/pgf/utilities/pgf
for.code.tex
Package: pgffor 2021/05/15 v3.1.9a (3.1.9a)

(c:/Users/Dell/AppData/Roaming/TinyTeX/texmf-dist/tex/generic/pgf/math/pgfmath.
code.tex)
\pgffor@iter=\dimen314
\pgffor@skip=\dimen315
\pgffor@stack=\toks48
\pgffor@toks=\toks49
))
(c:/Users/Dell/AppData/Roaming/TinyTeX/texmf-dist/tex/generic/pgf/frontendlayer
/tikz/tikz.code.tex
Package: tikz 2021/05/15 v3.1.9a (3.1.9a)

(c:/Users/Dell/AppData/Roaming/TinyTeX/texmf-dist/tex/generic/pgf/libraries/pgf
libraryplothandlers.code.tex
File: pgflibraryplothandlers.code.tex 2021/05/15 v3.1.9a (3.1.9a)
\pgf@plot@mark@count=\count335
\pgfplotmarksize=\dimen316
)
\tikz@lastx=\dimen317
\tikz@lasty=\dimen318
\tikz@lastxsaved=\dimen319
\tikz@lastysaved=\dimen320
\tikz@lastmovetox=\dimen321
\tikz@lastmovetoy=\dimen322
\tikzleveldistance=\dimen323
\tikzsiblingdistance=\dimen324
\tikz@figbox=\box80
\tikz@figbox@bg=\box81
\tikz@tempbox=\box82
\tikz@tempbox@bg=\box83
\tikztreelevel=\count336
\tikznumberofchildren=\count337
\tikznumberofcurrentchild=\count338
\tikz@fig@count=\count339

(c:/Users/Dell/AppData/Roaming/TinyTeX/texmf-dist/tex/generic/pgf/modules/pgfmo
dulematrix.code.tex
File: pgfmodulematrix.code.tex 2021/05/15 v3.1.9a (3.1.9a)
\pgfmatrixcurrentrow=\count340
\pgfmatrixcurrentcolumn=\count341
\pgf@matrix@numberofcolumns=\count342
)
\tikz@expandcount=\count343

(c:/Users/Dell/AppData/Roaming/TinyTeX/texmf-dist/tex/generic/pgf/frontendlayer
/tikz/libraries/tikzlibrarytopaths.code.tex
File: tikzlibrarytopaths.code.tex 2021/05/15 v3.1.9a (3.1.9a)
)))
(c:/Users/Dell/AppData/Roaming/TinyTeX/texmf-dist/tex/generic/pgf/frontendlayer
/tikz/libraries/tikzlibrarymatrix.code.tex
File: tikzlibrarymatrix.code.tex 2021/05/15 v3.1.9a (3.1.9a)
)
(c:/Users/Dell/AppData/Roaming/TinyTeX/texmf-dist/tex/generic/pgf/frontendlayer
/tikz/libraries/tikzlibrarydecorations.pathreplacing.code.tex
(c:/Users/Dell/AppData/Roaming/TinyTeX/texmf-dist/tex/generic/pgf/frontendlayer
/tikz/libraries/tikzlibrarydecorations.code.tex
(c:/Users/Dell/AppData/Roaming/TinyTeX/texmf-dist/tex/generic/pgf/modules/pgfmo
duledecorations.code.tex
\pgfdecoratedcompleteddistance=\dimen325
\pgfdecoratedremainingdistance=\dimen326
\pgfdecoratedinputsegmentcompleteddistance=\dimen327
\pgfdecoratedinputsegmentremainingdistance=\dimen328
\pgf@decorate@distancetomove=\dimen329
\pgf@decorate@repeatstate=\count344
\pgfdecorationsegmentamplitude=\dimen330
\pgfdecorationsegmentlength=\dimen331
)
\tikz@lib@dec@box=\box84
)
(c:/Users/Dell/AppData/Roaming/TinyTeX/texmf-dist/tex/generic/pgf/libraries/dec
orations/pgflibrarydecorations.pathreplacing.code.tex))
(c:/Users/Dell/AppData/Roaming/TinyTeX/texmf-dist/tex/generic/pgf/frontendlayer
/tikz/libraries/tikzlibrarycalc.code.tex
File: tikzlibrarycalc.code.tex 2021/05/15 v3.1.9a (3.1.9a)
)
(c:/Users/Dell/AppData/Roaming/TinyTeX/texmf-dist/tex/latex/l3backend/l3backend
-pdftex.def
File: l3backend-pdftex.def 2022-02-07 L3 backend support: PDF output (pdfTeX)
\l__color_backend_stack_int=\count345
\l__pdf_internal_box=\box85
) (./Examen_de_candidatura.aux
LaTeX Info: Redefining \. on input line 25.
LaTeX Info: Redefining \% on input line 25.
)
\openout1 = `Examen_de_candidatura.aux'.

LaTeX Font Info:    Checking defaults for OML/cmm/m/it on input line 294.
LaTeX Font Info:    ... okay on input line 294.
LaTeX Font Info:    Checking defaults for OMS/cmsy/m/n on input line 294.
LaTeX Font Info:    ... okay on input line 294.
LaTeX Font Info:    Checking defaults for OT1/cmr/m/n on input line 294.
LaTeX Font Info:    ... okay on input line 294.
LaTeX Font Info:    Checking defaults for T1/cmr/m/n on input line 294.
LaTeX Font Info:    ... okay on input line 294.
LaTeX Font Info:    Checking defaults for TS1/cmr/m/n on input line 294.
LaTeX Font Info:    ... okay on input line 294.
LaTeX Font Info:    Checking defaults for OMX/cmex/m/n on input line 294.
LaTeX Font Info:    ... okay on input line 294.
LaTeX Font Info:    Checking defaults for U/cmr/m/n on input line 294.
LaTeX Font Info:    ... okay on input line 294.
LaTeX Font Info:    Checking defaults for PD1/pdf/m/n on input line 294.
LaTeX Font Info:    ... okay on input line 294.
LaTeX Font Info:    Checking defaults for PU/pdf/m/n on input line 294.
LaTeX Font Info:    ... okay on input line 294.

(c:/Users/Dell/AppData/Roaming/TinyTeX/texmf-dist/tex/latex/epstopdf-pkg/epstop
df-base.sty
Package: epstopdf-base 2020-01-24 v2.11 Base part for package epstopdf
Package epstopdf-base Info: Redefining graphics rule for `.eps' on input line 4
85.

(c:/Users/Dell/AppData/Roaming/TinyTeX/texmf-dist/tex/latex/latexconfig/epstopd
f-sys.cfg
File: epstopdf-sys.cfg 2010/07/13 v1.3 Configuration of (r)epstopdf for TeX Liv
e
))
Package hyperref Info: Link coloring ON on input line 294.

(c:/Users/Dell/AppData/Roaming/TinyTeX/texmf-dist/tex/latex/hyperref/nameref.st
y
Package: nameref 2021-04-02 v2.47 Cross-referencing by name of section

(c:/Users/Dell/AppData/Roaming/TinyTeX/texmf-dist/tex/latex/refcount/refcount.s
ty
Package: refcount 2019/12/15 v3.6 Data extraction from label references (HO)
)
(c:/Users/Dell/AppData/Roaming/TinyTeX/texmf-dist/tex/generic/gettitlestring/ge
ttitlestring.sty
Package: gettitlestring 2019/12/15 v1.6 Cleanup title references (HO)
)
\c@section@level=\count346
)
LaTeX Info: Redefining \ref on input line 294.
LaTeX Info: Redefining \pageref on input line 294.
LaTeX Info: Redefining \nameref on input line 294.
(./Examen_de_candidatura.out) (./Examen_de_candidatura.out)
\@outlinefile=\write4
\openout4 = `Examen_de_candidatura.out'.

*geometry* driver: auto-detecting
*geometry* detected driver: pdftex
*geometry* verbose mode - [ preamble ] result:
* driver: pdftex
* paper: a4paper
* layout: <same size as paper>
* layoutoffset:(h,v)=(0.0pt,0.0pt)
* modes: 
* h-part:(L,W,R)=(99.58464pt, 426.79135pt, 71.13188pt)
* v-part:(T,H,B)=(72.26999pt, 730.09773pt, 42.67912pt)
* \paperwidth=597.50787pt
* \paperheight=845.04684pt
* \textwidth=426.79135pt
* \textheight=730.09773pt
* \oddsidemargin=27.31465pt
* \evensidemargin=27.31465pt
* \topmargin=-37.0pt
* \headheight=21.9pt
* \headsep=25.0pt
* \topskip=10.0pt
* \footskip=20.0pt
* \marginparwidth=65.0pt
* \marginparsep=11.0pt
* \columnsep=10.0pt
* \skip\footins=9.0pt plus 4.0pt minus 2.0pt
* \hoffset=0.0pt
* \voffset=0.0pt
* \mag=1000
* \@twocolumnfalse
* \@twosidefalse
* \@mparswitchfalse
* \@reversemarginfalse
* (1in=72.27pt=25.4mm, 1cm=28.453pt)

LaTeX Info: Redefining \. on input line 294.
LaTeX Info: Redefining \% on input line 294.
Package caption Info: Begin \AtBeginDocument code.
Package caption Info: float package is loaded.
Package caption Info: floatrow package is loaded.
Package caption Info: longtable package is loaded.

(c:/Users/Dell/AppData/Roaming/TinyTeX/texmf-dist/tex/latex/caption/ltcaption.s
ty
Package: ltcaption 2020/05/30 v1.4b longtable captions (AR)
)
Package caption Info: Fixing longtable code of `floatrow' package.
Package caption Info: threeparttable package is loaded.
Package caption Info: wrapfig package is loaded.
Package caption Info: End \AtBeginDocument code.

(c:/Users/Dell/AppData/Roaming/TinyTeX/texmf-dist/tex/latex/floatrow/fr-longtab
le.sty
Package: fr-longtable 2007/11/28 v0.1b (beta) floatrow: additions for longtable

\flrow@LT@lasthead=\box86
\flrow@LT@prelastfoot=\box87
\c@FBLTpage=\count347
)
LaTeX Font Info:    Trying to load font information for OT1+lmr on input line 2
96.
(c:/Users/Dell/AppData/Roaming/TinyTeX/texmf-dist/tex/latex/lm/ot1lmr.fd
File: ot1lmr.fd 2015/05/01 v1.6.1 Font defs for Latin Modern
)
LaTeX Font Info:    Trying to load font information for OML+lmm on input line 2
96.
(c:/Users/Dell/AppData/Roaming/TinyTeX/texmf-dist/tex/latex/lm/omllmm.fd
File: omllmm.fd 2015/05/01 v1.6.1 Font defs for Latin Modern
)
LaTeX Font Info:    Trying to load font information for OMS+lmsy on input line 
296.
(c:/Users/Dell/AppData/Roaming/TinyTeX/texmf-dist/tex/latex/lm/omslmsy.fd
File: omslmsy.fd 2015/05/01 v1.6.1 Font defs for Latin Modern
)
LaTeX Font Info:    Trying to load font information for OMX+lmex on input line 
296.
(c:/Users/Dell/AppData/Roaming/TinyTeX/texmf-dist/tex/latex/lm/omxlmex.fd
File: omxlmex.fd 2015/05/01 v1.6.1 Font defs for Latin Modern
)
LaTeX Font Info:    External font `lmex10' loaded for size
(Font)              <12> on input line 296.
LaTeX Font Info:    External font `lmex10' loaded for size
(Font)              <8> on input line 296.
LaTeX Font Info:    External font `lmex10' loaded for size
(Font)              <6> on input line 296.
LaTeX Font Info:    Trying to load font information for U+msa on input line 296
.
(c:/Users/Dell/AppData/Roaming/TinyTeX/texmf-dist/tex/latex/amsfonts/umsa.fd
File: umsa.fd 2013/01/14 v3.01 AMS symbols A
)
LaTeX Font Info:    Trying to load font information for U+msb on input line 296
.
(c:/Users/Dell/AppData/Roaming/TinyTeX/texmf-dist/tex/latex/amsfonts/umsb.fd
File: umsb.fd 2013/01/14 v3.01 AMS symbols B
) [1

{c:/Users/Dell/AppData/Roaming/TinyTeX/texmf-var/fonts/map/pdftex/updmap/pdftex
.map}]pdfTeX warning (ext4): destination with the same identifier (name{page.})
 has been already used, duplicate ignored
<to be read again> 
                   \relax 
l.346 \cleardoublepage
                       [2


] (./Examen_de_candidatura.toc
LaTeX Info: Redefining \. on input line 1.
LaTeX Info: Redefining \% on input line 1.
LaTeX Font Info:    External font `lmex10' loaded for size
(Font)              <10> on input line 2.
LaTeX Font Info:    External font `lmex10' loaded for size
(Font)              <7> on input line 2.
LaTeX Font Info:    External font `lmex10' loaded for size
(Font)              <5> on input line 2.
pdfTeX warning (ext4): destination with the same identifier (name{page.}) has b
een already used, duplicate ignored
<to be read again> 
                   \relax 
l.37 ...2.7}Pron√≥sticos}{45}{subsubsection.3.2.7}
                                                  % [3

]pdfTeX warning (ext4): destination with the same identifier (name{page.}) has 
been already used, duplicate ignored
<to be read again> 
                   \relax 
l.73 ...6.2}Datos reales}{74}{subsubsection.4.6.2}
                                                  % [4])
\tf@toc=\write5
\openout5 = `Examen_de_candidatura.toc'.

(./Examen_de_candidatura.lot
LaTeX Info: Redefining \. on input line 1.
LaTeX Info: Redefining \% on input line 1.
)
\tf@lot=\write6
\openout6 = `Examen_de_candidatura.lot'.

(./Examen_de_candidatura.lof
LaTeX Info: Redefining \. on input line 1.
LaTeX Info: Redefining \% on input line 1.
pdfTeX warning (ext4): destination with the same identifier (name{page.}) has b
een already used, duplicate ignored
<to be read again> 
                   \relax 
l.3 ...odo 1991-2000\relax }}{8}{figure.caption.2}
                                                  % [5]pdfTeX warning (ext4): d
estination with the same identifier (name{page.}) has been already used, duplic
ate ignored
<to be read again> 
                   \relax 
l.35 ...IMA(2,0,3)\relax }}{52}{figure.caption.34}
                                                  % [6]pdfTeX warning (ext4): d
estination with the same identifier (name{page.}) has been already used, duplic
ate ignored
<to be read again> 
                   \relax 
l.58 ...,1)(0,1,1)\relax }}{70}{figure.caption.60}
                                                  % [7])
\tf@lof=\write7
\openout7 = `Examen_de_candidatura.lof'.

pdfTeX warning (ext4): destination with the same identifier (name{page.}) has b
een already used, duplicate ignored
<to be read again> 
                   \relax 
l.352 \cleardoublepage
                       [8] [1

]
LaTeX Font Info:    Trying to load font information for T1+lmtt on input line 4
37.
(c:/Users/Dell/AppData/Roaming/TinyTeX/texmf-dist/tex/latex/lm/t1lmtt.fd
File: t1lmtt.fd 2015/05/01 v1.6.1 Font defs for Latin Modern
) [2] [3] [4] [5] [6]
<Examen_de_candidatura_files/figure-latex/ejemplo_aditiva-1.jpeg, id=753, 469.7
55pt x 325.215pt>
File: Examen_de_candidatura_files/figure-latex/ejemplo_aditiva-1.jpeg Graphic f
ile (type jpg)
<use Examen_de_candidatura_files/figure-latex/ejemplo_aditiva-1.jpeg>
Package pdftex.def Info: Examen_de_candidatura_files/figure-latex/ejemplo_aditi
va-1.jpeg  used on input line 692.
(pdftex.def)             Requested size: 426.78961pt x 295.46973pt.
<Examen_de_candidatura_files/figure-latex/ejemplo_multiplicativa-1.jpeg, id=754
, 469.755pt x 325.215pt>
File: Examen_de_candidatura_files/figure-latex/ejemplo_multiplicativa-1.jpeg Gr
aphic file (type jpg)
<use Examen_de_candidatura_files/figure-latex/ejemplo_multiplicativa-1.jpeg>
Package pdftex.def Info: Examen_de_candidatura_files/figure-latex/ejemplo_multi
plicativa-1.jpeg  used on input line 696.
(pdftex.def)             Requested size: 426.78961pt x 295.46973pt.
[7 <./Examen_de_candidatura_files/figure-latex/ejemplo_aditiva-1.jpeg>]
<Examen_de_candidatura_files/figure-latex/ejemplo_tendencia-1.jpeg, id=763, 469
.755pt x 325.215pt>
File: Examen_de_candidatura_files/figure-latex/ejemplo_tendencia-1.jpeg Graphic
 file (type jpg)
<use Examen_de_candidatura_files/figure-latex/ejemplo_tendencia-1.jpeg>
Package pdftex.def Info: Examen_de_candidatura_files/figure-latex/ejemplo_tende
ncia-1.jpeg  used on input line 728.
(pdftex.def)             Requested size: 426.78961pt x 295.46973pt.
[8 <./Examen_de_candidatura_files/figure-latex/ejemplo_multiplicativa-1.jpeg>]
<Examen_de_candidatura_files/figure-latex/ejemplo_ciclo-1.jpeg, id=774, 469.755
pt x 325.215pt>
File: Examen_de_candidatura_files/figure-latex/ejemplo_ciclo-1.jpeg Graphic fil
e (type jpg)
<use Examen_de_candidatura_files/figure-latex/ejemplo_ciclo-1.jpeg>
Package pdftex.def Info: Examen_de_candidatura_files/figure-latex/ejemplo_ciclo
-1.jpeg  used on input line 750.
(pdftex.def)             Requested size: 426.78961pt x 295.46973pt.
[9 <./Examen_de_candidatura_files/figure-latex/ejemplo_tendencia-1.jpeg>]
<Examen_de_candidatura_files/figure-latex/ejemplo_estacional-1.jpeg, id=784, 46
9.755pt x 325.215pt>
File: Examen_de_candidatura_files/figure-latex/ejemplo_estacional-1.jpeg Graphi
c file (type jpg)
<use Examen_de_candidatura_files/figure-latex/ejemplo_estacional-1.jpeg>
Package pdftex.def Info: Examen_de_candidatura_files/figure-latex/ejemplo_estac
ional-1.jpeg  used on input line 784.
(pdftex.def)             Requested size: 426.78961pt x 295.46973pt.
[10 <./Examen_de_candidatura_files/figure-latex/ejemplo_ciclo-1.jpeg>]
<Examen_de_candidatura_files/figure-latex/ejemplo_aleatorio-1.jpeg, id=797, 469
.755pt x 325.215pt>
File: Examen_de_candidatura_files/figure-latex/ejemplo_aleatorio-1.jpeg Graphic
 file (type jpg)
<use Examen_de_candidatura_files/figure-latex/ejemplo_aleatorio-1.jpeg>
Package pdftex.def Info: Examen_de_candidatura_files/figure-latex/ejemplo_aleat
orio-1.jpeg  used on input line 810.
(pdftex.def)             Requested size: 426.78961pt x 295.46973pt.
[11 <./Examen_de_candidatura_files/figure-latex/ejemplo_estacional-1.jpeg>] [12
 <./Examen_de_candidatura_files/figure-latex/ejemplo_aleatorio-1.jpeg>] [13] [1
4]
Overfull \hbox (3.64937pt too wide) detected at line 997
[][]\OML/lmm/m/it/10 ^^M[] \OT1/lmr/m/n/10 = \OML/lmm/m/it/10 E [] \OT1/lmr/m/n
/10 = \OML/lmm/m/it/10 ^^^[]^^M[] \OT1/lmr/m/n/10 + \OML/lmm/m/it/10 ^^^[]^^M[]
 \OT1/lmr/m/n/10 + [] + \OML/lmm/m/it/10 ^^^[]^^M[]
 []

[15] [16] [17] [18] [19]
<Examen_de_candidatura_files/figure-latex/ejemplo_ucr-1.jpeg, id=950, 469.755pt
 x 325.215pt>
File: Examen_de_candidatura_files/figure-latex/ejemplo_ucr-1.jpeg Graphic file 
(type jpg)
<use Examen_de_candidatura_files/figure-latex/ejemplo_ucr-1.jpeg>
Package pdftex.def Info: Examen_de_candidatura_files/figure-latex/ejemplo_ucr-1
.jpeg  used on input line 1334.
(pdftex.def)             Requested size: 426.78961pt x 295.46973pt.
[20]
<Examen_de_candidatura_files/figure-latex/auto_ucr1-1.jpeg, id=957, 469.755pt x
 325.215pt>
File: Examen_de_candidatura_files/figure-latex/auto_ucr1-1.jpeg Graphic file (t
ype jpg)
<use Examen_de_candidatura_files/figure-latex/auto_ucr1-1.jpeg>
Package pdftex.def Info: Examen_de_candidatura_files/figure-latex/auto_ucr1-1.j
peg  used on input line 1346.
(pdftex.def)             Requested size: 426.78961pt x 295.46973pt.
[21 <./Examen_de_candidatura_files/figure-latex/ejemplo_ucr-1.jpeg>]
<Examen_de_candidatura_files/figure-latex/parcial_ucr1-1.jpeg, id=962, 469.755p
t x 325.215pt>
File: Examen_de_candidatura_files/figure-latex/parcial_ucr1-1.jpeg Graphic file
 (type jpg)
<use Examen_de_candidatura_files/figure-latex/parcial_ucr1-1.jpeg>
Package pdftex.def Info: Examen_de_candidatura_files/figure-latex/parcial_ucr1-
1.jpeg  used on input line 1350.
(pdftex.def)             Requested size: 426.78961pt x 295.46973pt.
[22 <./Examen_de_candidatura_files/figure-latex/auto_ucr1-1.jpeg> <./Examen_de_
candidatura_files/figure-latex/parcial_ucr1-1.jpeg>]
<Examen_de_candidatura_files/figure-latex/ejemplo_ucr_diferenciada-1.jpeg, id=9
71, 469.755pt x 325.215pt>
File: Examen_de_candidatura_files/figure-latex/ejemplo_ucr_diferenciada-1.jpeg 
Graphic file (type jpg)
<use Examen_de_candidatura_files/figure-latex/ejemplo_ucr_diferenciada-1.jpeg>
Package pdftex.def Info: Examen_de_candidatura_files/figure-latex/ejemplo_ucr_d
iferenciada-1.jpeg  used on input line 1365.
(pdftex.def)             Requested size: 426.78961pt x 295.46973pt.
<Examen_de_candidatura_files/figure-latex/auto_ucr2-1.jpeg, id=972, 469.755pt x
 325.215pt>
File: Examen_de_candidatura_files/figure-latex/auto_ucr2-1.jpeg Graphic file (t
ype jpg)
<use Examen_de_candidatura_files/figure-latex/auto_ucr2-1.jpeg>
Package pdftex.def Info: Examen_de_candidatura_files/figure-latex/auto_ucr2-1.j
peg  used on input line 1369.
(pdftex.def)             Requested size: 426.78961pt x 295.46973pt.
[23 <./Examen_de_candidatura_files/figure-latex/ejemplo_ucr_diferenciada-1.jpeg
>]
<Examen_de_candidatura_files/figure-latex/parcial_ucr2-1.jpeg, id=978, 469.755p
t x 325.215pt>
File: Examen_de_candidatura_files/figure-latex/parcial_ucr2-1.jpeg Graphic file
 (type jpg)
<use Examen_de_candidatura_files/figure-latex/parcial_ucr2-1.jpeg>
Package pdftex.def Info: Examen_de_candidatura_files/figure-latex/parcial_ucr2-
1.jpeg  used on input line 1373.
(pdftex.def)             Requested size: 426.78961pt x 295.46973pt.
[24 <./Examen_de_candidatura_files/figure-latex/auto_ucr2-1.jpeg> <./Examen_de_
candidatura_files/figure-latex/parcial_ucr2-1.jpeg>] [25] [26] [27]
<Examen_de_candidatura_files/figure-latex/tmiiplotgeneral-1.jpeg, id=1011, 469.
755pt x 325.215pt>
File: Examen_de_candidatura_files/figure-latex/tmiiplotgeneral-1.jpeg Graphic f
ile (type jpg)
<use Examen_de_candidatura_files/figure-latex/tmiiplotgeneral-1.jpeg>
Package pdftex.def Info: Examen_de_candidatura_files/figure-latex/tmiiplotgener
al-1.jpeg  used on input line 1560.
(pdftex.def)             Requested size: 426.78961pt x 295.46973pt.
[28]
<Examen_de_candidatura_files/figure-latex/tmiiplotperiodos-1.jpeg, id=1024, 469
.755pt x 325.215pt>
File: Examen_de_candidatura_files/figure-latex/tmiiplotperiodos-1.jpeg Graphic 
file (type jpg)
<use Examen_de_candidatura_files/figure-latex/tmiiplotperiodos-1.jpeg>
Package pdftex.def Info: Examen_de_candidatura_files/figure-latex/tmiiplotperio
dos-1.jpeg  used on input line 1582.
(pdftex.def)             Requested size: 426.78961pt x 295.46973pt.
[29 <./Examen_de_candidatura_files/figure-latex/tmiiplotgeneral-1.jpeg>]
<Examen_de_candidatura_files/figure-latex/tmiiplotdescomposicion-1.jpeg, id=103
2, 469.755pt x 325.215pt>
File: Examen_de_candidatura_files/figure-latex/tmiiplotdescomposicion-1.jpeg Gr
aphic file (type jpg)
<use Examen_de_candidatura_files/figure-latex/tmiiplotdescomposicion-1.jpeg>
Package pdftex.def Info: Examen_de_candidatura_files/figure-latex/tmiiplotdesco
mposicion-1.jpeg  used on input line 1595.
(pdftex.def)             Requested size: 426.78961pt x 295.46973pt.
[30 <./Examen_de_candidatura_files/figure-latex/tmiiplotperiodos-1.jpeg>] [31 <
./Examen_de_candidatura_files/figure-latex/tmiiplotdescomposicion-1.jpeg>]
<Examen_de_candidatura_files/figure-latex/externaplotgeneral-1.jpeg, id=1050, 4
69.755pt x 325.215pt>
File: Examen_de_candidatura_files/figure-latex/externaplotgeneral-1.jpeg Graphi
c file (type jpg)
<use Examen_de_candidatura_files/figure-latex/externaplotgeneral-1.jpeg>
Package pdftex.def Info: Examen_de_candidatura_files/figure-latex/externaplotge
neral-1.jpeg  used on input line 1647.
(pdftex.def)             Requested size: 426.78961pt x 295.46973pt.
[32 <./Examen_de_candidatura_files/figure-latex/externaplotgeneral-1.jpeg>]
<Examen_de_candidatura_files/figure-latex/externasplotperiodos-1.jpeg, id=1062,
 469.755pt x 325.215pt>
File: Examen_de_candidatura_files/figure-latex/externasplotperiodos-1.jpeg Grap
hic file (type jpg)
<use Examen_de_candidatura_files/figure-latex/externasplotperiodos-1.jpeg>
Package pdftex.def Info: Examen_de_candidatura_files/figure-latex/externasplotp
eriodos-1.jpeg  used on input line 1664.
(pdftex.def)             Requested size: 426.78961pt x 295.46973pt.
<Examen_de_candidatura_files/figure-latex/externasplotdescomposicion-1.jpeg, id
=1064, 469.755pt x 325.215pt>
File: Examen_de_candidatura_files/figure-latex/externasplotdescomposicion-1.jpe
g Graphic file (type jpg)
<use Examen_de_candidatura_files/figure-latex/externasplotdescomposicion-1.jpeg
>
Package pdftex.def Info: Examen_de_candidatura_files/figure-latex/externasplotd
escomposicion-1.jpeg  used on input line 1676.
(pdftex.def)             Requested size: 426.78961pt x 295.46973pt.
[33 <./Examen_de_candidatura_files/figure-latex/externasplotperiodos-1.jpeg>]
<Examen_de_candidatura_files/figure-latex/incentivosplotgeneral-1.jpeg, id=1071
, 469.755pt x 325.215pt>
File: Examen_de_candidatura_files/figure-latex/incentivosplotgeneral-1.jpeg Gra
phic file (type jpg)
<use Examen_de_candidatura_files/figure-latex/incentivosplotgeneral-1.jpeg>
Package pdftex.def Info: Examen_de_candidatura_files/figure-latex/incentivosplo
tgeneral-1.jpeg  used on input line 1705.
(pdftex.def)             Requested size: 426.78961pt x 295.46973pt.
[34 <./Examen_de_candidatura_files/figure-latex/externasplotdescomposicion-1.jp
eg>]
<Examen_de_candidatura_files/figure-latex/incentivosplotperiodos-1.jpeg, id=107
6, 469.755pt x 325.215pt>
File: Examen_de_candidatura_files/figure-latex/incentivosplotperiodos-1.jpeg Gr
aphic file (type jpg)
<use Examen_de_candidatura_files/figure-latex/incentivosplotperiodos-1.jpeg>
Package pdftex.def Info: Examen_de_candidatura_files/figure-latex/incentivosplo
tperiodos-1.jpeg  used on input line 1709.
(pdftex.def)             Requested size: 426.78961pt x 295.46973pt.
[35 <./Examen_de_candidatura_files/figure-latex/incentivosplotgeneral-1.jpeg> <
./Examen_de_candidatura_files/figure-latex/incentivosplotperiodos-1.jpeg>]
<Examen_de_candidatura_files/figure-latex/incentivosplotdescomposicion-1.jpeg, 
id=1083, 469.755pt x 325.215pt>
File: Examen_de_candidatura_files/figure-latex/incentivosplotdescomposicion-1.j
peg Graphic file (type jpg)
<use Examen_de_candidatura_files/figure-latex/incentivosplotdescomposicion-1.jp
eg>
Package pdftex.def Info: Examen_de_candidatura_files/figure-latex/incentivosplo
tdescomposicion-1.jpeg  used on input line 1722.
(pdftex.def)             Requested size: 426.78961pt x 295.46973pt.
[36 <./Examen_de_candidatura_files/figure-latex/incentivosplotdescomposicion-1.
jpeg>]
<Examen_de_candidatura_files/figure-latex/interesesplotgeneral-1.jpeg, id=1091,
 469.755pt x 325.215pt>
File: Examen_de_candidatura_files/figure-latex/interesesplotgeneral-1.jpeg Grap
hic file (type jpg)
<use Examen_de_candidatura_files/figure-latex/interesesplotgeneral-1.jpeg>
Package pdftex.def Info: Examen_de_candidatura_files/figure-latex/interesesplot
general-1.jpeg  used on input line 1768.
(pdftex.def)             Requested size: 426.78961pt x 295.46973pt.
<Examen_de_candidatura_files/figure-latex/interesesplotperiodos-1.jpeg, id=1092
, 469.755pt x 325.215pt>
File: Examen_de_candidatura_files/figure-latex/interesesplotperiodos-1.jpeg Gra
phic file (type jpg)
<use Examen_de_candidatura_files/figure-latex/interesesplotperiodos-1.jpeg>
Package pdftex.def Info: Examen_de_candidatura_files/figure-latex/interesesplot
periodos-1.jpeg  used on input line 1772.
(pdftex.def)             Requested size: 426.78961pt x 295.46973pt.
[37 <./Examen_de_candidatura_files/figure-latex/interesesplotgeneral-1.jpeg>]
<Examen_de_candidatura_files/figure-latex/interesesplotdescomposicion-1.jpeg, i
d=1098, 469.755pt x 325.215pt>
File: Examen_de_candidatura_files/figure-latex/interesesplotdescomposicion-1.jp
eg Graphic file (type jpg)
<use Examen_de_candidatura_files/figure-latex/interesesplotdescomposicion-1.jpe
g>
Package pdftex.def Info: Examen_de_candidatura_files/figure-latex/interesesplot
descomposicion-1.jpeg  used on input line 1785.
(pdftex.def)             Requested size: 426.78961pt x 295.46973pt.
[38 <./Examen_de_candidatura_files/figure-latex/interesesplotperiodos-1.jpeg>] 
[39 <./Examen_de_candidatura_files/figure-latex/interesesplotdescomposicion-1.j
peg>]
Underfull \hbox (badness 1577) in paragraph at lines 1837--1843
\T1/lmr/m/n/10 in-ves-ti-ga-ciÛn fue-ron se-lec-cio-na-dos los si-guien-tes pro
-ce-sos: $\OML/lmm/m/it/10 ARIMA\OT1/lmr/m/n/10 (1\OML/lmm/m/it/10 ; \OT1/lmr/m
/n/10 0\OML/lmm/m/it/10 ; \OT1/lmr/m/n/10 0)\OML/lmm/m/it/10 ; ARIMA\OT1/lmr/m/
n/10 (1\OML/lmm/m/it/10 ; \OT1/lmr/m/n/10 0\OML/lmm/m/it/10 ; \OT1/lmr/m/n/10 1
)\OML/lmm/m/it/10 ;$
 []

<Examen_de_candidatura_files/figure-latex/datos_simulados-1.jpeg, id=1131, 469.
755pt x 325.215pt>
File: Examen_de_candidatura_files/figure-latex/datos_simulados-1.jpeg Graphic f
ile (type jpg)
<use Examen_de_candidatura_files/figure-latex/datos_simulados-1.jpeg>
Package pdftex.def Info: Examen_de_candidatura_files/figure-latex/datos_simulad
os-1.jpeg  used on input line 1863.
(pdftex.def)             Requested size: 426.78961pt x 295.46973pt.
[40]
<Examen_de_candidatura_files/figure-latex/series_simuladas-1.jpeg, id=1136, 469
.755pt x 325.215pt>
File: Examen_de_candidatura_files/figure-latex/series_simuladas-1.jpeg Graphic 
file (type jpg)
<use Examen_de_candidatura_files/figure-latex/series_simuladas-1.jpeg>
Package pdftex.def Info: Examen_de_candidatura_files/figure-latex/series_simula
das-1.jpeg  used on input line 1867.
(pdftex.def)             Requested size: 426.78961pt x 295.46973pt.
[41 <./Examen_de_candidatura_files/figure-latex/datos_simulados-1.jpeg> <./Exam
en_de_candidatura_files/figure-latex/series_simuladas-1.jpeg>] [42]
Missing character: There is no ; in font nullfont!
Missing character: There is no ; in font nullfont!
[43] [44] [45] [46]
<Examen_de_candidatura_files/figure-latex/arima100_comportamiento-1.jpeg, id=11
99, 469.755pt x 325.215pt>
File: Examen_de_candidatura_files/figure-latex/arima100_comportamiento-1.jpeg G
raphic file (type jpg)
<use Examen_de_candidatura_files/figure-latex/arima100_comportamiento-1.jpeg>
Package pdftex.def Info: Examen_de_candidatura_files/figure-latex/arima100_comp
ortamiento-1.jpeg  used on input line 2191.
(pdftex.def)             Requested size: 426.78961pt x 295.46973pt.
[47]
<Examen_de_candidatura_files/figure-latex/arima100_acf-1.jpeg, id=1205, 469.755
pt x 325.215pt>
File: Examen_de_candidatura_files/figure-latex/arima100_acf-1.jpeg Graphic file
 (type jpg)
<use Examen_de_candidatura_files/figure-latex/arima100_acf-1.jpeg>
Package pdftex.def Info: Examen_de_candidatura_files/figure-latex/arima100_acf-
1.jpeg  used on input line 2195.
(pdftex.def)             Requested size: 426.78961pt x 295.46973pt.
<Examen_de_candidatura_files/figure-latex/arima100_pacf-1.jpeg, id=1206, 469.75
5pt x 325.215pt>
File: Examen_de_candidatura_files/figure-latex/arima100_pacf-1.jpeg Graphic fil
e (type jpg)
<use Examen_de_candidatura_files/figure-latex/arima100_pacf-1.jpeg>
Package pdftex.def Info: Examen_de_candidatura_files/figure-latex/arima100_pacf
-1.jpeg  used on input line 2199.
(pdftex.def)             Requested size: 426.78961pt x 295.46973pt.
[48 <./Examen_de_candidatura_files/figure-latex/arima100_comportamiento-1.jpeg>
 <./Examen_de_candidatura_files/figure-latex/arima100_acf-1.jpeg>]
<Examen_de_candidatura_files/figure-latex/arima101_comportamiento-1.jpeg, id=12
14, 469.755pt x 325.215pt>
File: Examen_de_candidatura_files/figure-latex/arima101_comportamiento-1.jpeg G
raphic file (type jpg)
<use Examen_de_candidatura_files/figure-latex/arima101_comportamiento-1.jpeg>
Package pdftex.def Info: Examen_de_candidatura_files/figure-latex/arima101_comp
ortamiento-1.jpeg  used on input line 2215.
(pdftex.def)             Requested size: 426.78961pt x 295.46973pt.
[49 <./Examen_de_candidatura_files/figure-latex/arima100_pacf-1.jpeg>]
<Examen_de_candidatura_files/figure-latex/arima101_acf-1.jpeg, id=1219, 469.755
pt x 325.215pt>
File: Examen_de_candidatura_files/figure-latex/arima101_acf-1.jpeg Graphic file
 (type jpg)
<use Examen_de_candidatura_files/figure-latex/arima101_acf-1.jpeg>
Package pdftex.def Info: Examen_de_candidatura_files/figure-latex/arima101_acf-
1.jpeg  used on input line 2219.
(pdftex.def)             Requested size: 426.78961pt x 295.46973pt.
<Examen_de_candidatura_files/figure-latex/arima101_pacf-1.jpeg, id=1220, 469.75
5pt x 325.215pt>
File: Examen_de_candidatura_files/figure-latex/arima101_pacf-1.jpeg Graphic fil
e (type jpg)
<use Examen_de_candidatura_files/figure-latex/arima101_pacf-1.jpeg>
Package pdftex.def Info: Examen_de_candidatura_files/figure-latex/arima101_pacf
-1.jpeg  used on input line 2223.
(pdftex.def)             Requested size: 426.78961pt x 295.46973pt.
[50 <./Examen_de_candidatura_files/figure-latex/arima101_comportamiento-1.jpeg>
 <./Examen_de_candidatura_files/figure-latex/arima101_acf-1.jpeg>]
<Examen_de_candidatura_files/figure-latex/arima203_comportamiento-1.jpeg, id=12
28, 469.755pt x 325.215pt>
File: Examen_de_candidatura_files/figure-latex/arima203_comportamiento-1.jpeg G
raphic file (type jpg)
<use Examen_de_candidatura_files/figure-latex/arima203_comportamiento-1.jpeg>
Package pdftex.def Info: Examen_de_candidatura_files/figure-latex/arima203_comp
ortamiento-1.jpeg  used on input line 2240.
(pdftex.def)             Requested size: 426.78961pt x 295.46973pt.
[51 <./Examen_de_candidatura_files/figure-latex/arima101_pacf-1.jpeg>]
<Examen_de_candidatura_files/figure-latex/arima203_acf-1.jpeg, id=1233, 469.755
pt x 325.215pt>
File: Examen_de_candidatura_files/figure-latex/arima203_acf-1.jpeg Graphic file
 (type jpg)
<use Examen_de_candidatura_files/figure-latex/arima203_acf-1.jpeg>
Package pdftex.def Info: Examen_de_candidatura_files/figure-latex/arima203_acf-
1.jpeg  used on input line 2244.
(pdftex.def)             Requested size: 426.78961pt x 295.46973pt.
<Examen_de_candidatura_files/figure-latex/arima203_pacf-1.jpeg, id=1234, 469.75
5pt x 325.215pt>
File: Examen_de_candidatura_files/figure-latex/arima203_pacf-1.jpeg Graphic fil
e (type jpg)
<use Examen_de_candidatura_files/figure-latex/arima203_pacf-1.jpeg>
Package pdftex.def Info: Examen_de_candidatura_files/figure-latex/arima203_pacf
-1.jpeg  used on input line 2248.
(pdftex.def)             Requested size: 426.78961pt x 295.46973pt.
[52 <./Examen_de_candidatura_files/figure-latex/arima203_comportamiento-1.jpeg>
 <./Examen_de_candidatura_files/figure-latex/arima203_acf-1.jpeg>]
<Examen_de_candidatura_files/figure-latex/arima402_comportamiento-1.jpeg, id=12
42, 469.755pt x 325.215pt>
File: Examen_de_candidatura_files/figure-latex/arima402_comportamiento-1.jpeg G
raphic file (type jpg)
<use Examen_de_candidatura_files/figure-latex/arima402_comportamiento-1.jpeg>
Package pdftex.def Info: Examen_de_candidatura_files/figure-latex/arima402_comp
ortamiento-1.jpeg  used on input line 2261.
(pdftex.def)             Requested size: 426.78961pt x 295.46973pt.
[53 <./Examen_de_candidatura_files/figure-latex/arima203_pacf-1.jpeg>]
<Examen_de_candidatura_files/figure-latex/arima402_acf-1.jpeg, id=1248, 469.755
pt x 325.215pt>
File: Examen_de_candidatura_files/figure-latex/arima402_acf-1.jpeg Graphic file
 (type jpg)
<use Examen_de_candidatura_files/figure-latex/arima402_acf-1.jpeg>
Package pdftex.def Info: Examen_de_candidatura_files/figure-latex/arima402_acf-
1.jpeg  used on input line 2265.
(pdftex.def)             Requested size: 426.78961pt x 295.46973pt.
<Examen_de_candidatura_files/figure-latex/arima402_pacf-1.jpeg, id=1249, 469.75
5pt x 325.215pt>
File: Examen_de_candidatura_files/figure-latex/arima402_pacf-1.jpeg Graphic fil
e (type jpg)
<use Examen_de_candidatura_files/figure-latex/arima402_pacf-1.jpeg>
Package pdftex.def Info: Examen_de_candidatura_files/figure-latex/arima402_pacf
-1.jpeg  used on input line 2269.
(pdftex.def)             Requested size: 426.78961pt x 295.46973pt.
[54 <./Examen_de_candidatura_files/figure-latex/arima402_comportamiento-1.jpeg>
 <./Examen_de_candidatura_files/figure-latex/arima402_acf-1.jpeg>]
<Examen_de_candidatura_files/figure-latex/arima001_011_comportamiento-1.jpeg, i
d=1257, 469.755pt x 325.215pt>
File: Examen_de_candidatura_files/figure-latex/arima001_011_comportamiento-1.jp
eg Graphic file (type jpg)
<use Examen_de_candidatura_files/figure-latex/arima001_011_comportamiento-1.jpe
g>
Package pdftex.def Info: Examen_de_candidatura_files/figure-latex/arima001_011_
comportamiento-1.jpeg  used on input line 2283.
(pdftex.def)             Requested size: 426.78961pt x 295.46973pt.
[55 <./Examen_de_candidatura_files/figure-latex/arima402_pacf-1.jpeg>]
<Examen_de_candidatura_files/figure-latex/arima001_011_acf-1.jpeg, id=1262, 469
.755pt x 325.215pt>
File: Examen_de_candidatura_files/figure-latex/arima001_011_acf-1.jpeg Graphic 
file (type jpg)
<use Examen_de_candidatura_files/figure-latex/arima001_011_acf-1.jpeg>
Package pdftex.def Info: Examen_de_candidatura_files/figure-latex/arima001_011_
acf-1.jpeg  used on input line 2287.
(pdftex.def)             Requested size: 426.78961pt x 295.46973pt.
<Examen_de_candidatura_files/figure-latex/arima001_011_pacf-1.jpeg, id=1263, 46
9.755pt x 325.215pt>
File: Examen_de_candidatura_files/figure-latex/arima001_011_pacf-1.jpeg Graphic
 file (type jpg)
<use Examen_de_candidatura_files/figure-latex/arima001_011_pacf-1.jpeg>
Package pdftex.def Info: Examen_de_candidatura_files/figure-latex/arima001_011_
pacf-1.jpeg  used on input line 2291.
(pdftex.def)             Requested size: 426.78961pt x 295.46973pt.

Underfull \hbox (badness 1221) in paragraph at lines 2291--2291
[]\T1/lmr/m/n/10 Figura 41: |Au-to-co-rre-la-ciÛn par-cial de los da-tos si-mu-
la-dos a par-tir de un pro-ce-so ARI-
 []

[56 <./Examen_de_candidatura_files/figure-latex/arima001_011_comportamiento-1.j
peg> <./Examen_de_candidatura_files/figure-latex/arima001_011_acf-1.jpeg>]
<Examen_de_candidatura_files/figure-latex/arima214_303_comportamiento-1.jpeg, i
d=1271, 469.755pt x 325.215pt>
File: Examen_de_candidatura_files/figure-latex/arima214_303_comportamiento-1.jp
eg Graphic file (type jpg)
<use Examen_de_candidatura_files/figure-latex/arima214_303_comportamiento-1.jpe
g>
Package pdftex.def Info: Examen_de_candidatura_files/figure-latex/arima214_303_
comportamiento-1.jpeg  used on input line 2305.
(pdftex.def)             Requested size: 426.78961pt x 295.46973pt.
[57 <./Examen_de_candidatura_files/figure-latex/arima001_011_pacf-1.jpeg>]
<Examen_de_candidatura_files/figure-latex/arima214_303_acf-1.jpeg, id=1277, 469
.755pt x 325.215pt>
File: Examen_de_candidatura_files/figure-latex/arima214_303_acf-1.jpeg Graphic 
file (type jpg)
<use Examen_de_candidatura_files/figure-latex/arima214_303_acf-1.jpeg>
Package pdftex.def Info: Examen_de_candidatura_files/figure-latex/arima214_303_
acf-1.jpeg  used on input line 2309.
(pdftex.def)             Requested size: 426.78961pt x 295.46973pt.
<Examen_de_candidatura_files/figure-latex/arima214_303_pacf-1.jpeg, id=1278, 46
9.755pt x 325.215pt>
File: Examen_de_candidatura_files/figure-latex/arima214_303_pacf-1.jpeg Graphic
 file (type jpg)
<use Examen_de_candidatura_files/figure-latex/arima214_303_pacf-1.jpeg>
Package pdftex.def Info: Examen_de_candidatura_files/figure-latex/arima214_303_
pacf-1.jpeg  used on input line 2313.
(pdftex.def)             Requested size: 426.78961pt x 295.46973pt.

Underfull \hbox (badness 1221) in paragraph at lines 2313--2313
[]\T1/lmr/m/n/10 Figura 44: |Au-to-co-rre-la-ciÛn par-cial de los da-tos si-mu-
la-dos a par-tir de un pro-ce-so ARI-
 []

[58 <./Examen_de_candidatura_files/figure-latex/arima214_303_comportamiento-1.j
peg> <./Examen_de_candidatura_files/figure-latex/arima214_303_acf-1.jpeg>]
<Examen_de_candidatura_files/figure-latex/particion_series_simuladas-1.jpeg, id
=1285, 469.755pt x 325.215pt>
File: Examen_de_candidatura_files/figure-latex/particion_series_simuladas-1.jpe
g Graphic file (type jpg)
<use Examen_de_candidatura_files/figure-latex/particion_series_simuladas-1.jpeg
>
Package pdftex.def Info: Examen_de_candidatura_files/figure-latex/particion_ser
ies_simuladas-1.jpeg  used on input line 2337.
(pdftex.def)             Requested size: 426.78961pt x 295.46973pt.
[59 <./Examen_de_candidatura_files/figure-latex/arima214_303_pacf-1.jpeg>]
<Examen_de_candidatura_files/figure-latex/particion_series_reales-1.jpeg, id=12
91, 469.755pt x 325.215pt>
File: Examen_de_candidatura_files/figure-latex/particion_series_reales-1.jpeg G
raphic file (type jpg)
<use Examen_de_candidatura_files/figure-latex/particion_series_reales-1.jpeg>
Package pdftex.def Info: Examen_de_candidatura_files/figure-latex/particion_ser
ies_reales-1.jpeg  used on input line 2341.
(pdftex.def)             Requested size: 426.78961pt x 295.46973pt.
[60 <./Examen_de_candidatura_files/figure-latex/particion_series_simuladas-1.jp
eg> <./Examen_de_candidatura_files/figure-latex/particion_series_reales-1.jpeg>
]

LaTeX Warning: `!h' float specifier changed to `!ht'.


LaTeX Warning: `!h' float specifier changed to `!ht'.

[61]

LaTeX Warning: `!h' float specifier changed to `!ht'.

[62]
<Examen_de_candidatura_files/figure-latex/errores_simulados_autoarima1-1.jpeg, 
id=1318, 469.755pt x 325.215pt>
File: Examen_de_candidatura_files/figure-latex/errores_simulados_autoarima1-1.j
peg Graphic file (type jpg)
<use Examen_de_candidatura_files/figure-latex/errores_simulados_autoarima1-1.jp
eg>
Package pdftex.def Info: Examen_de_candidatura_files/figure-latex/errores_simul
ados_autoarima1-1.jpeg  used on input line 2673.
(pdftex.def)             Requested size: 426.78961pt x 295.46973pt.
[63]
Overfull \vbox (19.07605pt too high) has occurred while \output is active []

[64 <./Examen_de_candidatura_files/figure-latex/errores_simulados_autoarima1-1.
jpeg>]
<Examen_de_candidatura_files/figure-latex/errores_simulados_autoarima2-1.jpeg, 
id=1327, 469.755pt x 325.215pt>
File: Examen_de_candidatura_files/figure-latex/errores_simulados_autoarima2-1.j
peg Graphic file (type jpg)
<use Examen_de_candidatura_files/figure-latex/errores_simulados_autoarima2-1.jp
eg>
Package pdftex.def Info: Examen_de_candidatura_files/figure-latex/errores_simul
ados_autoarima2-1.jpeg  used on input line 2677.
(pdftex.def)             Requested size: 426.78961pt x 295.46973pt.
<Examen_de_candidatura_files/figure-latex/errores_simulados_autoarima3-1.jpeg, 
id=1328, 469.755pt x 325.215pt>
File: Examen_de_candidatura_files/figure-latex/errores_simulados_autoarima3-1.j
peg Graphic file (type jpg)
<use Examen_de_candidatura_files/figure-latex/errores_simulados_autoarima3-1.jp
eg>
Package pdftex.def Info: Examen_de_candidatura_files/figure-latex/errores_simul
ados_autoarima3-1.jpeg  used on input line 2681.
(pdftex.def)             Requested size: 426.78961pt x 295.46973pt.
<Examen_de_candidatura_files/figure-latex/errores_simulados_autoarima4-1.jpeg, 
id=1329, 469.755pt x 325.215pt>
File: Examen_de_candidatura_files/figure-latex/errores_simulados_autoarima4-1.j
peg Graphic file (type jpg)
<use Examen_de_candidatura_files/figure-latex/errores_simulados_autoarima4-1.jp
eg>
Package pdftex.def Info: Examen_de_candidatura_files/figure-latex/errores_simul
ados_autoarima4-1.jpeg  used on input line 2685.
(pdftex.def)             Requested size: 426.78961pt x 295.46973pt.
[65 <./Examen_de_candidatura_files/figure-latex/errores_simulados_autoarima2-1.
jpeg> <./Examen_de_candidatura_files/figure-latex/errores_simulados_autoarima3-
1.jpeg>]
<Examen_de_candidatura_files/figure-latex/errores_simulados_autoarima5-1.jpeg, 
id=1335, 469.755pt x 325.215pt>
File: Examen_de_candidatura_files/figure-latex/errores_simulados_autoarima5-1.j
peg Graphic file (type jpg)
<use Examen_de_candidatura_files/figure-latex/errores_simulados_autoarima5-1.jp
eg>
Package pdftex.def Info: Examen_de_candidatura_files/figure-latex/errores_simul
ados_autoarima5-1.jpeg  used on input line 2689.
(pdftex.def)             Requested size: 426.78961pt x 295.46973pt.
<Examen_de_candidatura_files/figure-latex/errores_simulados_autoarima6-1.jpeg, 
id=1336, 469.755pt x 325.215pt>
File: Examen_de_candidatura_files/figure-latex/errores_simulados_autoarima6-1.j
peg Graphic file (type jpg)
<use Examen_de_candidatura_files/figure-latex/errores_simulados_autoarima6-1.jp
eg>
Package pdftex.def Info: Examen_de_candidatura_files/figure-latex/errores_simul
ados_autoarima6-1.jpeg  used on input line 2693.
(pdftex.def)             Requested size: 426.78961pt x 295.46973pt.
[66 <./Examen_de_candidatura_files/figure-latex/errores_simulados_autoarima4-1.
jpeg> <./Examen_de_candidatura_files/figure-latex/errores_simulados_autoarima5-
1.jpeg>]
<Examen_de_candidatura_files/figure-latex/errores_simulados_sobreparametrizacio
n1-1.jpeg, id=1347, 469.755pt x 325.215pt>
File: Examen_de_candidatura_files/figure-latex/errores_simulados_sobreparametri
zacion1-1.jpeg Graphic file (type jpg)
<use Examen_de_candidatura_files/figure-latex/errores_simulados_sobreparametriz
acion1-1.jpeg>
Package pdftex.def Info: Examen_de_candidatura_files/figure-latex/errores_simul
ados_sobreparametrizacion1-1.jpeg  used on input line 2710.
(pdftex.def)             Requested size: 426.78961pt x 295.46973pt.
[67 <./Examen_de_candidatura_files/figure-latex/errores_simulados_autoarima6-1.
jpeg>]
<Examen_de_candidatura_files/figure-latex/errores_simulados_sobreparametrizacio
n2-1.jpeg, id=1352, 469.755pt x 325.215pt>
File: Examen_de_candidatura_files/figure-latex/errores_simulados_sobreparametri
zacion2-1.jpeg Graphic file (type jpg)
<use Examen_de_candidatura_files/figure-latex/errores_simulados_sobreparametriz
acion2-1.jpeg>
Package pdftex.def Info: Examen_de_candidatura_files/figure-latex/errores_simul
ados_sobreparametrizacion2-1.jpeg  used on input line 2714.
(pdftex.def)             Requested size: 426.78961pt x 295.46973pt.
<Examen_de_candidatura_files/figure-latex/errores_simulados_sobreparametrizacio
n3-1.jpeg, id=1353, 469.755pt x 325.215pt>
File: Examen_de_candidatura_files/figure-latex/errores_simulados_sobreparametri
zacion3-1.jpeg Graphic file (type jpg)
<use Examen_de_candidatura_files/figure-latex/errores_simulados_sobreparametriz
acion3-1.jpeg>
Package pdftex.def Info: Examen_de_candidatura_files/figure-latex/errores_simul
ados_sobreparametrizacion3-1.jpeg  used on input line 2718.
(pdftex.def)             Requested size: 426.78961pt x 295.46973pt.
[68 <./Examen_de_candidatura_files/figure-latex/errores_simulados_sobreparametr
izacion1-1.jpeg> <./Examen_de_candidatura_files/figure-latex/errores_simulados_
sobreparametrizacion2-1.jpeg>]
<Examen_de_candidatura_files/figure-latex/errores_simulados_sobreparametrizacio
n4-1.jpeg, id=1358, 469.755pt x 325.215pt>
File: Examen_de_candidatura_files/figure-latex/errores_simulados_sobreparametri
zacion4-1.jpeg Graphic file (type jpg)
<use Examen_de_candidatura_files/figure-latex/errores_simulados_sobreparametriz
acion4-1.jpeg>
Package pdftex.def Info: Examen_de_candidatura_files/figure-latex/errores_simul
ados_sobreparametrizacion4-1.jpeg  used on input line 2722.
(pdftex.def)             Requested size: 426.78961pt x 295.46973pt.
<Examen_de_candidatura_files/figure-latex/errores_simulados_sobreparametrizacio
n5-1.jpeg, id=1359, 469.755pt x 325.215pt>
File: Examen_de_candidatura_files/figure-latex/errores_simulados_sobreparametri
zacion5-1.jpeg Graphic file (type jpg)
<use Examen_de_candidatura_files/figure-latex/errores_simulados_sobreparametriz
acion5-1.jpeg>
Package pdftex.def Info: Examen_de_candidatura_files/figure-latex/errores_simul
ados_sobreparametrizacion5-1.jpeg  used on input line 2726.
(pdftex.def)             Requested size: 426.78961pt x 295.46973pt.
[69 <./Examen_de_candidatura_files/figure-latex/errores_simulados_sobreparametr
izacion3-1.jpeg> <./Examen_de_candidatura_files/figure-latex/errores_simulados_
sobreparametrizacion4-1.jpeg>]
<Examen_de_candidatura_files/figure-latex/errores_simulados_sobreparametrizacio
n6-1.jpeg, id=1364, 469.755pt x 325.215pt>
File: Examen_de_candidatura_files/figure-latex/errores_simulados_sobreparametri
zacion6-1.jpeg Graphic file (type jpg)
<use Examen_de_candidatura_files/figure-latex/errores_simulados_sobreparametriz
acion6-1.jpeg>
Package pdftex.def Info: Examen_de_candidatura_files/figure-latex/errores_simul
ados_sobreparametrizacion6-1.jpeg  used on input line 2730.
(pdftex.def)             Requested size: 426.78961pt x 295.46973pt.

Underfull \hbox (badness 1946) in paragraph at lines 2735--2747
[]\T1/lmr/m/n/10 Como ya fue men-cio-na-do, pa-ra los mo-de-los sin par-te es-t
a-cio-nal se ajus-tÛ un mo-de-lo
 []

[70 <./Examen_de_candidatura_files/figure-latex/errores_simulados_sobreparametr
izacion5-1.jpeg> <./Examen_de_candidatura_files/figure-latex/errores_simulados_
sobreparametrizacion6-1.jpeg>]
<Examen_de_candidatura_files/figure-latex/errores_simulados_arima_estandar1-1.j
peg, id=1376, 469.755pt x 325.215pt>
File: Examen_de_candidatura_files/figure-latex/errores_simulados_arima_estandar
1-1.jpeg Graphic file (type jpg)
<use Examen_de_candidatura_files/figure-latex/errores_simulados_arima_estandar1
-1.jpeg>
Package pdftex.def Info: Examen_de_candidatura_files/figure-latex/errores_simul
ados_arima_estandar1-1.jpeg  used on input line 2749.
(pdftex.def)             Requested size: 426.78961pt x 295.46973pt.
<Examen_de_candidatura_files/figure-latex/errores_simulados_arima_estandar2-1.j
peg, id=1377, 469.755pt x 325.215pt>
File: Examen_de_candidatura_files/figure-latex/errores_simulados_arima_estandar
2-1.jpeg Graphic file (type jpg)
<use Examen_de_candidatura_files/figure-latex/errores_simulados_arima_estandar2
-1.jpeg>
Package pdftex.def Info: Examen_de_candidatura_files/figure-latex/errores_simul
ados_arima_estandar2-1.jpeg  used on input line 2753.
(pdftex.def)             Requested size: 426.78961pt x 295.46973pt.
[71 <./Examen_de_candidatura_files/figure-latex/errores_simulados_arima_estanda
r1-1.jpeg>]
<Examen_de_candidatura_files/figure-latex/errores_simulados_arima_estandar3-1.j
peg, id=1383, 469.755pt x 325.215pt>
File: Examen_de_candidatura_files/figure-latex/errores_simulados_arima_estandar
3-1.jpeg Graphic file (type jpg)
<use Examen_de_candidatura_files/figure-latex/errores_simulados_arima_estandar3
-1.jpeg>
Package pdftex.def Info: Examen_de_candidatura_files/figure-latex/errores_simul
ados_arima_estandar3-1.jpeg  used on input line 2757.
(pdftex.def)             Requested size: 426.78961pt x 295.46973pt.
<Examen_de_candidatura_files/figure-latex/errores_simulados_arima_estandar4-1.j
peg, id=1384, 469.755pt x 325.215pt>
File: Examen_de_candidatura_files/figure-latex/errores_simulados_arima_estandar
4-1.jpeg Graphic file (type jpg)
<use Examen_de_candidatura_files/figure-latex/errores_simulados_arima_estandar4
-1.jpeg>
Package pdftex.def Info: Examen_de_candidatura_files/figure-latex/errores_simul
ados_arima_estandar4-1.jpeg  used on input line 2761.
(pdftex.def)             Requested size: 426.78961pt x 295.46973pt.
[72 <./Examen_de_candidatura_files/figure-latex/errores_simulados_arima_estanda
r2-1.jpeg> <./Examen_de_candidatura_files/figure-latex/errores_simulados_arima_
estandar3-1.jpeg>]
<Examen_de_candidatura_files/figure-latex/errores_simulados_arima_estandar5-1.j
peg, id=1389, 469.755pt x 325.215pt>
File: Examen_de_candidatura_files/figure-latex/errores_simulados_arima_estandar
5-1.jpeg Graphic file (type jpg)
<use Examen_de_candidatura_files/figure-latex/errores_simulados_arima_estandar5
-1.jpeg>
Package pdftex.def Info: Examen_de_candidatura_files/figure-latex/errores_simul
ados_arima_estandar5-1.jpeg  used on input line 2765.
(pdftex.def)             Requested size: 426.78961pt x 295.46973pt.
<Examen_de_candidatura_files/figure-latex/errores_simulados_arima_estandar6-1.j
peg, id=1390, 469.755pt x 325.215pt>
File: Examen_de_candidatura_files/figure-latex/errores_simulados_arima_estandar
6-1.jpeg Graphic file (type jpg)
<use Examen_de_candidatura_files/figure-latex/errores_simulados_arima_estandar6
-1.jpeg>
Package pdftex.def Info: Examen_de_candidatura_files/figure-latex/errores_simul
ados_arima_estandar6-1.jpeg  used on input line 2769.
(pdftex.def)             Requested size: 426.78961pt x 295.46973pt.
[73 <./Examen_de_candidatura_files/figure-latex/errores_simulados_arima_estanda
r4-1.jpeg> <./Examen_de_candidatura_files/figure-latex/errores_simulados_arima_
estandar5-1.jpeg>]
<Examen_de_candidatura_files/figure-latex/pronostico_arima100-1.jpeg, id=1401, 
469.755pt x 325.215pt>
File: Examen_de_candidatura_files/figure-latex/pronostico_arima100-1.jpeg Graph
ic file (type jpg)
<use Examen_de_candidatura_files/figure-latex/pronostico_arima100-1.jpeg>
Package pdftex.def Info: Examen_de_candidatura_files/figure-latex/pronostico_ar
ima100-1.jpeg  used on input line 2799.
(pdftex.def)             Requested size: 426.78961pt x 295.46973pt.
[74 <./Examen_de_candidatura_files/figure-latex/errores_simulados_arima_estanda
r6-1.jpeg>]
<Examen_de_candidatura_files/figure-latex/pronostico_arima101-1.jpeg, id=1406, 
469.755pt x 325.215pt>
File: Examen_de_candidatura_files/figure-latex/pronostico_arima101-1.jpeg Graph
ic file (type jpg)
<use Examen_de_candidatura_files/figure-latex/pronostico_arima101-1.jpeg>
Package pdftex.def Info: Examen_de_candidatura_files/figure-latex/pronostico_ar
ima101-1.jpeg  used on input line 2803.
(pdftex.def)             Requested size: 426.78961pt x 295.46973pt.
<Examen_de_candidatura_files/figure-latex/pronostico_arima203-1.jpeg, id=1407, 
469.755pt x 325.215pt>
File: Examen_de_candidatura_files/figure-latex/pronostico_arima203-1.jpeg Graph
ic file (type jpg)
<use Examen_de_candidatura_files/figure-latex/pronostico_arima203-1.jpeg>
Package pdftex.def Info: Examen_de_candidatura_files/figure-latex/pronostico_ar
ima203-1.jpeg  used on input line 2807.
(pdftex.def)             Requested size: 426.78961pt x 295.46973pt.
[75 <./Examen_de_candidatura_files/figure-latex/pronostico_arima100-1.jpeg> <./
Examen_de_candidatura_files/figure-latex/pronostico_arima101-1.jpeg>]
<Examen_de_candidatura_files/figure-latex/pronostico_arima402-1.jpeg, id=1412, 
469.755pt x 325.215pt>
File: Examen_de_candidatura_files/figure-latex/pronostico_arima402-1.jpeg Graph
ic file (type jpg)
<use Examen_de_candidatura_files/figure-latex/pronostico_arima402-1.jpeg>
Package pdftex.def Info: Examen_de_candidatura_files/figure-latex/pronostico_ar
ima402-1.jpeg  used on input line 2811.
(pdftex.def)             Requested size: 426.78961pt x 295.46973pt.
<Examen_de_candidatura_files/figure-latex/pronostico_arima001_011-1.jpeg, id=14
13, 469.755pt x 325.215pt>
File: Examen_de_candidatura_files/figure-latex/pronostico_arima001_011-1.jpeg G
raphic file (type jpg)
<use Examen_de_candidatura_files/figure-latex/pronostico_arima001_011-1.jpeg>
Package pdftex.def Info: Examen_de_candidatura_files/figure-latex/pronostico_ar
ima001_011-1.jpeg  used on input line 2815.
(pdftex.def)             Requested size: 426.78961pt x 295.46973pt.
[76 <./Examen_de_candidatura_files/figure-latex/pronostico_arima203-1.jpeg> <./
Examen_de_candidatura_files/figure-latex/pronostico_arima402-1.jpeg>]
<Examen_de_candidatura_files/figure-latex/pronostico_arima214_303-1.jpeg, id=14
18, 469.755pt x 325.215pt>
File: Examen_de_candidatura_files/figure-latex/pronostico_arima214_303-1.jpeg G
raphic file (type jpg)
<use Examen_de_candidatura_files/figure-latex/pronostico_arima214_303-1.jpeg>
Package pdftex.def Info: Examen_de_candidatura_files/figure-latex/pronostico_ar
ima214_303-1.jpeg  used on input line 2819.
(pdftex.def)             Requested size: 426.78961pt x 295.46973pt.
[77 <./Examen_de_candidatura_files/figure-latex/pronostico_arima001_011-1.jpeg>
 <./Examen_de_candidatura_files/figure-latex/pronostico_arima214_303-1.jpeg>]
Overfull \hbox (4.28407pt too wide) in paragraph at lines 2867--2867
 []\T1/lmr/m/n/7 SobreparametrizaciÛn|
 []


Overfull \hbox (4.28407pt too wide) in paragraph at lines 2867--2867
 []\T1/lmr/m/n/7 SobreparametrizaciÛn|
 []


Overfull \hbox (4.28407pt too wide) in paragraph at lines 2896--2896
 []\T1/lmr/m/n/7 SobreparametrizaciÛn|
 []


Overfull \hbox (4.28407pt too wide) in paragraph at lines 2896--2896
 []\T1/lmr/m/n/7 SobreparametrizaciÛn|
 []


Overfull \hbox (4.28407pt too wide) in paragraph at lines 2925--2925
 []\T1/lmr/m/n/7 SobreparametrizaciÛn|
 []


Overfull \hbox (4.28407pt too wide) in paragraph at lines 2925--2925
 []\T1/lmr/m/n/7 SobreparametrizaciÛn|
 []


LaTeX Warning: `!h' float specifier changed to `!ht'.


Overfull \hbox (4.28407pt too wide) in paragraph at lines 2954--2954
 []\T1/lmr/m/n/7 SobreparametrizaciÛn|
 []


Overfull \hbox (4.28407pt too wide) in paragraph at lines 2954--2954
 []\T1/lmr/m/n/7 SobreparametrizaciÛn|
 []


LaTeX Warning: `!h' float specifier changed to `!ht'.


Overfull \hbox (4.28407pt too wide) in paragraph at lines 2983--2983
 []\T1/lmr/m/n/7 SobreparametrizaciÛn|
 []


Overfull \hbox (4.28407pt too wide) in paragraph at lines 2983--2983
 []\T1/lmr/m/n/7 SobreparametrizaciÛn|
 []


LaTeX Warning: `!h' float specifier changed to `!ht'.


Overfull \hbox (2.73068pt too wide) in paragraph at lines 3012--3012
 []\T1/lmr/m/n/7 1089.7923|
 []


Overfull \hbox (2.73068pt too wide) in paragraph at lines 3012--3012
 []\T1/lmr/m/n/7 1089.9332|
 []


Overfull \hbox (4.28407pt too wide) in paragraph at lines 3012--3012
 []\T1/lmr/m/n/7 SobreparametrizaciÛn|
 []


Overfull \hbox (2.73068pt too wide) in paragraph at lines 3012--3012
 []\T1/lmr/m/n/7 1012.4006|
 []


Overfull \hbox (2.73068pt too wide) in paragraph at lines 3012--3012
 []\T1/lmr/m/n/7 1012.5392|
 []


Overfull \hbox (2.73068pt too wide) in paragraph at lines 3012--3012
 []\T1/lmr/m/n/7 1039.3145|
 []


Overfull \hbox (2.73068pt too wide) in paragraph at lines 3012--3012
 []\T1/lmr/m/n/7 1457.0824|
 []


Overfull \hbox (2.73068pt too wide) in paragraph at lines 3012--3012
 []\T1/lmr/m/n/7 1457.1604|
 []


Overfull \hbox (2.73068pt too wide) in paragraph at lines 3012--3012
 []\T1/lmr/m/n/7 1472.0345|
 []


Overfull \hbox (6.71667pt too wide) in paragraph at lines 3012--3012
 []\T1/lmr/m/n/7 40577.7819|
 []


Overfull \hbox (4.28407pt too wide) in paragraph at lines 3012--3012
 []\T1/lmr/m/n/7 SobreparametrizaciÛn|
 []


Overfull \hbox (6.71667pt too wide) in paragraph at lines 3012--3012
 []\T1/lmr/m/n/7 38008.8937|
 []


Overfull \hbox (6.71667pt too wide) in paragraph at lines 3012--3012
 []\T1/lmr/m/n/7 20763.9283|
 []


LaTeX Warning: `!h' float specifier changed to `!ht'.

[78] [79] [80]
Underfull \hbox (badness 1721) in paragraph at lines 3076--3081
[]\T1/lmr/m/n/10 CalderÛn, C. E. (2012). Es-ta-dÌs-ti-ca pa-ra es-tu-dian-tes d
e ad-mi-nis-tra-ciÛn de em-pre-sas de
 []


Underfull \hbox (badness 2617) in paragraph at lines 3076--3081
\T1/lmr/m/n/10 la uni-ver-si-dad na-cio-nal del ca-llao. \T1/lmr/m/it/10 Edi-to
-rial San Mar-cos, 2da Edi-ciÛn, Li-ma Pe-r˙\T1/lmr/m/n/10 .
 []


Underfull \hbox (badness 10000) in paragraph at lines 3076--3081
[][]$\T1/lmr/m/n/10 https : / / unac . edu . pe / documentos / organizacion / v
ri / cdcitra / Informes _ Finales _ Investigacion /
 []


Underfull \hbox (badness 10000) in paragraph at lines 3088--3093
[][]$\T1/lmr/m/n/10 https : / / www . researchgate . net / publication / 274885
475 _ Mortalidad _ por _ causa _ externas _
 []

[81]
Underfull \hbox (badness 10000) in paragraph at lines 3115--3119
\T1/lmr/m/n/10 academia . edu / 7140606 / Measuring _ Reliability _ of _ Statio
nary _ Stochastic _ Processes ? auto =
 []


Underfull \hbox (badness 3861) in paragraph at lines 3125--3129
\T1/lmr/m/it/10 lia\T1/lmr/m/n/10 . [][]$http : / / www . prres . net / papers 
/ Flaherty _ Modelling _ Private _ New _ Housing _ Starts _ In _
 []

[82] [83] [84] (./Examen_de_candidatura.aux
LaTeX Info: Redefining \. on input line 25.
LaTeX Info: Redefining \% on input line 25.
)
Package rerunfilecheck Info: File `Examen_de_candidatura.out' has not changed.
(rerunfilecheck)             Checksum: FF317CE3826374B5F1B31ED316689448;16471.
 ) 
Here is how much of TeX's memory you used:
 30328 strings out of 480197
 630523 string characters out of 5892287
 908753 words of memory out of 5000000
 47332 multiletter control sequences out of 15000+600000
 538434 words of font info for 75 fonts, out of 8000000 for 9000
 14 hyphenation exceptions out of 8191
 84i,17n,80p,1210b,911s stack positions out of 5000i,500n,10000p,200000b,80000s
pdfTeX warning (dest): name{Hfootnote.7} has been referenced but does not exi
st, replaced by a fixed one

pdfTeX warning (dest): name{Hfootnote.6} has been referenced but does not exist
, replaced by a fixed one

pdfTeX warning (dest): name{Hfootnote.5} has been referenced but does not exist
, replaced by a fixed one

pdfTeX warning (dest): name{Hfootnote.4} has been referenced but does not exist
, replaced by a fixed one

pdfTeX warning (dest): name{Hfootnote.3} has been referenced but does not exist
, replaced by a fixed one

pdfTeX warning (dest): name{Hfootnote.2} has been referenced but does not exist
, replaced by a fixed one

pdfTeX warning (dest): name{Hfootnote.1} has been referenced but does not exist
, replaced by a fixed one

{c:/Users/Dell/AppData/Roaming/TinyTeX/texmf-dist/fonts/enc/dvips/lm/lm-ec.enc}
{c:/Users/Dell/AppData/Roaming/TinyTeX/texmf-dist/fonts/enc/dvips/lm/lm-rm.enc}
{c:/Users/Dell/AppData/Roaming/TinyTeX/texmf-dist/fonts/enc/dvips/lm/lm-mathsy.
enc}{c:/Users/Dell/AppData/Roaming/TinyTeX/texmf-dist/fonts/enc/dvips/lm/lm-mat
hit.enc}{c:/Users/Dell/AppData/Roaming/TinyTeX/texmf-dist/fonts/enc/dvips/lm/lm
-mathex.enc}<c:/Users/Dell/AppData/Roaming/TinyTeX/texmf-dist/fonts/type1/publi
c/lm/lmbx10.pfb><c:/Users/Dell/AppData/Roaming/TinyTeX/texmf-dist/fonts/type1/p
ublic/lm/lmbx12.pfb><c:/Users/Dell/AppData/Roaming/TinyTeX/texmf-dist/fonts/typ
e1/public/lm/lmbx5.pfb><c:/Users/Dell/AppData/Roaming/TinyTeX/texmf-dist/fonts/
type1/public/lm/lmex10.pfb><c:/Users/Dell/AppData/Roaming/TinyTeX/texmf-dist/fo
nts/type1/public/lm/lmmi10.pfb><c:/Users/Dell/AppData/Roaming/TinyTeX/texmf-dis
t/fonts/type1/public/lm/lmmi5.pfb><c:/Users/Dell/AppData/Roaming/TinyTeX/texmf-
dist/fonts/type1/public/lm/lmmi7.pfb><c:/Users/Dell/AppData/Roaming/TinyTeX/tex
mf-dist/fonts/type1/public/lm/lmr10.pfb><c:/Users/Dell/AppData/Roaming/TinyTeX/
texmf-dist/fonts/type1/public/lm/lmr12.pfb><c:/Users/Dell/AppData/Roaming/TinyT
eX/texmf-dist/fonts/type1/public/lm/lmr17.pfb><c:/Users/Dell/AppData/Roaming/Ti
nyTeX/texmf-dist/fonts/type1/public/lm/lmr5.pfb><c:/Users/Dell/AppData/Roaming/
TinyTeX/texmf-dist/fonts/type1/public/lm/lmr6.pfb><c:/Users/Dell/AppData/Roamin
g/TinyTeX/texmf-dist/fonts/type1/public/lm/lmr7.pfb><c:/Users/Dell/AppData/Roam
ing/TinyTeX/texmf-dist/fonts/type1/public/lm/lmr8.pfb><c:/Users/Dell/AppData/Ro
aming/TinyTeX/texmf-dist/fonts/type1/public/lm/lmri10.pfb><c:/Users/Dell/AppDat
a/Roaming/TinyTeX/texmf-dist/fonts/type1/public/lm/lmri8.pfb><c:/Users/Dell/App
Data/Roaming/TinyTeX/texmf-dist/fonts/type1/public/lm/lmsy10.pfb><c:/Users/Dell
/AppData/Roaming/TinyTeX/texmf-dist/fonts/type1/public/lm/lmsy5.pfb><c:/Users/D
ell/AppData/Roaming/TinyTeX/texmf-dist/fonts/type1/public/lm/lmsy7.pfb><c:/User
s/Dell/AppData/Roaming/TinyTeX/texmf-dist/fonts/type1/public/lm/lmtt10.pfb><c:/
Users/Dell/AppData/Roaming/TinyTeX/texmf-dist/fonts/type1/public/amsfonts/symbo
ls/msbm10.pfb>
Output written on Examen_de_candidatura.pdf (92 pages, 72606945 bytes).
PDF statistics:
 1720 PDF objects out of 1728 (max. 8388607)
 1496 compressed objects within 15 object streams
 348 named destinations out of 1000 (max. 500000)
 1035 words of extra memory for PDF output out of 10000 (max. 10000000)

