\BOOKMARK [1][-]{Doc-Start}{\376\377\000D\000E\000D\000I\000C\000A\000T\000O\000R\000I\000A}{}% 1
\BOOKMARK [1][-]{Doc-Start}{\376\377\000A\000G\000R\000A\000D\000E\000C\000I\000M\000I\000E\000N\000T\000O\000S}{}% 2
\BOOKMARK [1][-]{Doc-Start}{\376\377\000R\000E\000S\000U\000M\000E\000N}{}% 3
\BOOKMARK [1][-]{Doc-Start}{\376\377\000A\000B\000S\000T\000R\000A\000C\000T}{}% 4
\BOOKMARK [1][-]{section.1}{\376\377\000I\000N\000T\000R\000O\000D\000U\000C\000C\000I\000\323\000N}{}% 5
\BOOKMARK [2][-]{subsection.1.1}{\376\377\000A\000n\000t\000e\000c\000e\000d\000e\000n\000t\000e\000s}{section.1}% 6
\BOOKMARK [2][-]{subsection.1.2}{\376\377\000E\000l\000\040\000p\000r\000o\000b\000l\000e\000m\000a}{section.1}% 7
\BOOKMARK [2][-]{subsection.1.3}{\376\377\000O\000b\000j\000e\000t\000i\000v\000o\000s\000\040\000d\000e\000l\000\040\000e\000s\000t\000u\000d\000i\000o}{section.1}% 8
\BOOKMARK [2][-]{subsection.1.4}{\376\377\000J\000u\000s\000t\000i\000f\000i\000c\000a\000c\000i\000\363\000n\000\040\000d\000e\000l\000\040\000e\000s\000t\000u\000d\000i\000o}{section.1}% 9
\BOOKMARK [2][-]{subsection.1.5}{\376\377\000O\000r\000g\000a\000n\000i\000z\000a\000c\000i\000\363\000n\000\040\000d\000e\000l\000\040\000e\000s\000t\000u\000d\000i\000o}{section.1}% 10
\BOOKMARK [1][-]{section.2}{\376\377\000M\000A\000R\000C\000O\000\040\000T\000E\000\323\000R\000I\000C\000O}{}% 11
\BOOKMARK [2][-]{subsection.2.1}{\376\377\000C\000o\000m\000p\000o\000n\000e\000n\000t\000e\000s\000\040\000d\000e\000\040\000u\000n\000a\000\040\000s\000e\000r\000i\000e\000\040\000c\000r\000o\000n\000o\000l\000\363\000g\000i\000c\000a}{section.2}% 12
\BOOKMARK [3][-]{subsubsection.2.1.1}{\376\377\000L\000a\000\040\000t\000e\000n\000d\000e\000n\000c\000i\000a\000-\000c\000i\000c\000l\000o}{subsection.2.1}% 13
\BOOKMARK [3][-]{subsubsection.2.1.2}{\376\377\000C\000o\000m\000p\000o\000n\000e\000n\000t\000e\000s\000\040\000e\000s\000t\000a\000c\000i\000o\000n\000a\000l\000e\000s}{subsection.2.1}% 14
\BOOKMARK [3][-]{subsubsection.2.1.3}{\376\377\000C\000o\000m\000p\000o\000n\000e\000n\000t\000e\000\040\000i\000r\000r\000e\000g\000u\000l\000a\000r}{subsection.2.1}% 15
\BOOKMARK [2][-]{subsection.2.2}{\376\377\000S\000u\000p\000u\000e\000s\000t\000o\000s\000\040\000e\000n\000\040\000e\000l\000\040\000a\000n\000\341\000l\000i\000s\000i\000s\000\040\000d\000e\000\040\000s\000e\000r\000i\000e\000s\000\040\000c\000r\000o\000n\000o\000l\000\363\000g\000i\000c\000a\000s}{section.2}% 16
\BOOKMARK [2][-]{subsection.2.3}{\376\377\000I\000d\000e\000n\000t\000i\000f\000i\000c\000a\000c\000i\000\363\000n\000\040\000d\000e\000l\000\040\000m\000o\000d\000e\000l\000o}{section.2}% 17
\BOOKMARK [2][-]{subsection.2.4}{\376\377\000M\000o\000d\000e\000l\000o\000s\000\040\000A\000u\000t\000o\000r\000r\000e\000g\000r\000e\000s\000i\000v\000o\000s\000\040\000I\000n\000t\000e\000g\000r\000a\000d\000o\000s\000\040\000d\000e\000\040\000M\000e\000d\000i\000a\000s\000\040\000M\000\363\000v\000i\000l\000e\000s}{section.2}% 18
\BOOKMARK [3][-]{subsubsection.2.4.1}{\376\377\000E\000c\000u\000a\000c\000i\000\363\000n\000\040\000d\000e\000\040\000W\000o\000l\000d}{subsection.2.4}% 19
\BOOKMARK [3][-]{subsubsection.2.4.2}{\376\377\000M\000e\000t\000o\000d\000o\000l\000o\000g\000\355\000a\000\040\000B\000o\000x\000-\000J\000e\000n\000k\000i\000n\000s}{subsection.2.4}% 20
\BOOKMARK [3][-]{subsubsection.2.4.3}{\376\377\000M\000o\000d\000e\000l\000o\000s\000\040\000A\000u\000t\000o\000r\000r\000e\000g\000r\000e\000s\000i\000v\000o\000s}{subsection.2.4}% 21
\BOOKMARK [3][-]{subsubsection.2.4.4}{\376\377\000M\000o\000d\000e\000l\000o\000s\000\040\000d\000e\000\040\000M\000e\000d\000i\000a\000s\000\040\000M\000\363\000v\000i\000l\000e\000s}{subsection.2.4}% 22
\BOOKMARK [3][-]{subsubsection.2.4.5}{\376\377\000M\000o\000d\000e\000l\000o\000s\000\040\000A\000R\000I\000M\000A}{subsection.2.4}% 23
\BOOKMARK [2][-]{subsection.2.5}{\376\377\000L\000o\000s\000\040\000a\000u\000t\000o\000c\000o\000r\000r\000e\000l\000o\000g\000r\000a\000m\000a\000s}{section.2}% 24
\BOOKMARK [2][-]{subsection.2.6}{\376\377\000L\000a\000\040\000s\000o\000b\000r\000e\000p\000a\000r\000a\000m\000e\000t\000r\000i\000z\000a\000c\000i\000\363\000n\000\040\000y\000\040\000e\000l\000\040\000a\000n\000\341\000l\000i\000s\000i\000s\000\040\000c\000o\000m\000b\000i\000n\000a\000t\000o\000r\000i\000o}{section.2}% 25
\BOOKMARK [1][-]{section.3}{\376\377\000M\000E\000T\000O\000D\000O\000L\000O\000G\000\315\000A}{}% 26
\BOOKMARK [2][-]{subsection.3.1}{\376\377\000M\000a\000t\000e\000r\000i\000a\000l\000e\000s}{section.3}% 27
\BOOKMARK [3][-]{subsubsection.3.1.1}{\376\377\000T\000a\000s\000a\000\040\000d\000e\000\040\000m\000o\000r\000t\000a\000l\000i\000d\000a\000d\000\040\000i\000n\000f\000a\000n\000t\000i\000l\000\040\000i\000n\000t\000e\000r\000a\000n\000u\000a\000l}{subsection.3.1}% 28
\BOOKMARK [3][-]{subsubsection.3.1.2}{\376\377\000M\000o\000r\000t\000a\000l\000i\000d\000a\000d\000\040\000p\000o\000r\000\040\000c\000a\000u\000s\000a\000\040\000e\000x\000t\000e\000r\000n\000a}{subsection.3.1}% 29
\BOOKMARK [3][-]{subsubsection.3.1.3}{\376\377\000I\000n\000c\000e\000n\000t\000i\000v\000o\000s\000\040\000s\000a\000l\000a\000r\000i\000a\000l\000e\000s\000\040\000d\000e\000l\000\040\000s\000e\000c\000t\000o\000r\000\040\000p\000\372\000b\000l\000i\000c\000o}{subsection.3.1}% 30
\BOOKMARK [3][-]{subsubsection.3.1.4}{\376\377\000I\000n\000t\000e\000r\000e\000s\000e\000s\000\040\000y\000\040\000c\000o\000m\000i\000s\000i\000o\000n\000e\000s\000\040\000d\000e\000l\000\040\000s\000e\000c\000t\000o\000r\000\040\000p\000\372\000b\000l\000i\000c\000o}{subsection.3.1}% 31
\BOOKMARK [3][-]{subsubsection.3.1.5}{\376\377\000H\000e\000r\000r\000a\000m\000i\000e\000n\000t\000a\000s\000\040\000a\000n\000a\000l\000\355\000t\000i\000c\000a\000s\000\040\000y\000\040\000p\000r\000o\000c\000e\000d\000i\000m\000i\000e\000n\000t\000o\000\040\000d\000e\000\040\000s\000i\000m\000u\000l\000a\000c\000i\000\363\000n}{subsection.3.1}% 32
\BOOKMARK [2][-]{subsection.3.2}{\376\377\000M\000\351\000t\000o\000d\000o\000s}{section.3}% 33
\BOOKMARK [3][-]{subsubsection.3.2.1}{\376\377\000A\000n\000\341\000l\000i\000s\000i\000s\000\040\000e\000x\000p\000l\000o\000r\000a\000t\000o\000r\000i\000o}{subsection.3.2}% 34
\BOOKMARK [3][-]{subsubsection.3.2.2}{\376\377\000P\000a\000r\000t\000i\000c\000i\000\363\000n\000\040\000d\000e\000\040\000l\000o\000s\000\040\000d\000a\000t\000o\000s}{subsection.3.2}% 35
\BOOKMARK [3][-]{subsubsection.3.2.3}{\376\377\000E\000s\000t\000i\000m\000a\000c\000i\000\363\000n\000\040\000d\000e\000l\000\040\000m\000e\000j\000o\000r\000\040\000m\000o\000d\000e\000l\000o\000\040\000s\000e\000g\000\372\000n\000\040\000l\000a\000\040\000f\000u\000n\000c\000i\000\363\000n\000\040\000a\000u\000t\000o\000.\000a\000r\000i\000m\000a\000\050\000\051}{subsection.3.2}% 36
\BOOKMARK [3][-]{subsubsection.3.2.4}{\376\377\000E\000s\000t\000i\000m\000a\000c\000i\000\363\000n\000\040\000d\000e\000l\000\040\000m\000e\000j\000o\000r\000\040\000m\000o\000d\000e\000l\000o\000\040\000c\000o\000n\000\040\000s\000o\000b\000r\000e\000p\000a\000r\000a\000m\000e\000t\000r\000i\000z\000a\000c\000i\000\363\000n}{subsection.3.2}% 37
\BOOKMARK [3][-]{subsubsection.3.2.5}{\376\377\000E\000s\000t\000i\000m\000a\000c\000i\000\363\000n\000\040\000d\000e\000\040\000u\000n\000\040\000m\000o\000d\000e\000l\000o\000\040\000A\000R\000I\000M\000A\000\040\000e\000s\000t\000\341\000n\000d\000a\000r}{subsection.3.2}% 38
\BOOKMARK [3][-]{subsubsection.3.2.6}{\376\377\000A\000n\000\341\000l\000i\000s\000i\000s\000\040\000d\000e\000\040\000l\000o\000s\000\040\000e\000r\000r\000o\000r\000e\000s}{subsection.3.2}% 39
\BOOKMARK [3][-]{subsubsection.3.2.7}{\376\377\000P\000r\000o\000n\000\363\000s\000t\000i\000c\000o\000s}{subsection.3.2}% 40
\BOOKMARK [3][-]{subsubsection.3.2.8}{\376\377\000M\000e\000d\000i\000d\000a\000s\000\040\000d\000e\000\040\000b\000o\000n\000d\000a\000d\000\040\000d\000e\000\040\000a\000j\000u\000s\000t\000e\000\040\000y\000\040\000d\000e\000\040\000r\000e\000n\000d\000i\000m\000i\000e\000n\000t\000o}{subsection.3.2}% 41
\BOOKMARK [4][-]{paragraph.3.2.8.1}{\376\377\000A\000I\000C}{subsubsection.3.2.8}% 42
\BOOKMARK [4][-]{paragraph.3.2.8.2}{\376\377\000A\000I\000C\000c}{subsubsection.3.2.8}% 43
\BOOKMARK [4][-]{paragraph.3.2.8.3}{\376\377\000B\000I\000C}{subsubsection.3.2.8}% 44
\BOOKMARK [4][-]{paragraph.3.2.8.4}{\376\377\000M\000A\000E}{subsubsection.3.2.8}% 45
\BOOKMARK [4][-]{paragraph.3.2.8.5}{\376\377\000M\000A\000S\000E}{subsubsection.3.2.8}% 46
\BOOKMARK [4][-]{paragraph.3.2.8.6}{\376\377\000R\000M\000S\000E}{subsubsection.3.2.8}% 47
\BOOKMARK [1][-]{section.4}{\376\377\000R\000E\000S\000U\000L\000T\000A\000D\000O\000S}{}% 48
\BOOKMARK [2][-]{subsection.4.1}{\376\377\000A\000n\000\341\000l\000i\000s\000i\000s\000\040\000e\000x\000p\000l\000o\000r\000a\000t\000o\000r\000i\000o}{section.4}% 49
\BOOKMARK [3][-]{subsubsection.4.1.1}{\376\377\000D\000a\000t\000o\000s\000\040\000s\000i\000m\000u\000l\000a\000d\000o\000s}{subsection.4.1}% 50
\BOOKMARK [4][-]{paragraph.4.1.1.1}{\376\377\000A\000R\000I\000M\000A\000\050\0001\000,\0000\000,\0000\000\051}{subsubsection.4.1.1}% 51
\BOOKMARK [4][-]{paragraph.4.1.1.2}{\376\377\000A\000R\000I\000M\000A\000\050\0001\000,\0000\000,\0001\000\051}{subsubsection.4.1.1}% 52
\BOOKMARK [4][-]{paragraph.4.1.1.3}{\376\377\000A\000R\000I\000M\000A\000\050\0002\000,\0000\000,\0003\000\051}{subsubsection.4.1.1}% 53
\BOOKMARK [4][-]{paragraph.4.1.1.4}{\376\377\000A\000R\000I\000M\000A\000\050\0004\000,\0000\000,\0002\000\051}{subsubsection.4.1.1}% 54
\BOOKMARK [4][-]{paragraph.4.1.1.5}{\376\377\000A\000R\000I\000M\000A\000\050\0000\000,\0000\000,\0001\000\051\000\050\0000\000,\0001\000,\0001\000\051}{subsubsection.4.1.1}% 55
\BOOKMARK [4][-]{paragraph.4.1.1.6}{\376\377\000A\000R\000I\000M\000A\000\050\0002\000,\0001\000,\0004\000\051\000\050\0003\000,\0000\000,\0003\000\051}{subsubsection.4.1.1}% 56
\BOOKMARK [3][-]{subsubsection.4.1.2}{\376\377\000T\000a\000s\000a\000\040\000d\000e\000\040\000m\000o\000r\000t\000a\000l\000i\000d\000a\000d\000\040\000i\000n\000f\000a\000n\000t\000i\000l\000\040\000i\000n\000t\000e\000r\000a\000n\000u\000a\000l}{subsection.4.1}% 57
\BOOKMARK [3][-]{subsubsection.4.1.3}{\376\377\000M\000o\000r\000t\000a\000l\000i\000d\000a\000d\000\040\000p\000o\000r\000\040\000c\000a\000u\000s\000a\000\040\000e\000x\000t\000e\000r\000n\000a}{subsection.4.1}% 58
\BOOKMARK [3][-]{subsubsection.4.1.4}{\376\377\000I\000n\000c\000e\000n\000t\000i\000v\000o\000s\000\040\000s\000a\000l\000a\000r\000i\000a\000l\000e\000s}{subsection.4.1}% 59
\BOOKMARK [3][-]{subsubsection.4.1.5}{\376\377\000I\000n\000t\000e\000r\000e\000s\000e\000s\000\040\000y\000\040\000c\000o\000m\000i\000s\000i\000o\000n\000e\000s\000\040\000d\000e\000l\000\040\000s\000e\000c\000t\000o\000r\000\040\000p\000\372\000b\000l\000i\000c\000o}{subsection.4.1}% 60
\BOOKMARK [2][-]{subsection.4.2}{\376\377\000P\000a\000r\000t\000i\000c\000i\000\363\000n\000\040\000d\000e\000\040\000l\000o\000s\000\040\000d\000a\000t\000o\000s}{section.4}% 61
\BOOKMARK [2][-]{subsection.4.3}{\376\377\000E\000s\000t\000i\000m\000a\000c\000i\000\363\000n\000\040\000d\000e\000l\000\040\000m\000e\000j\000o\000r\000\040\000m\000o\000d\000e\000l\000o\000\040\000s\000e\000g\000\372\000n\000\040\000l\000a\000\040\000f\000u\000n\000c\000i\000\363\000n\000\040\000a\000u\000t\000o\000.\000a\000r\000i\000m\000a\000\050\000\051}{section.4}% 62
\BOOKMARK [3][-]{subsubsection.4.3.1}{\376\377\000D\000a\000t\000o\000s\000\040\000s\000i\000m\000u\000l\000a\000d\000o\000s}{subsection.4.3}% 63
\BOOKMARK [3][-]{subsubsection.4.3.2}{\376\377\000D\000a\000t\000o\000s\000\040\000r\000e\000a\000l\000e\000s}{subsection.4.3}% 64
\BOOKMARK [2][-]{subsection.4.4}{\376\377\000E\000s\000t\000i\000m\000a\000c\000i\000\363\000n\000\040\000d\000e\000l\000\040\000m\000e\000j\000o\000r\000\040\000m\000o\000d\000e\000l\000o\000\040\000c\000o\000n\000\040\000s\000o\000b\000r\000e\000p\000a\000r\000a\000m\000e\000t\000r\000i\000z\000a\000c\000i\000\363\000n}{section.4}% 65
\BOOKMARK [3][-]{subsubsection.4.4.1}{\376\377\000D\000a\000t\000o\000s\000\040\000s\000i\000m\000u\000l\000a\000d\000o\000s}{subsection.4.4}% 66
\BOOKMARK [3][-]{subsubsection.4.4.2}{\376\377\000D\000a\000t\000o\000s\000\040\000r\000e\000a\000l\000e\000s}{subsection.4.4}% 67
\BOOKMARK [2][-]{subsection.4.5}{\376\377\000E\000s\000t\000i\000m\000a\000c\000i\000\363\000n\000\040\000d\000e\000\040\000u\000n\000\040\000m\000o\000d\000e\000l\000o\000\040\000A\000R\000I\000M\000A\000\040\000e\000s\000t\000\341\000n\000d\000a\000r}{section.4}% 68
\BOOKMARK [3][-]{subsubsection.4.5.1}{\376\377\000D\000a\000t\000o\000s\000\040\000s\000i\000m\000u\000l\000a\000d\000o\000s}{subsection.4.5}% 69
\BOOKMARK [3][-]{subsubsection.4.5.2}{\376\377\000D\000a\000t\000o\000s\000\040\000r\000e\000a\000l\000e\000s}{subsection.4.5}% 70
\BOOKMARK [2][-]{subsection.4.6}{\376\377\000A\000n\000\341\000l\000i\000s\000i\000s\000\040\000d\000e\000\040\000l\000o\000s\000\040\000e\000r\000r\000o\000r\000e\000s}{section.4}% 71
\BOOKMARK [3][-]{subsubsection.4.6.1}{\376\377\000D\000a\000t\000o\000s\000\040\000s\000i\000m\000u\000l\000a\000d\000o\000s}{subsection.4.6}% 72
\BOOKMARK [3][-]{subsubsection.4.6.2}{\376\377\000T\000a\000s\000a\000\040\000d\000e\000\040\000m\000o\000r\000t\000a\000l\000i\000d\000a\000d\000\040\000i\000n\000f\000a\000n\000t\000i\000l\000\040\000i\000n\000t\000e\000r\000a\000n\000u\000a\000l}{subsection.4.6}% 73
\BOOKMARK [3][-]{subsubsection.4.6.3}{\376\377\000M\000o\000r\000t\000a\000l\000i\000d\000a\000d\000\040\000p\000o\000r\000\040\000c\000a\000u\000s\000a\000\040\000e\000x\000t\000e\000r\000n\000a}{subsection.4.6}% 74
\BOOKMARK [3][-]{subsubsection.4.6.4}{\376\377\000I\000n\000c\000e\000n\000t\000i\000v\000o\000s\000\040\000s\000a\000l\000a\000r\000i\000a\000l\000e\000s}{subsection.4.6}% 75
\BOOKMARK [3][-]{subsubsection.4.6.5}{\376\377\000I\000n\000t\000e\000r\000e\000s\000e\000s\000\040\000y\000\040\000c\000o\000m\000i\000s\000i\000o\000n\000e\000s\000\040\000d\000e\000l\000\040\000s\000e\000c\000t\000o\000r\000\040\000p\000\372\000b\000l\000i\000c\000o}{subsection.4.6}% 76
\BOOKMARK [2][-]{subsection.4.7}{\376\377\000P\000r\000o\000n\000\363\000s\000t\000i\000c\000o\000s}{section.4}% 77
\BOOKMARK [3][-]{subsubsection.4.7.1}{\376\377\000D\000a\000t\000o\000s\000\040\000s\000i\000m\000u\000l\000a\000d\000o\000s}{subsection.4.7}% 78
\BOOKMARK [3][-]{subsubsection.4.7.2}{\376\377\000T\000a\000s\000a\000\040\000d\000e\000\040\000m\000o\000r\000t\000a\000l\000i\000d\000a\000d\000\040\000i\000n\000f\000a\000n\000t\000i\000l\000\040\000i\000n\000t\000e\000r\000a\000n\000u\000a\000l}{subsection.4.7}% 79
\BOOKMARK [3][-]{subsubsection.4.7.3}{\376\377\000M\000o\000r\000t\000a\000l\000i\000d\000a\000d\000\040\000p\000o\000r\000\040\000c\000a\000u\000s\000a\000\040\000e\000x\000t\000e\000r\000n\000a}{subsection.4.7}% 80
\BOOKMARK [3][-]{subsubsection.4.7.4}{\376\377\000I\000n\000c\000e\000n\000t\000i\000v\000o\000s\000\040\000s\000a\000l\000a\000r\000i\000a\000l\000e\000s}{subsection.4.7}% 81
\BOOKMARK [3][-]{subsubsection.4.7.5}{\376\377\000I\000n\000t\000e\000r\000e\000s\000e\000s\000\040\000y\000\040\000c\000o\000m\000i\000s\000i\000o\000n\000e\000s\000\040\000d\000e\000l\000\040\000s\000e\000c\000t\000o\000r\000\040\000p\000\372\000b\000l\000i\000c\000o}{subsection.4.7}% 82
\BOOKMARK [2][-]{subsection.4.8}{\376\377\000M\000e\000d\000i\000d\000a\000s\000\040\000d\000e\000\040\000b\000o\000n\000d\000a\000d\000\040\000d\000e\000\040\000a\000j\000u\000s\000t\000e\000\040\000y\000\040\000d\000e\000\040\000r\000e\000n\000d\000i\000m\000i\000e\000n\000t\000o}{section.4}% 83
\BOOKMARK [2][-]{subsection.4.9}{\376\377\000E\000s\000t\000i\000m\000a\000c\000i\000o\000n\000e\000s\000\040\000e\000n\000\040\000s\000e\000r\000i\000e\000s\000\040\000c\000r\000o\000n\000o\000l\000\363\000g\000i\000c\000a\000s\000\040\000c\000o\000s\000t\000a\000r\000r\000i\000c\000e\000n\000s\000e\000s\000\040\000r\000e\000a\000l\000e\000s}{section.4}% 84
\BOOKMARK [3][-]{subsubsection.4.9.1}{\376\377\000T\000a\000s\000a\000\040\000d\000e\000\040\000m\000o\000r\000t\000a\000l\000i\000d\000a\000d\000\040\000i\000n\000f\000a\000n\000t\000i\000l\000\040\000i\000n\000t\000e\000r\000a\000n\000u\000a\000l}{subsection.4.9}% 85
\BOOKMARK [3][-]{subsubsection.4.9.2}{\376\377\000M\000o\000r\000t\000a\000l\000i\000d\000a\000d\000\040\000p\000o\000r\000\040\000c\000a\000u\000s\000a\000\040\000e\000x\000t\000e\000r\000n\000a}{subsection.4.9}% 86
\BOOKMARK [3][-]{subsubsection.4.9.3}{\376\377\000I\000n\000c\000e\000n\000t\000i\000v\000o\000s\000\040\000s\000a\000l\000a\000r\000i\000a\000l\000e\000s\000\040\000d\000e\000l\000\040\000s\000e\000c\000t\000o\000r\000\040\000p\000\372\000b\000l\000i\000c\000o}{subsection.4.9}% 87
\BOOKMARK [3][-]{subsubsection.4.9.4}{\376\377\000I\000n\000t\000e\000r\000e\000s\000e\000s\000\040\000y\000\040\000c\000o\000m\000i\000s\000i\000o\000n\000e\000s\000\040\000d\000e\000l\000\040\000s\000e\000c\000t\000o\000r\000\040\000p\000\372\000b\000l\000i\000c\000o}{subsection.4.9}% 88
\BOOKMARK [1][-]{section.5}{\376\377\000C\000O\000N\000C\000L\000U\000S\000I\000O\000N\000E\000S}{}% 89
\BOOKMARK [1][-]{section.6}{\376\377\000A\000N\000E\000X\000O\000S}{}% 90
\BOOKMARK [2][-]{subsection.6.1}{\376\377\000F\000u\000n\000c\000i\000\363\000n\000\040\000d\000e\000\040\000s\000o\000b\000r\000e\000p\000a\000r\000a\000m\000e\000t\000r\000i\000z\000a\000c\000i\000\363\000n}{section.6}% 91
\BOOKMARK [2][-]{subsection.6.2}{\376\377\000F\000u\000n\000c\000i\000\363\000n\000\040\000d\000e\000\040\000s\000i\000m\000u\000l\000a\000c\000i\000\363\000n\000\040\000d\000e\000\040\000s\000e\000r\000i\000e\000s\000\040\000c\000r\000o\000n\000o\000l\000\363\000g\000i\000c\000a\000s}{section.6}% 92
\BOOKMARK [1][-]{section.7}{\376\377\000R\000E\000F\000E\000R\000E\000N\000C\000I\000A\000S}{}% 93
