This is pdfTeX, Version 3.141592653-2.6-1.40.22 (TeX Live 2021/W32TeX) (preloaded format=pdflatex 2021.6.29)  30 JUN 2021 15:49
entering extended mode
 restricted \write18 enabled.
 %&-line parsing enabled.
**Tesis.tex
(./Tesis.tex
LaTeX2e <2021-06-01> patch level 1
L3 programming layer <2021-06-18> (c:/Users/Dell/AppData/Roaming/TinyTeX/texmf-
dist/tex/latex/base/article.cls
Document Class: article 2021/02/12 v1.4n Standard LaTeX document class
(c:/Users/Dell/AppData/Roaming/TinyTeX/texmf-dist/tex/latex/base/size10.clo
File: size10.clo 2021/02/12 v1.4n Standard LaTeX file (size option)
)
\c@part=\count182
\c@section=\count183
\c@subsection=\count184
\c@subsubsection=\count185
\c@paragraph=\count186
\c@subparagraph=\count187
\c@figure=\count188
\c@table=\count189
\abovecaptionskip=\skip47
\belowcaptionskip=\skip48
\bibindent=\dimen138
) (c:/Users/Dell/AppData/Roaming/TinyTeX/texmf-dist/tex/latex/lm/lmodern.sty
Package: lmodern 2015/05/01 v1.6.1 Latin Modern Fonts
LaTeX Font Info:    Overwriting symbol font `operators' in version `normal'
(Font)                  OT1/cmr/m/n --> OT1/lmr/m/n on input line 22.
LaTeX Font Info:    Overwriting symbol font `letters' in version `normal'
(Font)                  OML/cmm/m/it --> OML/lmm/m/it on input line 23.
LaTeX Font Info:    Overwriting symbol font `symbols' in version `normal'
(Font)                  OMS/cmsy/m/n --> OMS/lmsy/m/n on input line 24.
LaTeX Font Info:    Overwriting symbol font `largesymbols' in version `normal'
(Font)                  OMX/cmex/m/n --> OMX/lmex/m/n on input line 25.
LaTeX Font Info:    Overwriting symbol font `operators' in version `bold'
(Font)                  OT1/cmr/bx/n --> OT1/lmr/bx/n on input line 26.
LaTeX Font Info:    Overwriting symbol font `letters' in version `bold'
(Font)                  OML/cmm/b/it --> OML/lmm/b/it on input line 27.
LaTeX Font Info:    Overwriting symbol font `symbols' in version `bold'
(Font)                  OMS/cmsy/b/n --> OMS/lmsy/b/n on input line 28.
LaTeX Font Info:    Overwriting symbol font `largesymbols' in version `bold'
(Font)                  OMX/cmex/m/n --> OMX/lmex/m/n on input line 29.
LaTeX Font Info:    Overwriting math alphabet `\mathbf' in version `normal'
(Font)                  OT1/cmr/bx/n --> OT1/lmr/bx/n on input line 31.
LaTeX Font Info:    Overwriting math alphabet `\mathsf' in version `normal'
(Font)                  OT1/cmss/m/n --> OT1/lmss/m/n on input line 32.
LaTeX Font Info:    Overwriting math alphabet `\mathit' in version `normal'
(Font)                  OT1/cmr/m/it --> OT1/lmr/m/it on input line 33.
LaTeX Font Info:    Overwriting math alphabet `\mathtt' in version `normal'
(Font)                  OT1/cmtt/m/n --> OT1/lmtt/m/n on input line 34.
LaTeX Font Info:    Overwriting math alphabet `\mathbf' in version `bold'
(Font)                  OT1/cmr/bx/n --> OT1/lmr/bx/n on input line 35.
LaTeX Font Info:    Overwriting math alphabet `\mathsf' in version `bold'
(Font)                  OT1/cmss/bx/n --> OT1/lmss/bx/n on input line 36.
LaTeX Font Info:    Overwriting math alphabet `\mathit' in version `bold'
(Font)                  OT1/cmr/bx/it --> OT1/lmr/bx/it on input line 37.
LaTeX Font Info:    Overwriting math alphabet `\mathtt' in version `bold'
(Font)                  OT1/cmtt/m/n --> OT1/lmtt/m/n on input line 38.
)
(c:/Users/Dell/AppData/Roaming/TinyTeX/texmf-dist/tex/latex/amsmath/amsmath.sty
Package: amsmath 2021/04/20 v2.17j AMS math features
\@mathmargin=\skip49
For additional information on amsmath, use the `?' option.

(c:/Users/Dell/AppData/Roaming/TinyTeX/texmf-dist/tex/latex/amsmath/amstext.sty
Package: amstext 2000/06/29 v2.01 AMS text
(c:/Users/Dell/AppData/Roaming/TinyTeX/texmf-dist/tex/latex/amsmath/amsgen.sty
File: amsgen.sty 1999/11/30 v2.0 generic functions
\@emptytoks=\toks16
\ex@=\dimen139
)) (c:/Users/Dell/AppData/Roaming/TinyTeX/texmf-dist/tex/latex/amsmath/amsbsy.s
ty
Package: amsbsy 1999/11/29 v1.2d Bold Symbols
\pmbraise@=\dimen140
) (c:/Users/Dell/AppData/Roaming/TinyTeX/texmf-dist/tex/latex/amsmath/amsopn.st
y
Package: amsopn 2016/03/08 v2.02 operator names
)
\inf@bad=\count190
LaTeX Info: Redefining \frac on input line 234.
\uproot@=\count191
\leftroot@=\count192
LaTeX Info: Redefining \overline on input line 399.
\classnum@=\count193
\DOTSCASE@=\count194
LaTeX Info: Redefining \ldots on input line 496.
LaTeX Info: Redefining \dots on input line 499.
LaTeX Info: Redefining \cdots on input line 620.
\Mathstrutbox@=\box50
\strutbox@=\box51
\big@size=\dimen141
LaTeX Font Info:    Redeclaring font encoding OML on input line 743.
LaTeX Font Info:    Redeclaring font encoding OMS on input line 744.
\macc@depth=\count195
\c@MaxMatrixCols=\count196
\dotsspace@=\muskip16
\c@parentequation=\count197
\dspbrk@lvl=\count198
\tag@help=\toks17
\row@=\count199
\column@=\count266
\maxfields@=\count267
\andhelp@=\toks18
\eqnshift@=\dimen142
\alignsep@=\dimen143
\tagshift@=\dimen144
\tagwidth@=\dimen145
\totwidth@=\dimen146
\lineht@=\dimen147
\@envbody=\toks19
\multlinegap=\skip50
\multlinetaggap=\skip51
\mathdisplay@stack=\toks20
LaTeX Info: Redefining \[ on input line 2923.
LaTeX Info: Redefining \] on input line 2924.
)
(c:/Users/Dell/AppData/Roaming/TinyTeX/texmf-dist/tex/generic/iftex/ifxetex.sty
Package: ifxetex 2019/10/25 v0.7 ifxetex legacy package. Use iftex instead.
(c:/Users/Dell/AppData/Roaming/TinyTeX/texmf-dist/tex/generic/iftex/iftex.sty
Package: iftex 2020/03/06 v1.0d TeX engine tests
))
(c:/Users/Dell/AppData/Roaming/TinyTeX/texmf-dist/tex/generic/iftex/ifluatex.st
y
Package: ifluatex 2019/10/25 v1.5 ifluatex legacy package. Use iftex instead.
) (c:/Users/Dell/AppData/Roaming/TinyTeX/texmf-dist/tex/latex/base/fontenc.sty
Package: fontenc 2021/04/29 v2.0v Standard LaTeX package
LaTeX Font Info:    Trying to load font information for T1+lmr on input line 11
2.
(c:/Users/Dell/AppData/Roaming/TinyTeX/texmf-dist/tex/latex/lm/t1lmr.fd
File: t1lmr.fd 2015/05/01 v1.6.1 Font defs for Latin Modern
)) (c:/Users/Dell/AppData/Roaming/TinyTeX/texmf-dist/tex/latex/base/inputenc.st
y
Package: inputenc 2021/02/14 v1.3d Input encoding file
\inpenc@prehook=\toks21
\inpenc@posthook=\toks22
) (c:/Users/Dell/AppData/Roaming/TinyTeX/texmf-dist/tex/latex/base/textcomp.sty
Package: textcomp 2020/02/02 v2.0n Standard LaTeX package
)
(c:/Users/Dell/AppData/Roaming/TinyTeX/texmf-dist/tex/latex/amsfonts/amssymb.st
y
Package: amssymb 2013/01/14 v3.01 AMS font symbols

(c:/Users/Dell/AppData/Roaming/TinyTeX/texmf-dist/tex/latex/amsfonts/amsfonts.s
ty
Package: amsfonts 2013/01/14 v3.01 Basic AMSFonts support
\symAMSa=\mathgroup4
\symAMSb=\mathgroup5
LaTeX Font Info:    Redeclaring math symbol \hbar on input line 98.
LaTeX Font Info:    Overwriting math alphabet `\mathfrak' in version `bold'
(Font)                  U/euf/m/n --> U/euf/b/n on input line 106.
))
(c:/Users/Dell/AppData/Roaming/TinyTeX/texmf-dist/tex/latex/upquote/upquote.sty
Package: upquote 2012/04/19 v1.3 upright-quote and grave-accent glyphs in verba
tim
)
(c:/Users/Dell/AppData/Roaming/TinyTeX/texmf-dist/tex/latex/parskip/parskip.sty
Package: parskip 2021-03-14 v2.0h non-zero parskip adjustments

(c:/Users/Dell/AppData/Roaming/TinyTeX/texmf-dist/tex/latex/kvoptions/kvoptions
.sty
Package: kvoptions 2020-10-07 v3.14 Key value format for package options (HO)

(c:/Users/Dell/AppData/Roaming/TinyTeX/texmf-dist/tex/latex/graphics/keyval.sty
Package: keyval 2014/10/28 v1.15 key=value parser (DPC)
\KV@toks@=\toks23
)
(c:/Users/Dell/AppData/Roaming/TinyTeX/texmf-dist/tex/generic/ltxcmds/ltxcmds.s
ty
Package: ltxcmds 2020-05-10 v1.25 LaTeX kernel commands for general use (HO)
)
(c:/Users/Dell/AppData/Roaming/TinyTeX/texmf-dist/tex/generic/kvsetkeys/kvsetke
ys.sty
Package: kvsetkeys 2019/12/15 v1.18 Key value parser (HO)
))
(c:/Users/Dell/AppData/Roaming/TinyTeX/texmf-dist/tex/latex/etoolbox/etoolbox.s
ty
Package: etoolbox 2020/10/05 v2.5k e-TeX tools for LaTeX (JAW)
\etb@tempcnta=\count268
)) (c:/Users/Dell/AppData/Roaming/TinyTeX/texmf-dist/tex/latex/xcolor/xcolor.st
y
Package: xcolor 2016/05/11 v2.12 LaTeX color extensions (UK)

(c:/Users/Dell/AppData/Roaming/TinyTeX/texmf-dist/tex/latex/graphics-cfg/color.
cfg
File: color.cfg 2016/01/02 v1.6 sample color configuration
)
Package xcolor Info: Driver file: pdftex.def on input line 225.

(c:/Users/Dell/AppData/Roaming/TinyTeX/texmf-dist/tex/latex/graphics-def/pdftex
.def
File: pdftex.def 2020/10/05 v1.2a Graphics/color driver for pdftex
)
Package xcolor Info: Model `cmy' substituted by `cmy0' on input line 1348.
Package xcolor Info: Model `hsb' substituted by `rgb' on input line 1352.
Package xcolor Info: Model `RGB' extended on input line 1364.
Package xcolor Info: Model `HTML' substituted by `rgb' on input line 1366.
Package xcolor Info: Model `Hsb' substituted by `hsb' on input line 1367.
Package xcolor Info: Model `tHsb' substituted by `hsb' on input line 1368.
Package xcolor Info: Model `HSB' substituted by `hsb' on input line 1369.
Package xcolor Info: Model `Gray' substituted by `gray' on input line 1370.
Package xcolor Info: Model `wave' substituted by `hsb' on input line 1371.

(c:/Users/Dell/AppData/Roaming/TinyTeX/texmf-dist/tex/latex/graphics/dvipsnam.d
ef
File: dvipsnam.def 2016/06/17 v3.0m Driver-dependent file (DPC,SPQR)
) (c:/Users/Dell/AppData/Roaming/TinyTeX/texmf-dist/tex/latex/xcolor/svgnam.def
File: svgnam.def 2016/05/11 v2.12 Predefined colors according to SVG 1.1 (UK)
) (c:/Users/Dell/AppData/Roaming/TinyTeX/texmf-dist/tex/latex/xcolor/x11nam.def
File: x11nam.def 2016/05/11 v2.12 Predefined colors according to Unix/X11 (UK)
))
(c:/Users/Dell/AppData/Roaming/TinyTeX/texmf-dist/tex/latex/hyperref/hyperref.s
ty
Package: hyperref 2021-06-07 v7.00m Hypertext links for LaTeX

(c:/Users/Dell/AppData/Roaming/TinyTeX/texmf-dist/tex/generic/pdftexcmds/pdftex
cmds.sty
Package: pdftexcmds 2020-06-27 v0.33 Utility functions of pdfTeX for LuaTeX (HO
)

(c:/Users/Dell/AppData/Roaming/TinyTeX/texmf-dist/tex/generic/infwarerr/infware
rr.sty
Package: infwarerr 2019/12/03 v1.5 Providing info/warning/error messages (HO)
)
Package pdftexcmds Info: \pdf@primitive is available.
Package pdftexcmds Info: \pdf@ifprimitive is available.
Package pdftexcmds Info: \pdfdraftmode found.
)
(c:/Users/Dell/AppData/Roaming/TinyTeX/texmf-dist/tex/generic/kvdefinekeys/kvde
finekeys.sty
Package: kvdefinekeys 2019-12-19 v1.6 Define keys (HO)
)
(c:/Users/Dell/AppData/Roaming/TinyTeX/texmf-dist/tex/generic/pdfescape/pdfesca
pe.sty
Package: pdfescape 2019/12/09 v1.15 Implements pdfTeX's escape features (HO)
)
(c:/Users/Dell/AppData/Roaming/TinyTeX/texmf-dist/tex/latex/hycolor/hycolor.sty
Package: hycolor 2020-01-27 v1.10 Color options for hyperref/bookmark (HO)
)
(c:/Users/Dell/AppData/Roaming/TinyTeX/texmf-dist/tex/latex/letltxmacro/letltxm
acro.sty
Package: letltxmacro 2019/12/03 v1.6 Let assignment for LaTeX macros (HO)
)
(c:/Users/Dell/AppData/Roaming/TinyTeX/texmf-dist/tex/latex/auxhook/auxhook.sty
Package: auxhook 2019-12-17 v1.6 Hooks for auxiliary files (HO)
)
\@linkdim=\dimen148
\Hy@linkcounter=\count269
\Hy@pagecounter=\count270

(c:/Users/Dell/AppData/Roaming/TinyTeX/texmf-dist/tex/latex/hyperref/pd1enc.def
File: pd1enc.def 2021-06-07 v7.00m Hyperref: PDFDocEncoding definition (HO)
Now handling font encoding PD1 ...
... no UTF-8 mapping file for font encoding PD1
)
(c:/Users/Dell/AppData/Roaming/TinyTeX/texmf-dist/tex/latex/hyperref/hyperref-l
angpatches.def
File: hyperref-langpatches.def 2021-06-07 v7.00m Hyperref: patches for babel la
nguages
)
(c:/Users/Dell/AppData/Roaming/TinyTeX/texmf-dist/tex/generic/intcalc/intcalc.s
ty
Package: intcalc 2019/12/15 v1.3 Expandable calculations with integers (HO)
)
(c:/Users/Dell/AppData/Roaming/TinyTeX/texmf-dist/tex/generic/etexcmds/etexcmds
.sty
Package: etexcmds 2019/12/15 v1.7 Avoid name clashes with e-TeX commands (HO)
)
\Hy@SavedSpaceFactor=\count271
(c:/Users/Dell/AppData/Roaming/TinyTeX/texmf-dist/tex/latex/hyperref/puenc.def
File: puenc.def 2021-06-07 v7.00m Hyperref: PDF Unicode definition (HO)
Now handling font encoding PU ...
... no UTF-8 mapping file for font encoding PU
)
Package hyperref Info: Option `unicode' set `true' on input line 4073.
Package hyperref Info: Hyper figures OFF on input line 4192.
Package hyperref Info: Link nesting OFF on input line 4197.
Package hyperref Info: Hyper index ON on input line 4200.
Package hyperref Info: Plain pages OFF on input line 4207.
Package hyperref Info: Backreferencing OFF on input line 4212.
Package hyperref Info: Implicit mode ON; LaTeX internals redefined.
Package hyperref Info: Bookmarks ON on input line 4445.
\c@Hy@tempcnt=\count272
(c:/Users/Dell/AppData/Roaming/TinyTeX/texmf-dist/tex/latex/url/url.sty
\Urlmuskip=\muskip17
Package: url 2013/09/16  ver 3.4  Verb mode for urls, etc.
)
LaTeX Info: Redefining \url on input line 4804.
\XeTeXLinkMargin=\dimen149

(c:/Users/Dell/AppData/Roaming/TinyTeX/texmf-dist/tex/generic/bitset/bitset.sty
Package: bitset 2019/12/09 v1.3 Handle bit-vector datatype (HO)

(c:/Users/Dell/AppData/Roaming/TinyTeX/texmf-dist/tex/generic/bigintcalc/bigint
calc.sty
Package: bigintcalc 2019/12/15 v1.5 Expandable calculations on big integers (HO
)
))
\Fld@menulength=\count273
\Field@Width=\dimen150
\Fld@charsize=\dimen151
Package hyperref Info: Hyper figures OFF on input line 6076.
Package hyperref Info: Link nesting OFF on input line 6081.
Package hyperref Info: Hyper index ON on input line 6084.
Package hyperref Info: backreferencing OFF on input line 6091.
Package hyperref Info: Link coloring OFF on input line 6096.
Package hyperref Info: Link coloring with OCG OFF on input line 6101.
Package hyperref Info: PDF/A mode OFF on input line 6106.
LaTeX Info: Redefining \ref on input line 6146.
LaTeX Info: Redefining \pageref on input line 6150.

(c:/Users/Dell/AppData/Roaming/TinyTeX/texmf-dist/tex/latex/base/atbegshi-ltx.s
ty
Package: atbegshi-ltx 2021/01/10 v1.0c Emulation of the original atbegshi
package with kernel methods
)
\Hy@abspage=\count274
\c@Item=\count275
\c@Hfootnote=\count276
)
Package hyperref Info: Driver (autodetected): hpdftex.

(c:/Users/Dell/AppData/Roaming/TinyTeX/texmf-dist/tex/latex/hyperref/hpdftex.de
f
File: hpdftex.def 2021-06-07 v7.00m Hyperref driver for pdfTeX

(c:/Users/Dell/AppData/Roaming/TinyTeX/texmf-dist/tex/latex/base/atveryend-ltx.
sty
Package: atveryend-ltx 2020/08/19 v1.0a Emulation of the original atvery packag
e
with kernel methods
)
\Fld@listcount=\count277
\c@bookmark@seq@number=\count278

(c:/Users/Dell/AppData/Roaming/TinyTeX/texmf-dist/tex/latex/rerunfilecheck/reru
nfilecheck.sty
Package: rerunfilecheck 2019/12/05 v1.9 Rerun checks for auxiliary files (HO)

(c:/Users/Dell/AppData/Roaming/TinyTeX/texmf-dist/tex/generic/uniquecounter/uni
quecounter.sty
Package: uniquecounter 2019/12/15 v1.4 Provide unlimited unique counter (HO)
)
Package uniquecounter Info: New unique counter `rerunfilecheck' on input line 2
86.
)
\Hy@SectionHShift=\skip52
)
Package hyperref Info: Option `colorlinks' set `true' on input line 46.

(c:/Users/Dell/AppData/Roaming/TinyTeX/texmf-dist/tex/latex/geometry/geometry.s
ty
Package: geometry 2020/01/02 v5.9 Page Geometry
(c:/Users/Dell/AppData/Roaming/TinyTeX/texmf-dist/tex/generic/iftex/ifvtex.sty
Package: ifvtex 2019/10/25 v1.7 ifvtex legacy package. Use iftex instead.
)
\Gm@cnth=\count279
\Gm@cntv=\count280
\c@Gm@tempcnt=\count281
\Gm@bindingoffset=\dimen152
\Gm@wd@mp=\dimen153
\Gm@odd@mp=\dimen154
\Gm@even@mp=\dimen155
\Gm@layoutwidth=\dimen156
\Gm@layoutheight=\dimen157
\Gm@layouthoffset=\dimen158
\Gm@layoutvoffset=\dimen159
\Gm@dimlist=\toks24
)
(c:/Users/Dell/AppData/Roaming/TinyTeX/texmf-dist/tex/latex/fancyvrb/fancyvrb.s
ty
Package: fancyvrb 2021/01/20 v3.7 verbatim text (tvz,hv)
\FV@CodeLineNo=\count282
\FV@InFile=\read2
\FV@TabBox=\box52
\c@FancyVerbLine=\count283
\FV@StepNumber=\count284
\FV@OutFile=\write3
) (c:/Users/Dell/AppData/Roaming/TinyTeX/texmf-dist/tex/latex/framed/framed.sty
Package: framed 2011/10/22 v 0.96: framed or shaded text with page breaks
\OuterFrameSep=\skip53
\fb@frw=\dimen160
\fb@frh=\dimen161
\FrameRule=\dimen162
\FrameSep=\dimen163
)
(c:/Users/Dell/AppData/Roaming/TinyTeX/texmf-dist/tex/latex/graphics/graphicx.s
ty
Package: graphicx 2020/12/05 v1.2c Enhanced LaTeX Graphics (DPC,SPQR)

(c:/Users/Dell/AppData/Roaming/TinyTeX/texmf-dist/tex/latex/graphics/graphics.s
ty
Package: graphics 2021/03/04 v1.4d Standard LaTeX Graphics (DPC,SPQR)
(c:/Users/Dell/AppData/Roaming/TinyTeX/texmf-dist/tex/latex/graphics/trig.sty
Package: trig 2016/01/03 v1.10 sin cos tan (DPC)
)
(c:/Users/Dell/AppData/Roaming/TinyTeX/texmf-dist/tex/latex/graphics-cfg/graphi
cs.cfg
File: graphics.cfg 2016/06/04 v1.11 sample graphics configuration
)
Package graphics Info: Driver file: pdftex.def on input line 107.
)
\Gin@req@height=\dimen164
\Gin@req@width=\dimen165
)
(c:/Users/Dell/AppData/Roaming/TinyTeX/texmf-dist/tex/latex/setspace/setspace.s
ty
Package: setspace 2011/12/19 v6.7a set line spacing
) (c:/Users/Dell/AppData/Roaming/TinyTeX/texmf-dist/tex/generic/babel/babel.sty
Package: babel 2021/06/28 3.61 The Babel package
(c:/Users/Dell/AppData/Roaming/TinyTeX/texmf-dist/tex/generic/babel/babel.def
File: babel.def 2021/06/28 3.61 Babel common definitions
\babel@savecnt=\count285
\U@D=\dimen166
\l@unhyphenated=\language6

(c:/Users/Dell/AppData/Roaming/TinyTeX/texmf-dist/tex/generic/babel/txtbabel.de
f)
\bbl@readstream=\read3
)
\bbl@dirlevel=\count286

(c:/Users/Dell/AppData/Roaming/TinyTeX/texmf-dist/tex/generic/babel-spanish/spa
nish.ldf
Language: spanish.ldf 2021/05/27 v5.0q Spanish support from the babel system
\es@quottoks=\toks25
\es@quotdepth=\count287
Package babel Info: Making " an active character on input line 570.
Package babel Info: Making . an active character on input line 675.
Package babel Info: Making < an active character on input line 722.
Package babel Info: Making > an active character on input line 722.
))
(c:/Users/Dell/AppData/Roaming/TinyTeX/texmf-dist/tex/latex/sectsty/sectsty.sty
Package: sectsty 2002/02/25 v2.0.2 Commands to change all sectional heading sty
les

LaTeX Warning: Command \underbar  has changed.
               Check if current package is valid.


LaTeX Warning: Command \underline  has changed.
               Check if current package is valid.

)
(c:/Users/Dell/AppData/Roaming/TinyTeX/texmf-dist/tex/latex/tocloft/tocloft.sty
Package: tocloft 2017/08/31 v2.3i parameterised ToC, etc., typesetting
Package tocloft Info: The document has section divisions on input line 51.
\cftparskip=\skip54
\cftbeforetoctitleskip=\skip55
\cftaftertoctitleskip=\skip56
\cftbeforepartskip=\skip57
\cftpartnumwidth=\skip58
\cftpartindent=\skip59
\cftbeforesecskip=\skip60
\cftsecindent=\skip61
\cftsecnumwidth=\skip62
\cftbeforesubsecskip=\skip63
\cftsubsecindent=\skip64
\cftsubsecnumwidth=\skip65
\cftbeforesubsubsecskip=\skip66
\cftsubsubsecindent=\skip67
\cftsubsubsecnumwidth=\skip68
\cftbeforeparaskip=\skip69
\cftparaindent=\skip70
\cftparanumwidth=\skip71
\cftbeforesubparaskip=\skip72
\cftsubparaindent=\skip73
\cftsubparanumwidth=\skip74
\cftbeforeloftitleskip=\skip75
\cftafterloftitleskip=\skip76
\cftbeforefigskip=\skip77
\cftfigindent=\skip78
\cftfignumwidth=\skip79
\c@lofdepth=\count288
\c@lotdepth=\count289
\cftbeforelottitleskip=\skip80
\cftafterlottitleskip=\skip81
\cftbeforetabskip=\skip82
\cfttabindent=\skip83
\cfttabnumwidth=\skip84

Package tocloft Warning: \@starttoc has already been redefined; tocloft bailing
 out. on input line 1156.

)
(c:/Users/Dell/AppData/Roaming/TinyTeX/texmf-dist/tex/latex/titlesec/titlesec.s
ty
Package: titlesec 2019/10/16 v2.13 Sectioning titles
\ttl@box=\box53
\beforetitleunit=\skip85
\aftertitleunit=\skip86
\ttl@plus=\dimen167
\ttl@minus=\dimen168
\ttl@toksa=\toks26
\titlewidth=\dimen169
\titlewidthlast=\dimen170
\titlewidthfirst=\dimen171
)
(c:/Users/Dell/AppData/Roaming/TinyTeX/texmf-dist/tex/latex/caption/caption.sty
Package: caption 2020/10/26 v3.5g Customizing captions (AR)

(c:/Users/Dell/AppData/Roaming/TinyTeX/texmf-dist/tex/latex/caption/caption3.st
y
Package: caption3 2020/10/21 v2.2e caption3 kernel (AR)
\captionmargin=\dimen172
\captionmargin@=\dimen173
\captionwidth=\dimen174
\caption@tempdima=\dimen175
\caption@indent=\dimen176
\caption@parindent=\dimen177
\caption@hangindent=\dimen178
Package caption Info: Standard document class detected.
)
\c@caption@flags=\count290
\c@continuedfloat=\count291
Package caption Info: hyperref package is loaded.
)
(c:/Users/Dell/AppData/Roaming/TinyTeX/texmf-dist/tex/latex/fancyhdr/fancyhdr.s
ty
Package: fancyhdr 2021/01/28 v4.0.1 Extensive control of page headers and foote
rs
\f@nch@headwidth=\skip87
\f@nch@O@elh=\skip88
\f@nch@O@erh=\skip89
\f@nch@O@olh=\skip90
\f@nch@O@orh=\skip91
\f@nch@O@elf=\skip92
\f@nch@O@erf=\skip93
\f@nch@O@olf=\skip94
\f@nch@O@orf=\skip95
)
(c:/Users/Dell/AppData/Roaming/TinyTeX/texmf-dist/tex/latex/booktabs/booktabs.s
ty
Package: booktabs 2020/01/12 v1.61803398 Publication quality tables
\heavyrulewidth=\dimen179
\lightrulewidth=\dimen180
\cmidrulewidth=\dimen181
\belowrulesep=\dimen182
\belowbottomsep=\dimen183
\aboverulesep=\dimen184
\abovetopsep=\dimen185
\cmidrulesep=\dimen186
\cmidrulekern=\dimen187
\defaultaddspace=\dimen188
\@cmidla=\count292
\@cmidlb=\count293
\@aboverulesep=\dimen189
\@belowrulesep=\dimen190
\@thisruleclass=\count294
\@lastruleclass=\count295
\@thisrulewidth=\dimen191
)
(c:/Users/Dell/AppData/Roaming/TinyTeX/texmf-dist/tex/latex/tools/longtable.sty
Package: longtable 2021-05-07 v4.16 Multi-page Table package (DPC)
\LTleft=\skip96
\LTright=\skip97
\LTpre=\skip98
\LTpost=\skip99
\LTchunksize=\count296
\LTcapwidth=\dimen192
\LT@head=\box54
\LT@firsthead=\box55
\LT@foot=\box56
\LT@lastfoot=\box57
\LT@gbox=\box58
\LT@cols=\count297
\LT@rows=\count298
\c@LT@tables=\count299
\c@LT@chunks=\count300
\LT@p@ftn=\toks27
) (c:/Users/Dell/AppData/Roaming/TinyTeX/texmf-dist/tex/latex/tools/array.sty
Package: array 2021/04/20 v2.5e Tabular extension package (FMi)
\col@sep=\dimen193
\ar@mcellbox=\box59
\extrarowheight=\dimen194
\NC@list=\toks28
\extratabsurround=\skip100
\backup@length=\skip101
\ar@cellbox=\box60
)
(c:/Users/Dell/AppData/Roaming/TinyTeX/texmf-dist/tex/latex/multirow/multirow.s
ty
Package: multirow 2021/03/15 v2.8 Span multiple rows of a table
\multirow@colwidth=\skip102
\multirow@cntb=\count301
\multirow@dima=\skip103
\bigstrutjot=\dimen195
)
(c:/Users/Dell/AppData/Roaming/TinyTeX/texmf-dist/tex/latex/wrapfig/wrapfig.sty
\wrapoverhang=\dimen196
\WF@size=\dimen197
\c@WF@wrappedlines=\count302
\WF@box=\box61
\WF@everypar=\toks29
Package: wrapfig 2003/01/31  v 3.6
)
(c:/Users/Dell/AppData/Roaming/TinyTeX/texmf-dist/tex/latex/colortbl/colortbl.s
ty
Package: colortbl 2020/01/04 v1.0e Color table columns (DPC)
\everycr=\toks30
\minrowclearance=\skip104
)
(c:/Users/Dell/AppData/Roaming/TinyTeX/texmf-dist/tex/latex/pdflscape/pdflscape
.sty
Package: pdflscape 2019/12/05 v0.12 Display of landscape pages in PDF (HO)

(c:/Users/Dell/AppData/Roaming/TinyTeX/texmf-dist/tex/latex/graphics/lscape.sty
Package: lscape 2020/05/28 v3.02 Landscape Pages (DPC)
)
Package pdflscape Info: Auto-detected driver: pdftex on input line 81.
) (c:/Users/Dell/AppData/Roaming/TinyTeX/texmf-dist/tex/latex/tabu/tabu.sty
Package: tabu 2019/01/11 v2.9 - flexible LaTeX tabulars (FC+tabu-fixed)

(c:/Users/Dell/AppData/Roaming/TinyTeX/texmf-dist/tex/latex/varwidth/varwidth.s
ty
Package: varwidth 2009/03/30 ver 0.92;  Variable-width minipages
\@vwid@box=\box62
\sift@deathcycles=\count303
\@vwid@loff=\dimen198
\@vwid@roff=\dimen199
)
\c@taburow=\count304
\tabu@nbcols=\count305
\tabu@cnt=\count306
\tabu@Xcol=\count307
\tabu@alloc=\count308
\tabu@nested=\count309
\tabu@target=\dimen256
\tabu@spreadtarget=\dimen257
\tabu@naturalX=\dimen258
\tabucolX=\dimen259
\tabu@Xsum=\dimen260
\extrarowdepth=\dimen261
\abovetabulinesep=\dimen262
\belowtabulinesep=\dimen263
\tabustrutrule=\dimen264
\tabu@thebody=\toks31
\tabu@footnotes=\toks32
\tabu@box=\box63
\tabu@arstrutbox=\box64
\tabu@hleads=\box65
\tabu@vleads=\box66
\tabu@cellskip=\skip105
)
(c:/Users/Dell/AppData/Roaming/TinyTeX/texmf-dist/tex/latex/threeparttable/thre
eparttable.sty
Package: threeparttable 2003/06/13  v 3.0
\@tempboxb=\box67
)
(c:/Users/Dell/AppData/Roaming/TinyTeX/texmf-dist/tex/latex/threeparttablex/thr
eeparttablex.sty
Package: threeparttablex 2013/07/23 v0.3 by daleif

(c:/Users/Dell/AppData/Roaming/TinyTeX/texmf-dist/tex/latex/environ/environ.sty
Package: environ 2014/05/04 v0.3 A new way to define environments

(c:/Users/Dell/AppData/Roaming/TinyTeX/texmf-dist/tex/latex/trimspaces/trimspac
es.sty
Package: trimspaces 2009/09/17 v1.1 Trim spaces around a token list
))
\TPTL@width=\skip106
) (c:/Users/Dell/AppData/Roaming/TinyTeX/texmf-dist/tex/generic/ulem/ulem.sty
\UL@box=\box68
\UL@hyphenbox=\box69
\UL@skip=\skip107
\UL@hook=\toks33
\UL@height=\dimen265
\UL@pe=\count310
\UL@pixel=\dimen266
\ULC@box=\box70
Package: ulem 2019/11/18
\ULdepth=\dimen267
)
(c:/Users/Dell/AppData/Roaming/TinyTeX/texmf-dist/tex/latex/makecell/makecell.s
ty
Package: makecell 2009/08/03 V0.1e Managing of Tab Column Heads and Cells
\rotheadsize=\dimen268
\c@nlinenum=\count311
\TeXr@lab=\toks34
)
(c:/Users/Dell/AppData/Roaming/TinyTeX/texmf-dist/tex/latex/floatrow/floatrow.s
ty
Package: floatrow 2008/08/02 v0.3b floatrow: float package extension
\c@float@type=\count312
\float@exts=\toks35
\float@box=\box71
\@floatcapt=\box72
Package floatrow Info: Modified float package code loaded on input line 455.
Package floatrow Info: Modified rotfloat package code loaded on input line 473.

\FR@everyfloat=\toks36
\flrow@foot=\insert252
\FB@wd=\dimen269
\FBo@wd=\dimen270
\FBc@wd=\dimen271
\FBo@ht=\skip108
\FBc@ht=\skip109
\FBf@ht=\skip110
\FBo@max=\skip111
\FBc@max=\skip112
\FBf@max=\skip113
\c@FBl@b=\count313
\floatbox@depth=\count314
\c@FRobj=\count315
\c@FRsobj=\count316
\Xhsize=\skip114
\sXhsize=\skip115
\Zhsize=\skip116
\sZhsize=\skip117
\flrow@rowbox=\box73
\FR@Zunitlength=\dimen272
\c@FBcnt=\count317
\FPOScnt=\count318
\LTleft=\skip118
\LTright=\skip119
\LTleft=\skip120
\LTright=\skip121
\flrow@types=\toks37
)
\c@chunk=\count319

(c:/Users/Dell/AppData/Roaming/TinyTeX/texmf-dist/tex/latex/pgf/frontendlayer/t
ikz.sty
(c:/Users/Dell/AppData/Roaming/TinyTeX/texmf-dist/tex/latex/pgf/basiclayer/pgf.
sty
(c:/Users/Dell/AppData/Roaming/TinyTeX/texmf-dist/tex/latex/pgf/utilities/pgfrc
s.sty
(c:/Users/Dell/AppData/Roaming/TinyTeX/texmf-dist/tex/generic/pgf/utilities/pgf
util-common.tex
\pgfutil@everybye=\toks38
\pgfutil@tempdima=\dimen273
\pgfutil@tempdimb=\dimen274

(c:/Users/Dell/AppData/Roaming/TinyTeX/texmf-dist/tex/generic/pgf/utilities/pgf
util-common-lists.tex))
(c:/Users/Dell/AppData/Roaming/TinyTeX/texmf-dist/tex/generic/pgf/utilities/pgf
util-latex.def
\pgfutil@abb=\box74
)
(c:/Users/Dell/AppData/Roaming/TinyTeX/texmf-dist/tex/generic/pgf/utilities/pgf
rcs.code.tex
(c:/Users/Dell/AppData/Roaming/TinyTeX/texmf-dist/tex/generic/pgf/pgf.revision.
tex)
Package: pgfrcs 2021/05/15 v3.1.9a (3.1.9a)
))
Package: pgf 2021/05/15 v3.1.9a (3.1.9a)

(c:/Users/Dell/AppData/Roaming/TinyTeX/texmf-dist/tex/latex/pgf/basiclayer/pgfc
ore.sty
(c:/Users/Dell/AppData/Roaming/TinyTeX/texmf-dist/tex/latex/pgf/systemlayer/pgf
sys.sty
(c:/Users/Dell/AppData/Roaming/TinyTeX/texmf-dist/tex/generic/pgf/systemlayer/p
gfsys.code.tex
Package: pgfsys 2021/05/15 v3.1.9a (3.1.9a)

(c:/Users/Dell/AppData/Roaming/TinyTeX/texmf-dist/tex/generic/pgf/utilities/pgf
keys.code.tex
\pgfkeys@pathtoks=\toks39
\pgfkeys@temptoks=\toks40

(c:/Users/Dell/AppData/Roaming/TinyTeX/texmf-dist/tex/generic/pgf/utilities/pgf
keysfiltered.code.tex
\pgfkeys@tmptoks=\toks41
))
\pgf@x=\dimen275
\pgf@y=\dimen276
\pgf@xa=\dimen277
\pgf@ya=\dimen278
\pgf@xb=\dimen279
\pgf@yb=\dimen280
\pgf@xc=\dimen281
\pgf@yc=\dimen282
\pgf@xd=\dimen283
\pgf@yd=\dimen284
\w@pgf@writea=\write4
\r@pgf@reada=\read4
\c@pgf@counta=\count320
\c@pgf@countb=\count321
\c@pgf@countc=\count322
\c@pgf@countd=\count323
\t@pgf@toka=\toks42
\t@pgf@tokb=\toks43
\t@pgf@tokc=\toks44
\pgf@sys@id@count=\count324

(c:/Users/Dell/AppData/Roaming/TinyTeX/texmf-dist/tex/generic/pgf/systemlayer/p
gf.cfg
File: pgf.cfg 2021/05/15 v3.1.9a (3.1.9a)
)
Driver file for pgf: pgfsys-pdftex.def

(c:/Users/Dell/AppData/Roaming/TinyTeX/texmf-dist/tex/generic/pgf/systemlayer/p
gfsys-pdftex.def
File: pgfsys-pdftex.def 2021/05/15 v3.1.9a (3.1.9a)

(c:/Users/Dell/AppData/Roaming/TinyTeX/texmf-dist/tex/generic/pgf/systemlayer/p
gfsys-common-pdf.def
File: pgfsys-common-pdf.def 2021/05/15 v3.1.9a (3.1.9a)
)))
(c:/Users/Dell/AppData/Roaming/TinyTeX/texmf-dist/tex/generic/pgf/systemlayer/p
gfsyssoftpath.code.tex
File: pgfsyssoftpath.code.tex 2021/05/15 v3.1.9a (3.1.9a)
\pgfsyssoftpath@smallbuffer@items=\count325
\pgfsyssoftpath@bigbuffer@items=\count326
)
(c:/Users/Dell/AppData/Roaming/TinyTeX/texmf-dist/tex/generic/pgf/systemlayer/p
gfsysprotocol.code.tex
File: pgfsysprotocol.code.tex 2021/05/15 v3.1.9a (3.1.9a)
))
(c:/Users/Dell/AppData/Roaming/TinyTeX/texmf-dist/tex/generic/pgf/basiclayer/pg
fcore.code.tex
Package: pgfcore 2021/05/15 v3.1.9a (3.1.9a)

(c:/Users/Dell/AppData/Roaming/TinyTeX/texmf-dist/tex/generic/pgf/math/pgfmath.
code.tex
(c:/Users/Dell/AppData/Roaming/TinyTeX/texmf-dist/tex/generic/pgf/math/pgfmathc
alc.code.tex
(c:/Users/Dell/AppData/Roaming/TinyTeX/texmf-dist/tex/generic/pgf/math/pgfmathu
til.code.tex)
(c:/Users/Dell/AppData/Roaming/TinyTeX/texmf-dist/tex/generic/pgf/math/pgfmathp
arser.code.tex
\pgfmath@dimen=\dimen285
\pgfmath@count=\count327
\pgfmath@box=\box75
\pgfmath@toks=\toks45
\pgfmath@stack@operand=\toks46
\pgfmath@stack@operation=\toks47
)
(c:/Users/Dell/AppData/Roaming/TinyTeX/texmf-dist/tex/generic/pgf/math/pgfmathf
unctions.code.tex
(c:/Users/Dell/AppData/Roaming/TinyTeX/texmf-dist/tex/generic/pgf/math/pgfmathf
unctions.basic.code.tex)
(c:/Users/Dell/AppData/Roaming/TinyTeX/texmf-dist/tex/generic/pgf/math/pgfmathf
unctions.trigonometric.code.tex)
(c:/Users/Dell/AppData/Roaming/TinyTeX/texmf-dist/tex/generic/pgf/math/pgfmathf
unctions.random.code.tex)
(c:/Users/Dell/AppData/Roaming/TinyTeX/texmf-dist/tex/generic/pgf/math/pgfmathf
unctions.comparison.code.tex)
(c:/Users/Dell/AppData/Roaming/TinyTeX/texmf-dist/tex/generic/pgf/math/pgfmathf
unctions.base.code.tex)
(c:/Users/Dell/AppData/Roaming/TinyTeX/texmf-dist/tex/generic/pgf/math/pgfmathf
unctions.round.code.tex)
(c:/Users/Dell/AppData/Roaming/TinyTeX/texmf-dist/tex/generic/pgf/math/pgfmathf
unctions.misc.code.tex)
(c:/Users/Dell/AppData/Roaming/TinyTeX/texmf-dist/tex/generic/pgf/math/pgfmathf
unctions.integerarithmetics.code.tex)))
(c:/Users/Dell/AppData/Roaming/TinyTeX/texmf-dist/tex/generic/pgf/math/pgfmathf
loat.code.tex
\c@pgfmathroundto@lastzeros=\count328
))
(c:/Users/Dell/AppData/Roaming/TinyTeX/texmf-dist/tex/generic/pgf/math/pgfint.c
ode.tex)
(c:/Users/Dell/AppData/Roaming/TinyTeX/texmf-dist/tex/generic/pgf/basiclayer/pg
fcorepoints.code.tex
File: pgfcorepoints.code.tex 2021/05/15 v3.1.9a (3.1.9a)
\pgf@picminx=\dimen286
\pgf@picmaxx=\dimen287
\pgf@picminy=\dimen288
\pgf@picmaxy=\dimen289
\pgf@pathminx=\dimen290
\pgf@pathmaxx=\dimen291
\pgf@pathminy=\dimen292
\pgf@pathmaxy=\dimen293
\pgf@xx=\dimen294
\pgf@xy=\dimen295
\pgf@yx=\dimen296
\pgf@yy=\dimen297
\pgf@zx=\dimen298
\pgf@zy=\dimen299
)
(c:/Users/Dell/AppData/Roaming/TinyTeX/texmf-dist/tex/generic/pgf/basiclayer/pg
fcorepathconstruct.code.tex
File: pgfcorepathconstruct.code.tex 2021/05/15 v3.1.9a (3.1.9a)
\pgf@path@lastx=\dimen300
\pgf@path@lasty=\dimen301
)
(c:/Users/Dell/AppData/Roaming/TinyTeX/texmf-dist/tex/generic/pgf/basiclayer/pg
fcorepathusage.code.tex
File: pgfcorepathusage.code.tex 2021/05/15 v3.1.9a (3.1.9a)
\pgf@shorten@end@additional=\dimen302
\pgf@shorten@start@additional=\dimen303
)
(c:/Users/Dell/AppData/Roaming/TinyTeX/texmf-dist/tex/generic/pgf/basiclayer/pg
fcorescopes.code.tex
File: pgfcorescopes.code.tex 2021/05/15 v3.1.9a (3.1.9a)
\pgfpic=\box76
\pgf@hbox=\box77
\pgf@layerbox@main=\box78
\pgf@picture@serial@count=\count329
)
(c:/Users/Dell/AppData/Roaming/TinyTeX/texmf-dist/tex/generic/pgf/basiclayer/pg
fcoregraphicstate.code.tex
File: pgfcoregraphicstate.code.tex 2021/05/15 v3.1.9a (3.1.9a)
\pgflinewidth=\dimen304
)
(c:/Users/Dell/AppData/Roaming/TinyTeX/texmf-dist/tex/generic/pgf/basiclayer/pg
fcoretransformations.code.tex
File: pgfcoretransformations.code.tex 2021/05/15 v3.1.9a (3.1.9a)
\pgf@pt@x=\dimen305
\pgf@pt@y=\dimen306
\pgf@pt@temp=\dimen307
)
(c:/Users/Dell/AppData/Roaming/TinyTeX/texmf-dist/tex/generic/pgf/basiclayer/pg
fcorequick.code.tex
File: pgfcorequick.code.tex 2021/05/15 v3.1.9a (3.1.9a)
)
(c:/Users/Dell/AppData/Roaming/TinyTeX/texmf-dist/tex/generic/pgf/basiclayer/pg
fcoreobjects.code.tex
File: pgfcoreobjects.code.tex 2021/05/15 v3.1.9a (3.1.9a)
)
(c:/Users/Dell/AppData/Roaming/TinyTeX/texmf-dist/tex/generic/pgf/basiclayer/pg
fcorepathprocessing.code.tex
File: pgfcorepathprocessing.code.tex 2021/05/15 v3.1.9a (3.1.9a)
)
(c:/Users/Dell/AppData/Roaming/TinyTeX/texmf-dist/tex/generic/pgf/basiclayer/pg
fcorearrows.code.tex
File: pgfcorearrows.code.tex 2021/05/15 v3.1.9a (3.1.9a)
\pgfarrowsep=\dimen308
)
(c:/Users/Dell/AppData/Roaming/TinyTeX/texmf-dist/tex/generic/pgf/basiclayer/pg
fcoreshade.code.tex
File: pgfcoreshade.code.tex 2021/05/15 v3.1.9a (3.1.9a)
\pgf@max=\dimen309
\pgf@sys@shading@range@num=\count330
\pgf@shadingcount=\count331
)
(c:/Users/Dell/AppData/Roaming/TinyTeX/texmf-dist/tex/generic/pgf/basiclayer/pg
fcoreimage.code.tex
File: pgfcoreimage.code.tex 2021/05/15 v3.1.9a (3.1.9a)

(c:/Users/Dell/AppData/Roaming/TinyTeX/texmf-dist/tex/generic/pgf/basiclayer/pg
fcoreexternal.code.tex
File: pgfcoreexternal.code.tex 2021/05/15 v3.1.9a (3.1.9a)
\pgfexternal@startupbox=\box79
))
(c:/Users/Dell/AppData/Roaming/TinyTeX/texmf-dist/tex/generic/pgf/basiclayer/pg
fcorelayers.code.tex
File: pgfcorelayers.code.tex 2021/05/15 v3.1.9a (3.1.9a)
)
(c:/Users/Dell/AppData/Roaming/TinyTeX/texmf-dist/tex/generic/pgf/basiclayer/pg
fcoretransparency.code.tex
File: pgfcoretransparency.code.tex 2021/05/15 v3.1.9a (3.1.9a)
)
(c:/Users/Dell/AppData/Roaming/TinyTeX/texmf-dist/tex/generic/pgf/basiclayer/pg
fcorepatterns.code.tex
File: pgfcorepatterns.code.tex 2021/05/15 v3.1.9a (3.1.9a)
)
(c:/Users/Dell/AppData/Roaming/TinyTeX/texmf-dist/tex/generic/pgf/basiclayer/pg
fcorerdf.code.tex
File: pgfcorerdf.code.tex 2021/05/15 v3.1.9a (3.1.9a)
)))
(c:/Users/Dell/AppData/Roaming/TinyTeX/texmf-dist/tex/generic/pgf/modules/pgfmo
duleshapes.code.tex
File: pgfmoduleshapes.code.tex 2021/05/15 v3.1.9a (3.1.9a)
\pgfnodeparttextbox=\box80
)
(c:/Users/Dell/AppData/Roaming/TinyTeX/texmf-dist/tex/generic/pgf/modules/pgfmo
duleplot.code.tex
File: pgfmoduleplot.code.tex 2021/05/15 v3.1.9a (3.1.9a)
)
(c:/Users/Dell/AppData/Roaming/TinyTeX/texmf-dist/tex/latex/pgf/compatibility/p
gfcomp-version-0-65.sty
Package: pgfcomp-version-0-65 2021/05/15 v3.1.9a (3.1.9a)
\pgf@nodesepstart=\dimen310
\pgf@nodesepend=\dimen311
)
(c:/Users/Dell/AppData/Roaming/TinyTeX/texmf-dist/tex/latex/pgf/compatibility/p
gfcomp-version-1-18.sty
Package: pgfcomp-version-1-18 2021/05/15 v3.1.9a (3.1.9a)
))
(c:/Users/Dell/AppData/Roaming/TinyTeX/texmf-dist/tex/latex/pgf/utilities/pgffo
r.sty
(c:/Users/Dell/AppData/Roaming/TinyTeX/texmf-dist/tex/latex/pgf/utilities/pgfke
ys.sty
(c:/Users/Dell/AppData/Roaming/TinyTeX/texmf-dist/tex/generic/pgf/utilities/pgf
keys.code.tex))
(c:/Users/Dell/AppData/Roaming/TinyTeX/texmf-dist/tex/latex/pgf/math/pgfmath.st
y
(c:/Users/Dell/AppData/Roaming/TinyTeX/texmf-dist/tex/generic/pgf/math/pgfmath.
code.tex))
(c:/Users/Dell/AppData/Roaming/TinyTeX/texmf-dist/tex/generic/pgf/utilities/pgf
for.code.tex
Package: pgffor 2021/05/15 v3.1.9a (3.1.9a)

(c:/Users/Dell/AppData/Roaming/TinyTeX/texmf-dist/tex/generic/pgf/math/pgfmath.
code.tex)
\pgffor@iter=\dimen312
\pgffor@skip=\dimen313
\pgffor@stack=\toks48
\pgffor@toks=\toks49
))
(c:/Users/Dell/AppData/Roaming/TinyTeX/texmf-dist/tex/generic/pgf/frontendlayer
/tikz/tikz.code.tex
Package: tikz 2021/05/15 v3.1.9a (3.1.9a)

(c:/Users/Dell/AppData/Roaming/TinyTeX/texmf-dist/tex/generic/pgf/libraries/pgf
libraryplothandlers.code.tex
File: pgflibraryplothandlers.code.tex 2021/05/15 v3.1.9a (3.1.9a)
\pgf@plot@mark@count=\count332
\pgfplotmarksize=\dimen314
)
\tikz@lastx=\dimen315
\tikz@lasty=\dimen316
\tikz@lastxsaved=\dimen317
\tikz@lastysaved=\dimen318
\tikz@lastmovetox=\dimen319
\tikz@lastmovetoy=\dimen320
\tikzleveldistance=\dimen321
\tikzsiblingdistance=\dimen322
\tikz@figbox=\box81
\tikz@figbox@bg=\box82
\tikz@tempbox=\box83
\tikz@tempbox@bg=\box84
\tikztreelevel=\count333
\tikznumberofchildren=\count334
\tikznumberofcurrentchild=\count335
\tikz@fig@count=\count336

(c:/Users/Dell/AppData/Roaming/TinyTeX/texmf-dist/tex/generic/pgf/modules/pgfmo
dulematrix.code.tex
File: pgfmodulematrix.code.tex 2021/05/15 v3.1.9a (3.1.9a)
\pgfmatrixcurrentrow=\count337
\pgfmatrixcurrentcolumn=\count338
\pgf@matrix@numberofcolumns=\count339
)
\tikz@expandcount=\count340

(c:/Users/Dell/AppData/Roaming/TinyTeX/texmf-dist/tex/generic/pgf/frontendlayer
/tikz/libraries/tikzlibrarytopaths.code.tex
File: tikzlibrarytopaths.code.tex 2021/05/15 v3.1.9a (3.1.9a)
)))
(c:/Users/Dell/AppData/Roaming/TinyTeX/texmf-dist/tex/generic/pgf/frontendlayer
/tikz/libraries/tikzlibrarymatrix.code.tex
File: tikzlibrarymatrix.code.tex 2021/05/15 v3.1.9a (3.1.9a)
)
(c:/Users/Dell/AppData/Roaming/TinyTeX/texmf-dist/tex/generic/pgf/frontendlayer
/tikz/libraries/tikzlibrarydecorations.pathreplacing.code.tex
(c:/Users/Dell/AppData/Roaming/TinyTeX/texmf-dist/tex/generic/pgf/frontendlayer
/tikz/libraries/tikzlibrarydecorations.code.tex
(c:/Users/Dell/AppData/Roaming/TinyTeX/texmf-dist/tex/generic/pgf/modules/pgfmo
duledecorations.code.tex
\pgfdecoratedcompleteddistance=\dimen323
\pgfdecoratedremainingdistance=\dimen324
\pgfdecoratedinputsegmentcompleteddistance=\dimen325
\pgfdecoratedinputsegmentremainingdistance=\dimen326
\pgf@decorate@distancetomove=\dimen327
\pgf@decorate@repeatstate=\count341
\pgfdecorationsegmentamplitude=\dimen328
\pgfdecorationsegmentlength=\dimen329
)
\tikz@lib@dec@box=\box85
)
(c:/Users/Dell/AppData/Roaming/TinyTeX/texmf-dist/tex/generic/pgf/libraries/dec
orations/pgflibrarydecorations.pathreplacing.code.tex))
(c:/Users/Dell/AppData/Roaming/TinyTeX/texmf-dist/tex/generic/pgf/frontendlayer
/tikz/libraries/tikzlibrarycalc.code.tex
File: tikzlibrarycalc.code.tex 2021/05/15 v3.1.9a (3.1.9a)
)
\cslhangindent=\skip122
\csllabelwidth=\skip123
(c:/Users/Dell/AppData/Roaming/TinyTeX/texmf-dist/tex/latex/tools/calc.sty
Package: calc 2017/05/25 v4.3 Infix arithmetic (KKT,FJ)
\calc@Acount=\count342
\calc@Bcount=\count343
\calc@Adimen=\dimen330
\calc@Bdimen=\dimen331
\calc@Askip=\skip124
\calc@Bskip=\skip125
LaTeX Info: Redefining \setlength on input line 80.
LaTeX Info: Redefining \addtolength on input line 81.
\calc@Ccount=\count344
\calc@Cskip=\skip126
)
(c:/Users/Dell/AppData/Roaming/TinyTeX/texmf-dist/tex/latex/l3backend/l3backend
-pdftex.def
File: l3backend-pdftex.def 2021-05-07 L3 backend support: PDF output (pdfTeX)
\l__color_backend_stack_int=\count345
\l__pdf_internal_box=\box86
) (./Tesis.aux
LaTeX Info: Redefining \. on input line 25.
LaTeX Info: Redefining \% on input line 25.
)
\openout1 = `Tesis.aux'.

LaTeX Font Info:    Checking defaults for OML/cmm/m/it on input line 323.
LaTeX Font Info:    ... okay on input line 323.
LaTeX Font Info:    Checking defaults for OMS/cmsy/m/n on input line 323.
LaTeX Font Info:    ... okay on input line 323.
LaTeX Font Info:    Checking defaults for OT1/cmr/m/n on input line 323.
LaTeX Font Info:    ... okay on input line 323.
LaTeX Font Info:    Checking defaults for T1/cmr/m/n on input line 323.
LaTeX Font Info:    ... okay on input line 323.
LaTeX Font Info:    Checking defaults for TS1/cmr/m/n on input line 323.
LaTeX Font Info:    ... okay on input line 323.
LaTeX Font Info:    Checking defaults for OMX/cmex/m/n on input line 323.
LaTeX Font Info:    ... okay on input line 323.
LaTeX Font Info:    Checking defaults for U/cmr/m/n on input line 323.
LaTeX Font Info:    ... okay on input line 323.
LaTeX Font Info:    Checking defaults for PD1/pdf/m/n on input line 323.
LaTeX Font Info:    ... okay on input line 323.
LaTeX Font Info:    Checking defaults for PU/pdf/m/n on input line 323.
LaTeX Font Info:    ... okay on input line 323.

(c:/Users/Dell/AppData/Roaming/TinyTeX/texmf-dist/tex/latex/epstopdf-pkg/epstop
df-base.sty
Package: epstopdf-base 2020-01-24 v2.11 Base part for package epstopdf
Package epstopdf-base Info: Redefining graphics rule for `.eps' on input line 4
85.

(c:/Users/Dell/AppData/Roaming/TinyTeX/texmf-dist/tex/latex/latexconfig/epstopd
f-sys.cfg
File: epstopdf-sys.cfg 2010/07/13 v1.3 Configuration of (r)epstopdf for TeX Liv
e
))
Package hyperref Info: Link coloring ON on input line 323.

(c:/Users/Dell/AppData/Roaming/TinyTeX/texmf-dist/tex/latex/hyperref/nameref.st
y
Package: nameref 2021-04-02 v2.47 Cross-referencing by name of section

(c:/Users/Dell/AppData/Roaming/TinyTeX/texmf-dist/tex/latex/refcount/refcount.s
ty
Package: refcount 2019/12/15 v3.6 Data extraction from label references (HO)
)
(c:/Users/Dell/AppData/Roaming/TinyTeX/texmf-dist/tex/generic/gettitlestring/ge
ttitlestring.sty
Package: gettitlestring 2019/12/15 v1.6 Cleanup title references (HO)
)
\c@section@level=\count346
)
LaTeX Info: Redefining \ref on input line 323.
LaTeX Info: Redefining \pageref on input line 323.
LaTeX Info: Redefining \nameref on input line 323.
(./Tesis.out) (./Tesis.out)
\@outlinefile=\write5
\openout5 = `Tesis.out'.

*geometry* driver: auto-detecting
*geometry* detected driver: pdftex
*geometry* verbose mode - [ preamble ] result:
* driver: pdftex
* paper: a4paper
* layout: <same size as paper>
* layoutoffset:(h,v)=(0.0pt,0.0pt)
* modes: 
* h-part:(L,W,R)=(99.58464pt, 426.79135pt, 71.13188pt)
* v-part:(T,H,B)=(72.26999pt, 730.09773pt, 42.67912pt)
* \paperwidth=597.50787pt
* \paperheight=845.04684pt
* \textwidth=426.79135pt
* \textheight=730.09773pt
* \oddsidemargin=27.31465pt
* \evensidemargin=27.31465pt
* \topmargin=-37.0pt
* \headheight=21.9pt
* \headsep=25.0pt
* \topskip=10.0pt
* \footskip=20.0pt
* \marginparwidth=65.0pt
* \marginparsep=11.0pt
* \columnsep=10.0pt
* \skip\footins=9.0pt plus 4.0pt minus 2.0pt
* \hoffset=0.0pt
* \voffset=0.0pt
* \mag=1000
* \@twocolumnfalse
* \@twosidefalse
* \@mparswitchfalse
* \@reversemarginfalse
* (1in=72.27pt=25.4mm, 1cm=28.453pt)

LaTeX Info: Redefining \. on input line 323.
LaTeX Info: Redefining \% on input line 323.
Package caption Info: Begin \AtBeginDocument code.
Package caption Info: float package is loaded.
Package caption Info: floatrow package is loaded.
Package caption Info: longtable package is loaded.

(c:/Users/Dell/AppData/Roaming/TinyTeX/texmf-dist/tex/latex/caption/ltcaption.s
ty
Package: ltcaption 2020/05/30 v1.4b longtable captions (AR)
)
Package caption Info: Fixing longtable code of `floatrow' package.
Package caption Info: threeparttable package is loaded.
Package caption Info: wrapfig package is loaded.
Package caption Info: End \AtBeginDocument code.

(c:/Users/Dell/AppData/Roaming/TinyTeX/texmf-dist/tex/latex/floatrow/fr-longtab
le.sty
Package: fr-longtable 2007/11/28 v0.1b (beta) floatrow: additions for longtable

\flrow@LT@lasthead=\box87
\flrow@LT@prelastfoot=\box88
\c@FBLTpage=\count347
)
LaTeX Font Info:    Trying to load font information for OT1+lmr on input line 3
25.
(c:/Users/Dell/AppData/Roaming/TinyTeX/texmf-dist/tex/latex/lm/ot1lmr.fd
File: ot1lmr.fd 2015/05/01 v1.6.1 Font defs for Latin Modern
)
LaTeX Font Info:    Trying to load font information for OML+lmm on input line 3
25.
(c:/Users/Dell/AppData/Roaming/TinyTeX/texmf-dist/tex/latex/lm/omllmm.fd
File: omllmm.fd 2015/05/01 v1.6.1 Font defs for Latin Modern
)
LaTeX Font Info:    Trying to load font information for OMS+lmsy on input line 
325.
(c:/Users/Dell/AppData/Roaming/TinyTeX/texmf-dist/tex/latex/lm/omslmsy.fd
File: omslmsy.fd 2015/05/01 v1.6.1 Font defs for Latin Modern
)
LaTeX Font Info:    Trying to load font information for OMX+lmex on input line 
325.
(c:/Users/Dell/AppData/Roaming/TinyTeX/texmf-dist/tex/latex/lm/omxlmex.fd
File: omxlmex.fd 2015/05/01 v1.6.1 Font defs for Latin Modern
)
LaTeX Font Info:    External font `lmex10' loaded for size
(Font)              <12> on input line 325.
LaTeX Font Info:    External font `lmex10' loaded for size
(Font)              <8> on input line 325.
LaTeX Font Info:    External font `lmex10' loaded for size
(Font)              <6> on input line 325.
LaTeX Font Info:    Trying to load font information for U+msa on input line 325
.
(c:/Users/Dell/AppData/Roaming/TinyTeX/texmf-dist/tex/latex/amsfonts/umsa.fd
File: umsa.fd 2013/01/14 v3.01 AMS symbols A
)
LaTeX Font Info:    Trying to load font information for U+msb on input line 325
.
(c:/Users/Dell/AppData/Roaming/TinyTeX/texmf-dist/tex/latex/amsfonts/umsb.fd
File: umsb.fd 2013/01/14 v3.01 AMS symbols B
) [1

{c:/Users/Dell/AppData/Roaming/TinyTeX/texmf-var/fonts/map/pdftex/updmap/pdftex
.map}] [1

] [2

] [3

] (./Tesis.toc
LaTeX Info: Redefining \. on input line 1.
LaTeX Info: Redefining \% on input line 1.
LaTeX Font Info:    External font `lmex10' loaded for size
(Font)              <10> on input line 2.
LaTeX Font Info:    External font `lmex10' loaded for size
(Font)              <7> on input line 2.
LaTeX Font Info:    External font `lmex10' loaded for size
(Font)              <5> on input line 2.

LaTeX Font Warning: Font shape `T1/lmr/bx/sc' undefined
(Font)              using `T1/lmr/bx/n' instead on input line 2.


Package spanish Warning: Replacing `T1/lmr/bx/sc' by 
(spanish)                faked small caps on input line 2.


Package spanish Warning: Replacing `T1/lmr/bx/sc' by 
(spanish)                faked small caps on input line 3.

[4

])
\tf@toc=\write6
\openout6 = `Tesis.toc'.

(./Tesis.lot
LaTeX Info: Redefining \. on input line 1.
LaTeX Info: Redefining \% on input line 1.
)
\tf@lot=\write7
\openout7 = `Tesis.lot'.

(./Tesis.lof
LaTeX Info: Redefining \. on input line 1.
LaTeX Info: Redefining \% on input line 1.
[5])
\tf@lof=\write8
\openout8 = `Tesis.lof'.

[6] [1

] [2

] [3

]
LaTeX Font Info:    Trying to load font information for T1+lmtt on input line 4
90.
(c:/Users/Dell/AppData/Roaming/TinyTeX/texmf-dist/tex/latex/lm/t1lmtt.fd
File: t1lmtt.fd 2015/05/01 v1.6.1 Font defs for Latin Modern
) [4] [5] [6] [7]
<Tesis_files/figure-latex/ejemplo_aditiva-1.jpeg, id=423, 469.755pt x 325.215pt
>
File: Tesis_files/figure-latex/ejemplo_aditiva-1.jpeg Graphic file (type jpg)
<use Tesis_files/figure-latex/ejemplo_aditiva-1.jpeg>
Package pdftex.def Info: Tesis_files/figure-latex/ejemplo_aditiva-1.jpeg  used 
on input line 698.
(pdftex.def)             Requested size: 426.78961pt x 295.46973pt.
<Tesis_files/figure-latex/ejemplo_multiplicativa-1.jpeg, id=424, 469.755pt x 32
5.215pt>
File: Tesis_files/figure-latex/ejemplo_multiplicativa-1.jpeg Graphic file (type
 jpg)
<use Tesis_files/figure-latex/ejemplo_multiplicativa-1.jpeg>
Package pdftex.def Info: Tesis_files/figure-latex/ejemplo_multiplicativa-1.jpeg
  used on input line 702.
(pdftex.def)             Requested size: 426.78961pt x 295.46973pt.

LaTeX Warning: `!h' float specifier changed to `!ht'.

<Tesis_files/figure-latex/ejemplo_tendencia-1.jpeg, id=428, 469.755pt x 325.215
pt>
File: Tesis_files/figure-latex/ejemplo_tendencia-1.jpeg Graphic file (type jpg)

<use Tesis_files/figure-latex/ejemplo_tendencia-1.jpeg>
Package pdftex.def Info: Tesis_files/figure-latex/ejemplo_tendencia-1.jpeg  use
d on input line 718.
(pdftex.def)             Requested size: 426.78961pt x 295.46973pt.

LaTeX Warning: `!h' float specifier changed to `!ht'.

[8 <./Tesis_files/figure-latex/ejemplo_aditiva-1.jpeg>] [9 <./Tesis_files/figur
e-latex/ejemplo_multiplicativa-1.jpeg> <./Tesis_files/figure-latex/ejemplo_tend
encia-1.jpeg>]
<Tesis_files/figure-latex/ejemplo_ciclo-1.jpeg, id=443, 469.755pt x 325.215pt>
File: Tesis_files/figure-latex/ejemplo_ciclo-1.jpeg Graphic file (type jpg)
<use Tesis_files/figure-latex/ejemplo_ciclo-1.jpeg>
Package pdftex.def Info: Tesis_files/figure-latex/ejemplo_ciclo-1.jpeg  used on
 input line 740.
(pdftex.def)             Requested size: 426.78961pt x 295.46973pt.
[10 <./Tesis_files/figure-latex/ejemplo_ciclo-1.jpeg>] [11] [12] [13]
Overfull \hbox (3.64937pt too wide) detected at line 995
[]\OML/lmm/m/it/10 ^^M[] \OT1/lmr/m/n/10 = \OML/lmm/m/it/10 E [] \OT1/lmr/m/n/1
0 = \OML/lmm/m/it/10 ^^^[]^^M[] \OT1/lmr/m/n/10 + \OML/lmm/m/it/10 ^^^[]^^M[] \
OT1/lmr/m/n/10 + [] + \OML/lmm/m/it/10 ^^^[]^^M[]
 []

[14] [15] [16] [17] [18]
<Tesis_files/figure-latex/ejemplo_ucr-1.jpeg, id=615, 469.755pt x 325.215pt>
File: Tesis_files/figure-latex/ejemplo_ucr-1.jpeg Graphic file (type jpg)
<use Tesis_files/figure-latex/ejemplo_ucr-1.jpeg>
Package pdftex.def Info: Tesis_files/figure-latex/ejemplo_ucr-1.jpeg  used on i
nput line 1333.
(pdftex.def)             Requested size: 426.78961pt x 295.46973pt.

LaTeX Warning: `!h' float specifier changed to `!ht'.


LaTeX Warning: Reference `fig:parcial:ucr1' on page 19 undefined on input line 
1341.

[19]
<Tesis_files/figure-latex/auto_ucr1-1.jpeg, id=623, 469.755pt x 325.215pt>
File: Tesis_files/figure-latex/auto_ucr1-1.jpeg Graphic file (type jpg)
<use Tesis_files/figure-latex/auto_ucr1-1.jpeg>
Package pdftex.def Info: Tesis_files/figure-latex/auto_ucr1-1.jpeg  used on inp
ut line 1346.
(pdftex.def)             Requested size: 426.78961pt x 295.46973pt.
<Tesis_files/figure-latex/parcial_ucr1-1.jpeg, id=624, 469.755pt x 325.215pt>
File: Tesis_files/figure-latex/parcial_ucr1-1.jpeg Graphic file (type jpg)
<use Tesis_files/figure-latex/parcial_ucr1-1.jpeg>
Package pdftex.def Info: Tesis_files/figure-latex/parcial_ucr1-1.jpeg  used on 
input line 1350.
(pdftex.def)             Requested size: 426.78961pt x 295.46973pt.

LaTeX Warning: `!h' float specifier changed to `!ht'.

[20 <./Tesis_files/figure-latex/ejemplo_ucr-1.jpeg> <./Tesis_files/figure-latex
/auto_ucr1-1.jpeg>]
<Tesis_files/figure-latex/ejemplo_ucr_diferenciada-1.jpeg, id=635, 469.755pt x 
325.215pt>
File: Tesis_files/figure-latex/ejemplo_ucr_diferenciada-1.jpeg Graphic file (ty
pe jpg)
<use Tesis_files/figure-latex/ejemplo_ucr_diferenciada-1.jpeg>
Package pdftex.def Info: Tesis_files/figure-latex/ejemplo_ucr_diferenciada-1.jp
eg  used on input line 1367.
(pdftex.def)             Requested size: 426.78961pt x 295.46973pt.

LaTeX Warning: `!h' float specifier changed to `!ht'.

<Tesis_files/figure-latex/auto_ucr2-1.jpeg, id=636, 469.755pt x 325.215pt>
File: Tesis_files/figure-latex/auto_ucr2-1.jpeg Graphic file (type jpg)
<use Tesis_files/figure-latex/auto_ucr2-1.jpeg>
Package pdftex.def Info: Tesis_files/figure-latex/auto_ucr2-1.jpeg  used on inp
ut line 1371.
(pdftex.def)             Requested size: 426.78961pt x 295.46973pt.

LaTeX Warning: `!h' float specifier changed to `!ht'.

<Tesis_files/figure-latex/parcial_ucr2-1.jpeg, id=637, 469.755pt x 325.215pt>
File: Tesis_files/figure-latex/parcial_ucr2-1.jpeg Graphic file (type jpg)
<use Tesis_files/figure-latex/parcial_ucr2-1.jpeg>
Package pdftex.def Info: Tesis_files/figure-latex/parcial_ucr2-1.jpeg  used on 
input line 1375.
(pdftex.def)             Requested size: 426.78961pt x 295.46973pt.

LaTeX Warning: `!h' float specifier changed to `!ht'.

[21 <./Tesis_files/figure-latex/parcial_ucr1-1.jpeg>] [22 <./Tesis_files/figure
-latex/ejemplo_ucr_diferenciada-1.jpeg> <./Tesis_files/figure-latex/auto_ucr2-1
.jpeg>] [23 <./Tesis_files/figure-latex/parcial_ucr2-1.jpeg>] [24] [25]
Missing character: There is no ; in font nullfont!
Missing character: There is no ; in font nullfont!
[26] [27] [28]
<Tesis_files/figure-latex/datos_simulados-1.jpeg, id=732, 469.755pt x 325.215pt
>
File: Tesis_files/figure-latex/datos_simulados-1.jpeg Graphic file (type jpg)
<use Tesis_files/figure-latex/datos_simulados-1.jpeg>
Package pdftex.def Info: Tesis_files/figure-latex/datos_simulados-1.jpeg  used 
on input line 1700.
(pdftex.def)             Requested size: 426.78961pt x 295.46973pt.

LaTeX Warning: `!h' float specifier changed to `!ht'.

<Tesis_files/figure-latex/series_simuladas-1.jpeg, id=734, 469.755pt x 325.215p
t>
File: Tesis_files/figure-latex/series_simuladas-1.jpeg Graphic file (type jpg)
<use Tesis_files/figure-latex/series_simuladas-1.jpeg>
Package pdftex.def Info: Tesis_files/figure-latex/series_simuladas-1.jpeg  used
 on input line 1708.
(pdftex.def)             Requested size: 426.78961pt x 295.46973pt.

LaTeX Warning: `!h' float specifier changed to `!ht'.

[29] [30 <./Tesis_files/figure-latex/datos_simulados-1.jpeg> <./Tesis_files/fig
ure-latex/series_simuladas-1.jpeg>]
Overfull \hbox (20.07953pt too wide) in paragraph at lines 1783--1783
 []\T1/lmr/m/n/5 ARIMA(0,0,1)(0,1,1)[12]|
 []


Overfull \hbox (20.07953pt too wide) in paragraph at lines 1783--1783
 []\T1/lmr/m/n/5 ARIMA(0,0,1)(0,1,1)[12]|
 []


Overfull \hbox (2.07954pt too wide) in paragraph at lines 1783--1783
 []|\T1/lmr/m/n/5 ARIMA(0,0,1)(0,1,1)[12]|
 []


Overfull \hbox (20.07953pt too wide) in paragraph at lines 1783--1783
 []\T1/lmr/m/n/5 ARIMA(1,1,1)(1,1,1)[12]|
 []


Overfull \hbox (20.07953pt too wide) in paragraph at lines 1783--1783
 []\T1/lmr/m/n/5 ARIMA(2,0,4)(0,0,2)[12]|
 []


Overfull \hbox (20.07953pt too wide) in paragraph at lines 1783--1783
 []\T1/lmr/m/n/5 ARIMA(2,1,3)(0,1,3)[12]|
 []


Overfull \hbox (2.07954pt too wide) in paragraph at lines 1783--1783
 []|\T1/lmr/m/n/5 ARIMA(2,1,4)(3,0,3)[12]|
 []


Overfull \hbox (20.07953pt too wide) in paragraph at lines 1783--1783
 []\T1/lmr/m/n/5 ARIMA(1,1,1)(1,1,1)[12]|
 []

[31]
<Tesis_files/figure-latex/tmiiplotgeneral-1.jpeg, id=772, 469.755pt x 325.215pt
>
File: Tesis_files/figure-latex/tmiiplotgeneral-1.jpeg Graphic file (type jpg)
<use Tesis_files/figure-latex/tmiiplotgeneral-1.jpeg>
Package pdftex.def Info: Tesis_files/figure-latex/tmiiplotgeneral-1.jpeg  used 
on input line 1849.
(pdftex.def)             Requested size: 426.78961pt x 295.46973pt.

LaTeX Warning: `!h' float specifier changed to `!ht'.

[32]
<Tesis_files/figure-latex/tmiiplotperiodos-1.jpeg, id=785, 469.755pt x 325.215p
t>
File: Tesis_files/figure-latex/tmiiplotperiodos-1.jpeg Graphic file (type jpg)
<use Tesis_files/figure-latex/tmiiplotperiodos-1.jpeg>
Package pdftex.def Info: Tesis_files/figure-latex/tmiiplotperiodos-1.jpeg  used
 on input line 1871.
(pdftex.def)             Requested size: 426.78961pt x 295.46973pt.

LaTeX Warning: `!h' float specifier changed to `!ht'.

<Tesis_files/figure-latex/tmiiplotdescomposicion-1.jpeg, id=788, 469.755pt x 32
5.215pt>
File: Tesis_files/figure-latex/tmiiplotdescomposicion-1.jpeg Graphic file (type
 jpg)
<use Tesis_files/figure-latex/tmiiplotdescomposicion-1.jpeg>
Package pdftex.def Info: Tesis_files/figure-latex/tmiiplotdescomposicion-1.jpeg
  used on input line 1884.
(pdftex.def)             Requested size: 426.78961pt x 295.46973pt.

LaTeX Warning: `!h' float specifier changed to `!ht'.


LaTeX Warning: `!h' float specifier changed to `!ht'.

<Tesis_files/figure-latex/tmiiplotpronostico-1.jpeg, id=791, 469.755pt x 325.21
5pt>
File: Tesis_files/figure-latex/tmiiplotpronostico-1.jpeg Graphic file (type jpg
)
<use Tesis_files/figure-latex/tmiiplotpronostico-1.jpeg>
Package pdftex.def Info: Tesis_files/figure-latex/tmiiplotpronostico-1.jpeg  us
ed on input line 1914.
(pdftex.def)             Requested size: 426.78961pt x 295.46973pt.

LaTeX Warning: `!h' float specifier changed to `!ht'.

[33 <./Tesis_files/figure-latex/tmiiplotgeneral-1.jpeg>] [34 <./Tesis_files/fig
ure-latex/tmiiplotperiodos-1.jpeg> <./Tesis_files/figure-latex/tmiiplotdescompo
sicion-1.jpeg>] [35 <./Tesis_files/figure-latex/tmiiplotpronostico-1.jpeg>]
<Tesis_files/figure-latex/externaplotgeneral-1.jpeg, id=813, 469.755pt x 325.21
5pt>
File: Tesis_files/figure-latex/externaplotgeneral-1.jpeg Graphic file (type jpg
)
<use Tesis_files/figure-latex/externaplotgeneral-1.jpeg>
Package pdftex.def Info: Tesis_files/figure-latex/externaplotgeneral-1.jpeg  us
ed on input line 1966.
(pdftex.def)             Requested size: 426.78961pt x 295.46973pt.
[36 <./Tesis_files/figure-latex/externaplotgeneral-1.jpeg>]
<Tesis_files/figure-latex/externasplotperiodos-1.jpeg, id=825, 469.755pt x 325.
215pt>
File: Tesis_files/figure-latex/externasplotperiodos-1.jpeg Graphic file (type j
pg)
<use Tesis_files/figure-latex/externasplotperiodos-1.jpeg>
Package pdftex.def Info: Tesis_files/figure-latex/externasplotperiodos-1.jpeg  
used on input line 1983.
(pdftex.def)             Requested size: 426.78961pt x 295.46973pt.
<Tesis_files/figure-latex/externasplotdescomposicion-1.jpeg, id=827, 469.755pt 
x 325.215pt>
File: Tesis_files/figure-latex/externasplotdescomposicion-1.jpeg Graphic file (
type jpg)
<use Tesis_files/figure-latex/externasplotdescomposicion-1.jpeg>
Package pdftex.def Info: Tesis_files/figure-latex/externasplotdescomposicion-1.
jpeg  used on input line 1995.
(pdftex.def)             Requested size: 426.78961pt x 295.46973pt.

LaTeX Warning: `!h' float specifier changed to `!ht'.

<Tesis_files/figure-latex/externasplotpronostico-1.jpeg, id=830, 469.755pt x 32
5.215pt>
File: Tesis_files/figure-latex/externasplotpronostico-1.jpeg Graphic file (type
 jpg)
<use Tesis_files/figure-latex/externasplotpronostico-1.jpeg>
Package pdftex.def Info: Tesis_files/figure-latex/externasplotpronostico-1.jpeg
  used on input line 2023.
(pdftex.def)             Requested size: 426.78961pt x 295.46973pt.

LaTeX Warning: `!h' float specifier changed to `!ht'.

[37 <./Tesis_files/figure-latex/externasplotperiodos-1.jpeg>] [38 <./Tesis_file
s/figure-latex/externasplotdescomposicion-1.jpeg> <./Tesis_files/figure-latex/e
xternasplotpronostico-1.jpeg>]
<Tesis_files/figure-latex/incentivosplotgeneral-1.jpeg, id=842, 469.755pt x 325
.215pt>
File: Tesis_files/figure-latex/incentivosplotgeneral-1.jpeg Graphic file (type 
jpg)
<use Tesis_files/figure-latex/incentivosplotgeneral-1.jpeg>
Package pdftex.def Info: Tesis_files/figure-latex/incentivosplotgeneral-1.jpeg 
 used on input line 2052.
(pdftex.def)             Requested size: 426.78961pt x 295.46973pt.
<Tesis_files/figure-latex/incentivosplotperiodos-1.jpeg, id=843, 469.755pt x 32
5.215pt>
File: Tesis_files/figure-latex/incentivosplotperiodos-1.jpeg Graphic file (type
 jpg)
<use Tesis_files/figure-latex/incentivosplotperiodos-1.jpeg>
Package pdftex.def Info: Tesis_files/figure-latex/incentivosplotperiodos-1.jpeg
  used on input line 2056.
(pdftex.def)             Requested size: 426.78961pt x 295.46973pt.

LaTeX Warning: `!h' float specifier changed to `!ht'.

<Tesis_files/figure-latex/incentivosplotdescomposicion-1.jpeg, id=845, 469.755p
t x 325.215pt>
File: Tesis_files/figure-latex/incentivosplotdescomposicion-1.jpeg Graphic file
 (type jpg)
<use Tesis_files/figure-latex/incentivosplotdescomposicion-1.jpeg>
Package pdftex.def Info: Tesis_files/figure-latex/incentivosplotdescomposicion-
1.jpeg  used on input line 2069.
(pdftex.def)             Requested size: 426.78961pt x 295.46973pt.

LaTeX Warning: `!h' float specifier changed to `!ht'.


Underfull \hbox (badness 1028) in paragraph at lines 2072--2079
[]\T1/lmr/m/n/10 Nuevamente, se ajus-ta-ron dos mo-de-los ARI-MA, el pri-me-ro 
de ellos me-dian-te la fun-cin
 []

[39 <./Tesis_files/figure-latex/incentivosplotgeneral-1.jpeg>]

LaTeX Warning: `!h' float specifier changed to `!ht'.

<Tesis_files/figure-latex/incentivosplotpronostico-1.jpeg, id=852, 469.755pt x 
325.215pt>
File: Tesis_files/figure-latex/incentivosplotpronostico-1.jpeg Graphic file (ty
pe jpg)
<use Tesis_files/figure-latex/incentivosplotpronostico-1.jpeg>
Package pdftex.def Info: Tesis_files/figure-latex/incentivosplotpronostico-1.jp
eg  used on input line 2096.
(pdftex.def)             Requested size: 426.78961pt x 295.46973pt.

LaTeX Warning: `!h' float specifier changed to `!ht'.

[40 <./Tesis_files/figure-latex/incentivosplotperiodos-1.jpeg> <./Tesis_files/f
igure-latex/incentivosplotdescomposicion-1.jpeg>] [41 <./Tesis_files/figure-lat
ex/incentivosplotpronostico-1.jpeg>]
<Tesis_files/figure-latex/interesesplotgeneral-1.jpeg, id=864, 469.755pt x 325.
215pt>
File: Tesis_files/figure-latex/interesesplotgeneral-1.jpeg Graphic file (type j
pg)
<use Tesis_files/figure-latex/interesesplotgeneral-1.jpeg>
Package pdftex.def Info: Tesis_files/figure-latex/interesesplotgeneral-1.jpeg  
used on input line 2142.
(pdftex.def)             Requested size: 426.78961pt x 295.46973pt.
<Tesis_files/figure-latex/interesesplotperiodos-1.jpeg, id=865, 469.755pt x 325
.215pt>
File: Tesis_files/figure-latex/interesesplotperiodos-1.jpeg Graphic file (type 
jpg)
<use Tesis_files/figure-latex/interesesplotperiodos-1.jpeg>
Package pdftex.def Info: Tesis_files/figure-latex/interesesplotperiodos-1.jpeg 
 used on input line 2146.
(pdftex.def)             Requested size: 426.78961pt x 295.46973pt.

LaTeX Warning: `!h' float specifier changed to `!ht'.

<Tesis_files/figure-latex/interesesplotdescomposicion-1.jpeg, id=867, 469.755pt
 x 325.215pt>
File: Tesis_files/figure-latex/interesesplotdescomposicion-1.jpeg Graphic file 
(type jpg)
<use Tesis_files/figure-latex/interesesplotdescomposicion-1.jpeg>
Package pdftex.def Info: Tesis_files/figure-latex/interesesplotdescomposicion-1
.jpeg  used on input line 2159.
(pdftex.def)             Requested size: 426.78961pt x 295.46973pt.

LaTeX Warning: `!h' float specifier changed to `!ht'.


Underfull \hbox (badness 1117) in paragraph at lines 2162--2171
[]\T1/lmr/m/n/10 Por l-ti-mo, los mo-de-los ajus-ta-dos pa-ra pro-nos-ti-car l
os in-tere-ses y co-mi-sio-nes del sec-tor
 []

[42 <./Tesis_files/figure-latex/interesesplotgeneral-1.jpeg>]

LaTeX Warning: `!h' float specifier changed to `!ht'.

<Tesis_files/figure-latex/interesesplotpronostico-1.jpeg, id=875, 469.755pt x 3
25.215pt>
File: Tesis_files/figure-latex/interesesplotpronostico-1.jpeg Graphic file (typ
e jpg)
<use Tesis_files/figure-latex/interesesplotpronostico-1.jpeg>
Package pdftex.def Info: Tesis_files/figure-latex/interesesplotpronostico-1.jpe
g  used on input line 2188.
(pdftex.def)             Requested size: 426.78961pt x 295.46973pt.

LaTeX Warning: `!h' float specifier changed to `!ht'.

[43 <./Tesis_files/figure-latex/interesesplotperiodos-1.jpeg> <./Tesis_files/fi
gure-latex/interesesplotdescomposicion-1.jpeg>] [44 <./Tesis_files/figure-latex
/interesesplotpronostico-1.jpeg>] [45]

Package caption Warning: \captionsetup{type*=...} or \captionof
(caption)                outside box or environment on input line 2260.
See the caption package documentation for explanation.


Package caption Warning: The option `hypcap=true' will be ignored for this
(caption)                particular \caption on input line 2260.
See the caption package documentation for explanation.

Package hyperref Info: bookmark level for unknown chunk defaults to 0 on input 
line 2260.
LaTeX Font Info:    Font shape `T1/lmtt/bx/n' in size <10> not available
(Font)              Font shape `T1/lmtt/b/n' tried instead on input line 2264.
LaTeX Font Info:    Trying to load font information for TS1+lmtt on input line 
2437.
(c:/Users/Dell/AppData/Roaming/TinyTeX/texmf-dist/tex/latex/lm/ts1lmtt.fd
File: ts1lmtt.fd 2015/05/01 v1.6.1 Font defs for Latin Modern
)
Underfull \vbox (badness 10000) detected at line 2443
 []

[46]
Underfull \vbox (badness 10000) detected at line 2443
 []


Underfull \vbox (badness 10000) detected at line 2443
 []

[47]
Underfull \vbox (badness 10000) detected at line 2443
 []


Underfull \vbox (badness 10000) detected at line 2443
 []

[48]
Underfull \vbox (badness 10000) detected at line 2443
 []


Underfull \vbox (badness 10000) detected at line 2443
 []

[49]
Underfull \vbox (badness 10000) detected at line 2443
 []


Underfull \vbox (badness 10000) detected at line 2443
 []

[50]

Package caption Warning: The option `hypcap=true' will be ignored for this
(caption)                particular \caption on input line 2447.
See the caption package documentation for explanation.


Underfull \vbox (badness 3557) detected at line 2491
 []

[51] [52]
Underfull \hbox (badness 1072) in paragraph at lines 2542--2547
[][]\T1/lmr/m/n/10 Caldern, C. E. (2012). Es-ta-ds-ti-ca pa-ra Es-tu-dian-tes
 de Ad-mi-nis-tra-cin de Em-pre-sas de
 []


Underfull \hbox (badness 1742) in paragraph at lines 2542--2547
\T1/lmr/m/n/10 la Uni-ver-si-dad Na-cio-nal del Ca-llao. \T1/lmr/m/it/10 Edi-to
-rial San Mar-cos, 2da Edi-cin, Li-ma Pe-r\T1/lmr/m/n/10 .
 []

[53]
Underfull \hbox (badness 7151) in paragraph at lines 2582--2586
[][]\T1/lmr/m/n/10 Elmabrouk, O. M. (s. f.). \T1/lmr/m/it/10 Mea-su-ring Re-lia
-bi-lity of Sta-tio-nary Sto-chas-tic Pro-ces-ses\T1/lmr/m/n/10 .
 []

LaTeX Font Info:    Trying to load font information for TS1+lmr on input line 2
613.
(c:/Users/Dell/AppData/Roaming/TinyTeX/texmf-dist/tex/latex/lm/ts1lmr.fd
File: ts1lmr.fd 2015/05/01 v1.6.1 Font defs for Latin Modern
)
Underfull \hbox (badness 4543) in paragraph at lines 2611--2615
[][]\T1/lmr/m/n/10 Hernndez, O. (2011a). \T1/lmr/m/it/10 In-tro-duc-cin a las
 Se-ries Cro-no-l-gi-cas \T1/lmr/m/n/10 (1.\TS1/lmr/m/n/10  \T1/lmr/m/n/10 ed
.). Re-cu-pe-ra-do
 []


Underfull \hbox (badness 4846) in paragraph at lines 2616--2620
[][]\T1/lmr/m/n/10 Hernndez, O. (2011b). \T1/lmr/m/it/10 In-tro-duc-cin a las
 Se-ries Cro-no-l-gi-cas\T1/lmr/m/n/10 . Re-cu-pe-ra-do de [][]$http :
 []


Underfull \hbox (badness 10000) in paragraph at lines 2616--2620
\T1/lmr/m/n/10 / / www . editorial . ucr . ac . cr / ciencias -[] naturales -[]
 y -[] exactas / item / 1985 -[] introduccion -[] a -[] las -[] series -[]
 []

[54] [55] [56] (./Tesis.aux
LaTeX Info: Redefining \. on input line 25.
LaTeX Info: Redefining \% on input line 25.
)

LaTeX Font Warning: Some font shapes were not available, defaults substituted.


LaTeX Warning: There were undefined references.

Package rerunfilecheck Info: File `Tesis.out' has not changed.
(rerunfilecheck)             Checksum: 450B4193D9332B4B2B20AB97F09E494E;7859.
 ) 
Here is how much of TeX's memory you used:
 28350 strings out of 480438
 528046 string characters out of 5895649
 857833 words of memory out of 5000000
 45240 multiletter control sequences out of 15000+600000
 476397 words of font info for 78 fonts, out of 8000000 for 9000
 14 hyphenation exceptions out of 8191
 84i,17n,83p,1194b,911s stack positions out of 5000i,500n,10000p,200000b,80000s
pdfTeX warning (dest): name{Hfootnote.10} has been referenced but does not ex
ist, replaced by a fixed one

pdfTeX warning (dest): name{Hfootnote.9} has been referenced but does not exist
, replaced by a fixed one

pdfTeX warning (dest): name{Hfootnote.8} has been referenced but does not exist
, replaced by a fixed one

pdfTeX warning (dest): name{Hfootnote.7} has been referenced but does not exist
, replaced by a fixed one

pdfTeX warning (dest): name{Hfootnote.6} has been referenced but does not exist
, replaced by a fixed one

pdfTeX warning (dest): name{Hfootnote.5} has been referenced but does not exist
, replaced by a fixed one

pdfTeX warning (dest): name{Hfootnote.4} has been referenced but does not exist
, replaced by a fixed one

pdfTeX warning (dest): name{Hfootnote.3} has been referenced but does not exist
, replaced by a fixed one

pdfTeX warning (dest): name{Hfootnote.2} has been referenced but does not exist
, replaced by a fixed one

pdfTeX warning (dest): name{Hfootnote.1} has been referenced but does not exist
, replaced by a fixed one

{c:/Users/Dell/AppData/Roaming/TinyTeX/texmf-dist/fonts/enc/dvips/lm/lm-ts1.enc
}{c:/Users/Dell/AppData/Roaming/TinyTeX/texmf-dist/fonts/enc/dvips/lm/lm-ec.enc
}{c:/Users/Dell/AppData/Roaming/TinyTeX/texmf-dist/fonts/enc/dvips/lm/lm-rm.enc
}{c:/Users/Dell/AppData/Roaming/TinyTeX/texmf-dist/fonts/enc/dvips/lm/lm-mathsy
.enc}{c:/Users/Dell/AppData/Roaming/TinyTeX/texmf-dist/fonts/enc/dvips/lm/lm-ma
thit.enc}{c:/Users/Dell/AppData/Roaming/TinyTeX/texmf-dist/fonts/enc/dvips/lm/l
m-mathex.enc}<c:/Users/Dell/AppData/Roaming/TinyTeX/texmf-dist/fonts/type1/publ
ic/lm/lmbx10.pfb><c:/Users/Dell/AppData/Roaming/TinyTeX/texmf-dist/fonts/type1/
public/lm/lmbx12.pfb><c:/Users/Dell/AppData/Roaming/TinyTeX/texmf-dist/fonts/ty
pe1/public/lm/lmbx7.pfb><c:/Users/Dell/AppData/Roaming/TinyTeX/texmf-dist/fonts
/type1/public/lm/lmcsc10.pfb><c:/Users/Dell/AppData/Roaming/TinyTeX/texmf-dist/
fonts/type1/public/lm/lmex10.pfb><c:/Users/Dell/AppData/Roaming/TinyTeX/texmf-d
ist/fonts/type1/public/lm/lmmi10.pfb><c:/Users/Dell/AppData/Roaming/TinyTeX/tex
mf-dist/fonts/type1/public/lm/lmmi5.pfb><c:/Users/Dell/AppData/Roaming/TinyTeX/
texmf-dist/fonts/type1/public/lm/lmmi7.pfb><c:/Users/Dell/AppData/Roaming/TinyT
eX/texmf-dist/fonts/type1/public/lm/lmr10.pfb><c:/Users/Dell/AppData/Roaming/Ti
nyTeX/texmf-dist/fonts/type1/public/lm/lmr12.pfb><c:/Users/Dell/AppData/Roaming
/TinyTeX/texmf-dist/fonts/type1/public/lm/lmr17.pfb><c:/Users/Dell/AppData/Roam
ing/TinyTeX/texmf-dist/fonts/type1/public/lm/lmr5.pfb><c:/Users/Dell/AppData/Ro
aming/TinyTeX/texmf-dist/fonts/type1/public/lm/lmr6.pfb><c:/Users/Dell/AppData/
Roaming/TinyTeX/texmf-dist/fonts/type1/public/lm/lmr7.pfb><c:/Users/Dell/AppDat
a/Roaming/TinyTeX/texmf-dist/fonts/type1/public/lm/lmr8.pfb><c:/Users/Dell/AppD
ata/Roaming/TinyTeX/texmf-dist/fonts/type1/public/lm/lmri10.pfb><c:/Users/Dell/
AppData/Roaming/TinyTeX/texmf-dist/fonts/type1/public/lm/lmri8.pfb><c:/Users/De
ll/AppData/Roaming/TinyTeX/texmf-dist/fonts/type1/public/lm/lmsy10.pfb><c:/User
s/Dell/AppData/Roaming/TinyTeX/texmf-dist/fonts/type1/public/lm/lmsy5.pfb><c:/U
sers/Dell/AppData/Roaming/TinyTeX/texmf-dist/fonts/type1/public/lm/lmsy7.pfb><c
:/Users/Dell/AppData/Roaming/TinyTeX/texmf-dist/fonts/type1/public/lm/lmtk10.pf
b><c:/Users/Dell/AppData/Roaming/TinyTeX/texmf-dist/fonts/type1/public/lm/lmtt1
0.pfb><c:/Users/Dell/AppData/Roaming/TinyTeX/texmf-dist/fonts/type1/public/amsf
onts/symbols/msbm10.pfb>
Output written on Tesis.pdf (63 pages, 30046477 bytes).
PDF statistics:
 1192 PDF objects out of 1200 (max. 8388607)
 1037 compressed objects within 11 object streams
 241 named destinations out of 1000 (max. 500000)
 521 words of extra memory for PDF output out of 10000 (max. 10000000)

